TN:
SF:crates/conjure_core/src/context.rs
FN:74,<conjure_core::context::Context as core::fmt::Debug>::fmt::{closure#1}
FN:74,<conjure_core::context::Context as core::fmt::Debug>::fmt::{closure#1}
FN:36,<conjure_core::context::Context>::new
FN:70,<conjure_core::context::Context as core::fmt::Debug>::fmt
FN:73,<conjure_core::context::Context as core::fmt::Debug>::fmt::{closure#0}
FN:36,<conjure_core::context::Context>::new
FN:54,<conjure_core::context::Context>::new_ptr
FN:70,<conjure_core::context::Context as core::fmt::Debug>::fmt
FN:73,<conjure_core::context::Context as core::fmt::Debug>::fmt::{closure#0}
FN:70,<conjure_core::context::Context as core::fmt::Debug>::fmt
FN:73,<conjure_core::context::Context as core::fmt::Debug>::fmt::{closure#0}
FN:36,<conjure_core::context::Context>::new
FN:74,<conjure_core::context::Context as core::fmt::Debug>::fmt::{closure#1}
FN:54,<conjure_core::context::Context>::new_ptr
FN:54,<conjure_core::context::Context>::new_ptr
FNDA:0,<conjure_core::context::Context as core::fmt::Debug>::fmt::{closure#1}
FNDA:0,<conjure_core::context::Context as core::fmt::Debug>::fmt::{closure#1}
FNDA:0,<conjure_core::context::Context>::new
FNDA:0,<conjure_core::context::Context as core::fmt::Debug>::fmt
FNDA:0,<conjure_core::context::Context as core::fmt::Debug>::fmt::{closure#0}
FNDA:0,<conjure_core::context::Context>::new
FNDA:0,<conjure_core::context::Context>::new_ptr
FNDA:0,<conjure_core::context::Context as core::fmt::Debug>::fmt
FNDA:0,<conjure_core::context::Context as core::fmt::Debug>::fmt::{closure#0}
FNDA:0,<conjure_core::context::Context as core::fmt::Debug>::fmt
FNDA:0,<conjure_core::context::Context as core::fmt::Debug>::fmt::{closure#0}
FNDA:0,<conjure_core::context::Context>::new
FNDA:0,<conjure_core::context::Context as core::fmt::Debug>::fmt::{closure#1}
FNDA:0,<conjure_core::context::Context>::new_ptr
FNDA:0,<conjure_core::context::Context>::new_ptr
FNF:15
FNH:0
BRF:0
BRH:0
DA:36,0
DA:37,0
DA:38,0
DA:39,0
DA:40,0
DA:41,0
DA:42,0
DA:43,0
DA:44,0
DA:45,0
DA:46,0
DA:47,0
DA:48,0
DA:49,0
DA:50,0
DA:54,0
DA:55,0
DA:56,0
DA:57,0
DA:58,0
DA:59,0
DA:60,0
DA:61,0
DA:62,0
DA:63,0
DA:64,0
DA:65,0
DA:66,0
DA:70,0
DA:71,0
DA:72,0
DA:73,0
DA:74,0
DA:75,0
DA:76,0
DA:77,0
DA:78,0
DA:79,0
DA:80,0
DA:81,0
DA:82,0
DA:83,0
DA:84,0
DA:85,0
DA:86,0
LF:45
LH:0
end_of_record
SF:crates/conjure_core/src/rules/subsitute_lettings.rs
FN:32,conjure_core::rules::subsitute_lettings::CONJURE_GEN_RULE_SUBSTITUTE_DOMAIN_LETTINGS::__typecheck::{closure#0}::{closure#0}
FN:19,conjure_core::rules::subsitute_lettings::CONJURE_GEN_RULE_SUBSTITUTE_VALUE_LETTINGS::__typecheck::{closure#0}::{closure#0}
FN:19,conjure_core::rules::subsitute_lettings::CONJURE_GEN_RULE_SUBSTITUTE_VALUE_LETTINGS::__typecheck::{closure#0}::{closure#0}
FN:20,conjure_core::rules::subsitute_lettings::substitute_value_lettings
FN:19,conjure_core::rules::subsitute_lettings::CONJURE_GEN_RULE_SUBSTITUTE_VALUE_LETTINGS::__typecheck::{closure#0}::{closure#0}
FN:33,conjure_core::rules::subsitute_lettings::substitute_domain_lettings
FN:43,conjure_core::rules::subsitute_lettings::substitute_domain_lettings::{closure#0}
FN:43,conjure_core::rules::subsitute_lettings::substitute_domain_lettings::{closure#0}
FN:32,conjure_core::rules::subsitute_lettings::CONJURE_GEN_RULE_SUBSTITUTE_DOMAIN_LETTINGS::__typecheck::{closure#0}::{closure#0}
FN:33,conjure_core::rules::subsitute_lettings::substitute_domain_lettings
FN:20,conjure_core::rules::subsitute_lettings::substitute_value_lettings
FN:43,conjure_core::rules::subsitute_lettings::substitute_domain_lettings::{closure#0}
FN:20,conjure_core::rules::subsitute_lettings::substitute_value_lettings
FN:32,conjure_core::rules::subsitute_lettings::CONJURE_GEN_RULE_SUBSTITUTE_DOMAIN_LETTINGS::__typecheck::{closure#0}::{closure#0}
FN:33,conjure_core::rules::subsitute_lettings::substitute_domain_lettings
FNDA:0,conjure_core::rules::subsitute_lettings::CONJURE_GEN_RULE_SUBSTITUTE_DOMAIN_LETTINGS::__typecheck::{closure#0}::{closure#0}
FNDA:0,conjure_core::rules::subsitute_lettings::CONJURE_GEN_RULE_SUBSTITUTE_VALUE_LETTINGS::__typecheck::{closure#0}::{closure#0}
FNDA:0,conjure_core::rules::subsitute_lettings::CONJURE_GEN_RULE_SUBSTITUTE_VALUE_LETTINGS::__typecheck::{closure#0}::{closure#0}
FNDA:0,conjure_core::rules::subsitute_lettings::substitute_value_lettings
FNDA:0,conjure_core::rules::subsitute_lettings::CONJURE_GEN_RULE_SUBSTITUTE_VALUE_LETTINGS::__typecheck::{closure#0}::{closure#0}
FNDA:0,conjure_core::rules::subsitute_lettings::substitute_domain_lettings
FNDA:0,conjure_core::rules::subsitute_lettings::substitute_domain_lettings::{closure#0}
FNDA:0,conjure_core::rules::subsitute_lettings::substitute_domain_lettings::{closure#0}
FNDA:0,conjure_core::rules::subsitute_lettings::CONJURE_GEN_RULE_SUBSTITUTE_DOMAIN_LETTINGS::__typecheck::{closure#0}::{closure#0}
FNDA:0,conjure_core::rules::subsitute_lettings::substitute_domain_lettings
FNDA:1,conjure_core::rules::subsitute_lettings::substitute_value_lettings
FNDA:0,conjure_core::rules::subsitute_lettings::substitute_domain_lettings::{closure#0}
FNDA:0,conjure_core::rules::subsitute_lettings::substitute_value_lettings
FNDA:0,conjure_core::rules::subsitute_lettings::CONJURE_GEN_RULE_SUBSTITUTE_DOMAIN_LETTINGS::__typecheck::{closure#0}::{closure#0}
FNDA:1,conjure_core::rules::subsitute_lettings::substitute_domain_lettings
FNF:15
FNH:2
BRF:0
BRH:0
DA:20,209720
DA:21,88370
DA:22,158680
DA:25,51040
DA:26,45900
DA:28,140
DA:29,209720
DA:33,209720
DA:34,209720
DA:35,209720
DA:37,3488380
DA:38,3488380
DA:39,24970
DA:42,3463410
DA:43,50
DA:45,0
DA:46,0
DA:47,0
DA:48,50
DA:49,50
DA:50,50
DA:51,3463360
DA:53,3463410
DA:55,209720
DA:56,40
DA:58,209680
DA:60,209720
LF:27
LH:24
end_of_record
SF:conjure_oxide/src/solve.rs
FN:138,conjure_oxide::solve::parse
FN:138,conjure_oxide::solve::parse
FN:151,conjure_oxide::solve::parse::{closure#0}
FN:109,conjure_oxide::solve::init_context::{closure#0}
FN:179,conjure_oxide::solve::rewrite
FN:109,conjure_oxide::solve::init_context::{closure#0}
FN:128,conjure_oxide::solve::init_context::{closure#1}
FN:50,<conjure_oxide::solve::Args as clap_builder::derive::FromArgMatches>::update_from_arg_matches_mut::{closure#2}
FN:175,conjure_oxide::solve::parse::{closure#2}
FN:179,conjure_oxide::solve::rewrite
FN:49,<conjure_oxide::solve::Args as clap_builder::derive::Args>::augment_args_for_update::{closure#1}
FN:57,conjure_oxide::solve::run_solve_command
FN:45,<conjure_oxide::solve::Args as clap_builder::derive::Args>::augment_args::{closure#0}
FN:124,conjure_oxide::solve::init_context::{closure#6}
FN:200,conjure_oxide::solve::run_solver
FN:151,conjure_oxide::solve::parse::{closure#0}
FN:45,<conjure_oxide::solve::Args as clap_builder::derive::Args>::augment_args_for_update::{closure#0}
FN:46,<conjure_oxide::solve::Args as clap_builder::derive::FromArgMatches>::from_arg_matches_mut::{closure#1}
FN:45,<conjure_oxide::solve::Args as clap_builder::derive::Args>::augment_args_for_update::{closure#0}
FN:45,<conjure_oxide::solve::Args as clap_builder::derive::Args>::augment_args::{closure#0}
FN:50,<conjure_oxide::solve::Args as clap_builder::derive::FromArgMatches>::update_from_arg_matches_mut::{closure#2}
FN:109,conjure_oxide::solve::init_context::{closure#0}
FN:57,conjure_oxide::solve::run_solve_command
FN:57,conjure_oxide::solve::run_solve_command
FN:179,conjure_oxide::solve::rewrite
FN:154,conjure_oxide::solve::parse::{closure#1}
FN:46,<conjure_oxide::solve::Args as clap_builder::derive::FromArgMatches>::from_arg_matches_mut::{closure#1}
FN:49,<conjure_oxide::solve::Args as clap_builder::derive::Args>::augment_args_for_update::{closure#1}
FN:84,conjure_oxide::solve::init_context
FN:175,conjure_oxide::solve::parse::{closure#2}
FN:46,<conjure_oxide::solve::Args as clap_builder::derive::FromArgMatches>::from_arg_matches_mut::{closure#1}
FN:50,<conjure_oxide::solve::Args as clap_builder::derive::FromArgMatches>::from_arg_matches_mut::{closure#2}
FN:128,conjure_oxide::solve::init_context::{closure#1}
FN:124,conjure_oxide::solve::init_context::{closure#6}
FN:35,<conjure_oxide::solve::Args as clap_builder::derive::FromArgMatches>::update_from_arg_matches_mut::{closure#0}
FN:35,<conjure_oxide::solve::Args as clap_builder::derive::FromArgMatches>::from_arg_matches_mut::{closure#0}
FN:128,conjure_oxide::solve::init_context::{closure#1}
FN:49,<conjure_oxide::solve::Args as clap_builder::derive::Args>::augment_args::{closure#1}
FN:49,<conjure_oxide::solve::Args as clap_builder::derive::Args>::augment_args::{closure#1}
FN:124,conjure_oxide::solve::init_context::{closure#6}
FN:50,<conjure_oxide::solve::Args as clap_builder::derive::FromArgMatches>::from_arg_matches_mut::{closure#2}
FN:35,<conjure_oxide::solve::Args as clap_builder::derive::FromArgMatches>::from_arg_matches_mut::{closure#0}
FN:50,<conjure_oxide::solve::Args as clap_builder::derive::FromArgMatches>::update_from_arg_matches_mut::{closure#2}
FN:200,conjure_oxide::solve::run_solver
FN:138,conjure_oxide::solve::parse
FN:50,<conjure_oxide::solve::Args as clap_builder::derive::FromArgMatches>::from_arg_matches_mut::{closure#2}
FN:45,<conjure_oxide::solve::Args as clap_builder::derive::Args>::augment_args_for_update::{closure#0}
FN:84,conjure_oxide::solve::init_context
FN:45,<conjure_oxide::solve::Args as clap_builder::derive::Args>::augment_args::{closure#0}
FN:49,<conjure_oxide::solve::Args as clap_builder::derive::Args>::augment_args_for_update::{closure#1}
FN:151,conjure_oxide::solve::parse::{closure#0}
FN:154,conjure_oxide::solve::parse::{closure#1}
FN:200,conjure_oxide::solve::run_solver
FN:175,conjure_oxide::solve::parse::{closure#2}
FN:35,<conjure_oxide::solve::Args as clap_builder::derive::FromArgMatches>::from_arg_matches_mut::{closure#0}
FN:49,<conjure_oxide::solve::Args as clap_builder::derive::Args>::augment_args::{closure#1}
FN:35,<conjure_oxide::solve::Args as clap_builder::derive::FromArgMatches>::update_from_arg_matches_mut::{closure#0}
FN:154,conjure_oxide::solve::parse::{closure#1}
FN:46,<conjure_oxide::solve::Args as clap_builder::derive::FromArgMatches>::update_from_arg_matches_mut::{closure#1}
FN:46,<conjure_oxide::solve::Args as clap_builder::derive::FromArgMatches>::update_from_arg_matches_mut::{closure#1}
FN:46,<conjure_oxide::solve::Args as clap_builder::derive::FromArgMatches>::update_from_arg_matches_mut::{closure#1}
FN:35,<conjure_oxide::solve::Args as clap_builder::derive::FromArgMatches>::update_from_arg_matches_mut::{closure#0}
FN:84,conjure_oxide::solve::init_context
FNDA:0,conjure_oxide::solve::parse
FNDA:0,conjure_oxide::solve::parse
FNDA:0,conjure_oxide::solve::parse::{closure#0}
FNDA:0,conjure_oxide::solve::init_context::{closure#0}
FNDA:0,conjure_oxide::solve::rewrite
FNDA:0,conjure_oxide::solve::init_context::{closure#0}
FNDA:0,conjure_oxide::solve::init_context::{closure#1}
FNDA:0,<conjure_oxide::solve::Args as clap_builder::derive::FromArgMatches>::update_from_arg_matches_mut::{closure#2}
FNDA:0,conjure_oxide::solve::parse::{closure#2}
FNDA:0,conjure_oxide::solve::rewrite
FNDA:0,<conjure_oxide::solve::Args as clap_builder::derive::Args>::augment_args_for_update::{closure#1}
FNDA:0,conjure_oxide::solve::run_solve_command
FNDA:0,<conjure_oxide::solve::Args as clap_builder::derive::Args>::augment_args::{closure#0}
FNDA:0,conjure_oxide::solve::init_context::{closure#6}
FNDA:0,conjure_oxide::solve::run_solver
FNDA:0,conjure_oxide::solve::parse::{closure#0}
FNDA:0,<conjure_oxide::solve::Args as clap_builder::derive::Args>::augment_args_for_update::{closure#0}
FNDA:0,<conjure_oxide::solve::Args as clap_builder::derive::FromArgMatches>::from_arg_matches_mut::{closure#1}
FNDA:0,<conjure_oxide::solve::Args as clap_builder::derive::Args>::augment_args_for_update::{closure#0}
FNDA:0,<conjure_oxide::solve::Args as clap_builder::derive::Args>::augment_args::{closure#0}
FNDA:0,<conjure_oxide::solve::Args as clap_builder::derive::FromArgMatches>::update_from_arg_matches_mut::{closure#2}
FNDA:0,conjure_oxide::solve::init_context::{closure#0}
FNDA:0,conjure_oxide::solve::run_solve_command
FNDA:0,conjure_oxide::solve::run_solve_command
FNDA:0,conjure_oxide::solve::rewrite
FNDA:0,conjure_oxide::solve::parse::{closure#1}
FNDA:0,<conjure_oxide::solve::Args as clap_builder::derive::FromArgMatches>::from_arg_matches_mut::{closure#1}
FNDA:0,<conjure_oxide::solve::Args as clap_builder::derive::Args>::augment_args_for_update::{closure#1}
FNDA:0,conjure_oxide::solve::init_context
FNDA:0,conjure_oxide::solve::parse::{closure#2}
FNDA:0,<conjure_oxide::solve::Args as clap_builder::derive::FromArgMatches>::from_arg_matches_mut::{closure#1}
FNDA:0,<conjure_oxide::solve::Args as clap_builder::derive::FromArgMatches>::from_arg_matches_mut::{closure#2}
FNDA:0,conjure_oxide::solve::init_context::{closure#1}
FNDA:0,conjure_oxide::solve::init_context::{closure#6}
FNDA:0,<conjure_oxide::solve::Args as clap_builder::derive::FromArgMatches>::update_from_arg_matches_mut::{closure#0}
FNDA:0,<conjure_oxide::solve::Args as clap_builder::derive::FromArgMatches>::from_arg_matches_mut::{closure#0}
FNDA:0,conjure_oxide::solve::init_context::{closure#1}
FNDA:0,<conjure_oxide::solve::Args as clap_builder::derive::Args>::augment_args::{closure#1}
FNDA:0,<conjure_oxide::solve::Args as clap_builder::derive::Args>::augment_args::{closure#1}
FNDA:0,conjure_oxide::solve::init_context::{closure#6}
FNDA:0,<conjure_oxide::solve::Args as clap_builder::derive::FromArgMatches>::from_arg_matches_mut::{closure#2}
FNDA:0,<conjure_oxide::solve::Args as clap_builder::derive::FromArgMatches>::from_arg_matches_mut::{closure#0}
FNDA:0,<conjure_oxide::solve::Args as clap_builder::derive::FromArgMatches>::update_from_arg_matches_mut::{closure#2}
FNDA:0,conjure_oxide::solve::run_solver
FNDA:0,conjure_oxide::solve::parse
FNDA:0,<conjure_oxide::solve::Args as clap_builder::derive::FromArgMatches>::from_arg_matches_mut::{closure#2}
FNDA:0,<conjure_oxide::solve::Args as clap_builder::derive::Args>::augment_args_for_update::{closure#0}
FNDA:0,conjure_oxide::solve::init_context
FNDA:0,<conjure_oxide::solve::Args as clap_builder::derive::Args>::augment_args::{closure#0}
FNDA:0,<conjure_oxide::solve::Args as clap_builder::derive::Args>::augment_args_for_update::{closure#1}
FNDA:0,conjure_oxide::solve::parse::{closure#0}
FNDA:0,conjure_oxide::solve::parse::{closure#1}
FNDA:0,conjure_oxide::solve::run_solver
FNDA:0,conjure_oxide::solve::parse::{closure#2}
FNDA:0,<conjure_oxide::solve::Args as clap_builder::derive::FromArgMatches>::from_arg_matches_mut::{closure#0}
FNDA:0,<conjure_oxide::solve::Args as clap_builder::derive::Args>::augment_args::{closure#1}
FNDA:0,<conjure_oxide::solve::Args as clap_builder::derive::FromArgMatches>::update_from_arg_matches_mut::{closure#0}
FNDA:0,conjure_oxide::solve::parse::{closure#1}
FNDA:0,<conjure_oxide::solve::Args as clap_builder::derive::FromArgMatches>::update_from_arg_matches_mut::{closure#1}
FNDA:0,<conjure_oxide::solve::Args as clap_builder::derive::FromArgMatches>::update_from_arg_matches_mut::{closure#1}
FNDA:0,<conjure_oxide::solve::Args as clap_builder::derive::FromArgMatches>::update_from_arg_matches_mut::{closure#1}
FNDA:0,<conjure_oxide::solve::Args as clap_builder::derive::FromArgMatches>::update_from_arg_matches_mut::{closure#0}
FNDA:0,conjure_oxide::solve::init_context
FNF:63
FNH:0
BRF:0
BRH:0
DA:35,0
DA:45,0
DA:46,0
DA:49,0
DA:50,0
DA:57,0
DA:58,0
DA:63,0
DA:64,0
DA:65,0
DA:67,0
DA:68,0
DA:69,0
DA:70,0
DA:74,0
DA:75,0
DA:76,0
DA:77,0
DA:78,0
DA:79,0
DA:80,0
DA:81,0
DA:84,0
DA:85,0
DA:86,0
DA:87,0
DA:88,0
DA:89,0
DA:90,0
DA:91,0
DA:92,0
DA:94,0
DA:95,0
DA:96,0
DA:99,0
DA:100,0
DA:101,0
DA:102,0
DA:103,0
DA:107,0
DA:108,0
DA:109,0
DA:110,0
DA:111,0
DA:112,0
DA:113,0
DA:114,0
DA:116,0
DA:120,0
DA:121,0
DA:123,0
DA:124,0
DA:126,0
DA:127,0
DA:128,0
DA:129,0
DA:130,0
DA:131,0
DA:132,0
DA:133,0
DA:134,0
DA:135,0
DA:136,0
DA:138,0
DA:139,0
DA:140,0
DA:141,0
DA:142,0
DA:143,0
DA:144,0
DA:145,0
DA:146,0
DA:147,0
DA:148,0
DA:149,0
DA:150,0
DA:151,0
DA:153,0
DA:154,0
DA:156,0
DA:157,0
DA:158,0
DA:159,0
DA:160,0
DA:161,0
DA:163,0
DA:165,0
DA:167,0
DA:169,0
DA:170,0
DA:172,0
DA:175,0
DA:177,0
DA:179,0
DA:180,0
DA:181,0
DA:182,0
DA:183,0
DA:184,0
DA:186,0
DA:188,0
DA:189,0
DA:190,0
DA:191,0
DA:192,0
DA:193,0
DA:194,0
DA:196,0
DA:197,0
DA:198,0
DA:200,0
DA:201,0
DA:202,0
DA:203,0
DA:204,0
DA:205,0
DA:206,0
DA:207,0
DA:208,0
DA:212,0
DA:213,0
DA:215,0
DA:216,0
DA:217,0
DA:218,0
DA:219,0
DA:220,0
DA:221,0
DA:222,0
DA:223,0
DA:224,0
DA:225,0
DA:226,0
DA:230,0
DA:231,0
LF:135
LH:0
end_of_record
SF:crates/conjure_core/src/representations/matrix_to_atom.rs
FN:175,<conjure_core::representations::matrix_to_atom::MatrixToAtom as conjure_core::representation::Representation>::expression_down::{closure#0}
FN:68,<conjure_core::representations::matrix_to_atom::MatrixToAtom>::name_to_indices::{closure#0}
FN:152,<conjure_core::representations::matrix_to_atom::MatrixToAtom as conjure_core::representation::Representation>::value_up::inner::{closure#0}
FN:175,<conjure_core::representations::matrix_to_atom::MatrixToAtom as conjure_core::representation::Representation>::expression_down::{closure#0}
FN:92,<conjure_core::representations::matrix_to_atom::MatrixToAtom as conjure_core::representation::Representation>::init
FN:187,<conjure_core::representations::matrix_to_atom::MatrixToAtom as conjure_core::representation::Representation>::declaration_down::{closure#0}
FN:187,<conjure_core::representations::matrix_to_atom::MatrixToAtom as conjure_core::representation::Representation>::declaration_down::{closure#0}
FN:120,<conjure_core::representations::matrix_to_atom::MatrixToAtom as conjure_core::representation::Representation>::value_down
FN:195,<conjure_core::representations::matrix_to_atom::MatrixToAtom as conjure_core::representation::Representation>::box_clone
FN:92,<conjure_core::representations::matrix_to_atom::MatrixToAtom as conjure_core::representation::Representation>::init
FN:26,<conjure_core::representations::matrix_to_atom::MatrixToAtom>::names
FN:140,<conjure_core::representations::matrix_to_atom::MatrixToAtom as conjure_core::representation::Representation>::value_up::inner
FN:191,<conjure_core::representations::matrix_to_atom::MatrixToAtom as conjure_core::representation::Representation>::repr_name
FN:41,<conjure_core::representations::matrix_to_atom::MatrixToAtom>::name_to_indices
FN:191,<conjure_core::representations::matrix_to_atom::MatrixToAtom as conjure_core::representation::Representation>::repr_name
FN:169,<conjure_core::representations::matrix_to_atom::MatrixToAtom as conjure_core::representation::Representation>::expression_down
FN:116,<conjure_core::representations::matrix_to_atom::MatrixToAtom as conjure_core::representation::Representation>::variable_name
FN:68,<conjure_core::representations::matrix_to_atom::MatrixToAtom>::name_to_indices::{closure#0}
FN:120,<conjure_core::representations::matrix_to_atom::MatrixToAtom as conjure_core::representation::Representation>::value_down
FN:152,<conjure_core::representations::matrix_to_atom::MatrixToAtom as conjure_core::representation::Representation>::value_up::inner::{closure#0}
FN:136,<conjure_core::representations::matrix_to_atom::MatrixToAtom as conjure_core::representation::Representation>::value_up
FN:31,<conjure_core::representations::matrix_to_atom::MatrixToAtom>::indices_to_name
FN:169,<conjure_core::representations::matrix_to_atom::MatrixToAtom as conjure_core::representation::Representation>::expression_down
FN:184,<conjure_core::representations::matrix_to_atom::MatrixToAtom as conjure_core::representation::Representation>::declaration_down
FN:116,<conjure_core::representations::matrix_to_atom::MatrixToAtom as conjure_core::representation::Representation>::variable_name
FN:184,<conjure_core::representations::matrix_to_atom::MatrixToAtom as conjure_core::representation::Representation>::declaration_down
FN:136,<conjure_core::representations::matrix_to_atom::MatrixToAtom as conjure_core::representation::Representation>::value_up
FN:27,<conjure_core::representations::matrix_to_atom::MatrixToAtom>::names::{closure#0}
FN:175,<conjure_core::representations::matrix_to_atom::MatrixToAtom as conjure_core::representation::Representation>::expression_down::{closure#0}
FN:31,<conjure_core::representations::matrix_to_atom::MatrixToAtom>::indices_to_name
FN:27,<conjure_core::representations::matrix_to_atom::MatrixToAtom>::names::{closure#0}
FN:31,<conjure_core::representations::matrix_to_atom::MatrixToAtom>::indices_to_name
FN:187,<conjure_core::representations::matrix_to_atom::MatrixToAtom as conjure_core::representation::Representation>::declaration_down::{closure#0}
FN:191,<conjure_core::representations::matrix_to_atom::MatrixToAtom as conjure_core::representation::Representation>::repr_name
FN:136,<conjure_core::representations::matrix_to_atom::MatrixToAtom as conjure_core::representation::Representation>::value_up
FN:195,<conjure_core::representations::matrix_to_atom::MatrixToAtom as conjure_core::representation::Representation>::box_clone
FN:41,<conjure_core::representations::matrix_to_atom::MatrixToAtom>::name_to_indices
FN:41,<conjure_core::representations::matrix_to_atom::MatrixToAtom>::name_to_indices
FN:195,<conjure_core::representations::matrix_to_atom::MatrixToAtom as conjure_core::representation::Representation>::box_clone
FN:140,<conjure_core::representations::matrix_to_atom::MatrixToAtom as conjure_core::representation::Representation>::value_up::inner
FN:26,<conjure_core::representations::matrix_to_atom::MatrixToAtom>::names
FN:92,<conjure_core::representations::matrix_to_atom::MatrixToAtom as conjure_core::representation::Representation>::init
FN:116,<conjure_core::representations::matrix_to_atom::MatrixToAtom as conjure_core::representation::Representation>::variable_name
FN:120,<conjure_core::representations::matrix_to_atom::MatrixToAtom as conjure_core::representation::Representation>::value_down
FN:26,<conjure_core::representations::matrix_to_atom::MatrixToAtom>::names
FN:27,<conjure_core::representations::matrix_to_atom::MatrixToAtom>::names::{closure#0}
FN:68,<conjure_core::representations::matrix_to_atom::MatrixToAtom>::name_to_indices::{closure#0}
FN:169,<conjure_core::representations::matrix_to_atom::MatrixToAtom as conjure_core::representation::Representation>::expression_down
FN:140,<conjure_core::representations::matrix_to_atom::MatrixToAtom as conjure_core::representation::Representation>::value_up::inner
FN:184,<conjure_core::representations::matrix_to_atom::MatrixToAtom as conjure_core::representation::Representation>::declaration_down
FN:152,<conjure_core::representations::matrix_to_atom::MatrixToAtom as conjure_core::representation::Representation>::value_up::inner::{closure#0}
FNDA:0,<conjure_core::representations::matrix_to_atom::MatrixToAtom as conjure_core::representation::Representation>::expression_down::{closure#0}
FNDA:0,<conjure_core::representations::matrix_to_atom::MatrixToAtom>::name_to_indices::{closure#0}
FNDA:1,<conjure_core::representations::matrix_to_atom::MatrixToAtom as conjure_core::representation::Representation>::value_up::inner::{closure#0}
FNDA:1,<conjure_core::representations::matrix_to_atom::MatrixToAtom as conjure_core::representation::Representation>::expression_down::{closure#0}
FNDA:1,<conjure_core::representations::matrix_to_atom::MatrixToAtom as conjure_core::representation::Representation>::init
FNDA:1,<conjure_core::representations::matrix_to_atom::MatrixToAtom as conjure_core::representation::Representation>::declaration_down::{closure#0}
FNDA:0,<conjure_core::representations::matrix_to_atom::MatrixToAtom as conjure_core::representation::Representation>::declaration_down::{closure#0}
FNDA:0,<conjure_core::representations::matrix_to_atom::MatrixToAtom as conjure_core::representation::Representation>::value_down
FNDA:1,<conjure_core::representations::matrix_to_atom::MatrixToAtom as conjure_core::representation::Representation>::box_clone
FNDA:0,<conjure_core::representations::matrix_to_atom::MatrixToAtom as conjure_core::representation::Representation>::init
FNDA:0,<conjure_core::representations::matrix_to_atom::MatrixToAtom>::names
FNDA:1,<conjure_core::representations::matrix_to_atom::MatrixToAtom as conjure_core::representation::Representation>::value_up::inner
FNDA:1,<conjure_core::representations::matrix_to_atom::MatrixToAtom as conjure_core::representation::Representation>::repr_name
FNDA:0,<conjure_core::representations::matrix_to_atom::MatrixToAtom>::name_to_indices
FNDA:0,<conjure_core::representations::matrix_to_atom::MatrixToAtom as conjure_core::representation::Representation>::repr_name
FNDA:1,<conjure_core::representations::matrix_to_atom::MatrixToAtom as conjure_core::representation::Representation>::expression_down
FNDA:0,<conjure_core::representations::matrix_to_atom::MatrixToAtom as conjure_core::representation::Representation>::variable_name
FNDA:0,<conjure_core::representations::matrix_to_atom::MatrixToAtom>::name_to_indices::{closure#0}
FNDA:0,<conjure_core::representations::matrix_to_atom::MatrixToAtom as conjure_core::representation::Representation>::value_down
FNDA:0,<conjure_core::representations::matrix_to_atom::MatrixToAtom as conjure_core::representation::Representation>::value_up::inner::{closure#0}
FNDA:0,<conjure_core::representations::matrix_to_atom::MatrixToAtom as conjure_core::representation::Representation>::value_up
FNDA:0,<conjure_core::representations::matrix_to_atom::MatrixToAtom>::indices_to_name
FNDA:0,<conjure_core::representations::matrix_to_atom::MatrixToAtom as conjure_core::representation::Representation>::expression_down
FNDA:0,<conjure_core::representations::matrix_to_atom::MatrixToAtom as conjure_core::representation::Representation>::declaration_down
FNDA:0,<conjure_core::representations::matrix_to_atom::MatrixToAtom as conjure_core::representation::Representation>::variable_name
FNDA:1,<conjure_core::representations::matrix_to_atom::MatrixToAtom as conjure_core::representation::Representation>::declaration_down
FNDA:1,<conjure_core::representations::matrix_to_atom::MatrixToAtom as conjure_core::representation::Representation>::value_up
FNDA:0,<conjure_core::representations::matrix_to_atom::MatrixToAtom>::names::{closure#0}
FNDA:0,<conjure_core::representations::matrix_to_atom::MatrixToAtom as conjure_core::representation::Representation>::expression_down::{closure#0}
FNDA:0,<conjure_core::representations::matrix_to_atom::MatrixToAtom>::indices_to_name
FNDA:0,<conjure_core::representations::matrix_to_atom::MatrixToAtom>::names::{closure#0}
FNDA:1,<conjure_core::representations::matrix_to_atom::MatrixToAtom>::indices_to_name
FNDA:0,<conjure_core::representations::matrix_to_atom::MatrixToAtom as conjure_core::representation::Representation>::declaration_down::{closure#0}
FNDA:0,<conjure_core::representations::matrix_to_atom::MatrixToAtom as conjure_core::representation::Representation>::repr_name
FNDA:0,<conjure_core::representations::matrix_to_atom::MatrixToAtom as conjure_core::representation::Representation>::value_up
FNDA:0,<conjure_core::representations::matrix_to_atom::MatrixToAtom as conjure_core::representation::Representation>::box_clone
FNDA:0,<conjure_core::representations::matrix_to_atom::MatrixToAtom>::name_to_indices
FNDA:0,<conjure_core::representations::matrix_to_atom::MatrixToAtom>::name_to_indices
FNDA:0,<conjure_core::representations::matrix_to_atom::MatrixToAtom as conjure_core::representation::Representation>::box_clone
FNDA:0,<conjure_core::representations::matrix_to_atom::MatrixToAtom as conjure_core::representation::Representation>::value_up::inner
FNDA:0,<conjure_core::representations::matrix_to_atom::MatrixToAtom>::names
FNDA:0,<conjure_core::representations::matrix_to_atom::MatrixToAtom as conjure_core::representation::Representation>::init
FNDA:0,<conjure_core::representations::matrix_to_atom::MatrixToAtom as conjure_core::representation::Representation>::variable_name
FNDA:0,<conjure_core::representations::matrix_to_atom::MatrixToAtom as conjure_core::representation::Representation>::value_down
FNDA:1,<conjure_core::representations::matrix_to_atom::MatrixToAtom>::names
FNDA:1,<conjure_core::representations::matrix_to_atom::MatrixToAtom>::names::{closure#0}
FNDA:0,<conjure_core::representations::matrix_to_atom::MatrixToAtom>::name_to_indices::{closure#0}
FNDA:0,<conjure_core::representations::matrix_to_atom::MatrixToAtom as conjure_core::representation::Representation>::expression_down
FNDA:0,<conjure_core::representations::matrix_to_atom::MatrixToAtom as conjure_core::representation::Representation>::value_up::inner
FNDA:0,<conjure_core::representations::matrix_to_atom::MatrixToAtom as conjure_core::representation::Representation>::declaration_down
FNDA:0,<conjure_core::representations::matrix_to_atom::MatrixToAtom as conjure_core::representation::Representation>::value_up::inner::{closure#0}
FNF:51
FNH:13
BRF:0
BRH:0
DA:26,710
DA:27,4230
DA:28,710
DA:31,21190
DA:32,21190
DA:33,21190
DA:34,21190
DA:35,21190
DA:36,21190
DA:37,21190
DA:41,0
DA:42,0
DA:46,0
DA:47,0
DA:48,0
DA:49,0
DA:51,0
DA:52,0
DA:53,0
DA:54,0
DA:59,0
DA:60,0
DA:61,0
DA:62,0
DA:63,0
DA:66,0
DA:67,0
DA:68,0
DA:69,0
DA:70,0
DA:71,0
DA:72,0
DA:73,0
DA:74,0
DA:75,0
DA:79,0
DA:80,0
DA:81,0
DA:82,0
DA:83,0
DA:84,0
DA:87,0
DA:88,0
DA:92,120
DA:93,120
DA:95,120
DA:96,120
DA:97,120
DA:99,0
DA:100,120
DA:102,120
DA:103,0
DA:106,120
DA:107,120
DA:108,120
DA:109,120
DA:110,120
DA:111,120
DA:112,120
DA:113,120
DA:114,120
DA:116,0
DA:117,0
DA:118,0
DA:120,0
DA:121,0
DA:122,0
DA:125,0
DA:126,0
DA:129,0
DA:130,0
DA:131,0
DA:132,0
DA:133,0
DA:134,0
DA:136,3280
DA:137,3280
DA:138,3280
DA:139,3280
DA:140,20960
DA:141,20960
DA:142,20960
DA:143,20960
DA:144,20960
DA:145,20960
DA:146,20960
DA:147,20960
DA:148,4000
DA:149,4000
DA:150,4000
DA:151,4000
DA:152,17680
DA:153,17680
DA:154,17680
DA:155,17680
DA:156,17680
DA:157,4000
DA:159,16960
DA:160,16960
DA:161,16960
DA:162,16960
DA:164,20960
DA:166,3280
DA:167,3280
DA:169,590
DA:170,590
DA:171,590
DA:172,590
DA:173,590
DA:174,590
DA:175,3530
DA:176,3530
DA:177,3530
DA:178,3530
DA:179,3530
DA:180,3530
DA:181,590
DA:182,590
DA:184,120
DA:185,120
DA:186,120
DA:187,700
DA:188,120
DA:189,120
DA:191,23120
DA:192,23120
DA:193,23120
DA:195,74360
DA:196,74360
DA:197,74360
LF:130
LH:81
end_of_record
SF:crates/conjure_core/src/stats/rewriter_stats.rs
FN:76,<conjure_core::stats::rewriter_stats::RewriterStats>::new
FN:76,<conjure_core::stats::rewriter_stats::RewriterStats>::new
FN:76,<conjure_core::stats::rewriter_stats::RewriterStats>::new
FNDA:1,<conjure_core::stats::rewriter_stats::RewriterStats>::new
FNDA:0,<conjure_core::stats::rewriter_stats::RewriterStats>::new
FNDA:0,<conjure_core::stats::rewriter_stats::RewriterStats>::new
FNF:3
FNH:1
BRF:0
BRH:0
DA:76,1070
DA:77,1070
DA:78,1070
DA:79,1070
DA:80,1070
DA:81,1070
DA:82,1070
DA:83,1070
LF:8
LH:8
end_of_record
SF:crates/conjure_core/src/ast/declaration.rs
FN:183,<conjure_core::ast::declaration::Declaration as core::clone::Clone>::clone
FN:139,<conjure_core::ast::declaration::Declaration>::as_domain_letting_mut
FN:40,<conjure_core::ast::declaration::DeclarationKind as uniplate::traits::Biplate<conjure_core::ast::declaration::Declaration>>::biplate::{closure#0}
FN:82,<conjure_core::ast::declaration::Declaration>::new_value_letting
FN:97,<conjure_core::ast::declaration::Declaration>::kind
FN:82,<conjure_core::ast::declaration::Declaration>::new_value_letting
FN:193,<conjure_core::ast::declaration::Declaration as conjure_core::ast::types::Typeable>::return_type
FN:72,<conjure_core::ast::declaration::Declaration>::new_domain_letting
FN:97,<conjure_core::ast::declaration::Declaration>::kind
FN:38,<conjure_core::ast::declaration::DeclarationKind as uniplate::traits::Biplate<conjure_core::ast::declaration::Declaration>>::biplate
FN:82,<conjure_core::ast::declaration::Declaration>::new_value_letting
FN:102,<conjure_core::ast::declaration::Declaration>::domain
FN:173,<conjure_core::ast::declaration::Declaration as conjure_core::ast::serde::DefaultWithId>::default_with_id
FN:97,<conjure_core::ast::declaration::Declaration>::kind
FN:72,<conjure_core::ast::declaration::Declaration>::new_domain_letting
FN:72,<conjure_core::ast::declaration::Declaration>::new_domain_letting
FN:112,<conjure_core::ast::declaration::Declaration>::as_var
FN:38,<conjure_core::ast::declaration::DeclarationKind as uniplate::traits::Biplate<conjure_core::ast::declaration::Declaration>>::biplate
FN:130,<conjure_core::ast::declaration::Declaration>::as_domain_letting
FN:193,<conjure_core::ast::declaration::Declaration as conjure_core::ast::types::Typeable>::return_type
FN:183,<conjure_core::ast::declaration::Declaration as core::clone::Clone>::clone
FN:112,<conjure_core::ast::declaration::Declaration>::as_var
FN:56,<conjure_core::ast::declaration::Declaration>::new
FN:130,<conjure_core::ast::declaration::Declaration>::as_domain_letting
FN:92,<conjure_core::ast::declaration::Declaration>::name
FN:167,<conjure_core::ast::declaration::Declaration as conjure_core::ast::serde::HasId>::id
FN:173,<conjure_core::ast::declaration::Declaration as conjure_core::ast::serde::DefaultWithId>::default_with_id
FN:173,<conjure_core::ast::declaration::Declaration as conjure_core::ast::serde::DefaultWithId>::default_with_id
FN:157,<conjure_core::ast::declaration::Declaration>::as_value_letting_mut
FN:121,<conjure_core::ast::declaration::Declaration>::as_var_mut
FN:167,<conjure_core::ast::declaration::Declaration as conjure_core::ast::serde::HasId>::id
FN:139,<conjure_core::ast::declaration::Declaration>::as_domain_letting_mut
FN:62,<conjure_core::ast::declaration::Declaration>::new_var
FN:40,<conjure_core::ast::declaration::DeclarationKind as uniplate::traits::Biplate<conjure_core::ast::declaration::Declaration>>::biplate::{closure#0}
FN:102,<conjure_core::ast::declaration::Declaration>::domain
FN:121,<conjure_core::ast::declaration::Declaration>::as_var_mut
FN:62,<conjure_core::ast::declaration::Declaration>::new_var
FN:92,<conjure_core::ast::declaration::Declaration>::name
FN:157,<conjure_core::ast::declaration::Declaration>::as_value_letting_mut
FN:121,<conjure_core::ast::declaration::Declaration>::as_var_mut
FN:112,<conjure_core::ast::declaration::Declaration>::as_var
FN:56,<conjure_core::ast::declaration::Declaration>::new
FN:92,<conjure_core::ast::declaration::Declaration>::name
FN:139,<conjure_core::ast::declaration::Declaration>::as_domain_letting_mut
FN:40,<conjure_core::ast::declaration::DeclarationKind as uniplate::traits::Biplate<conjure_core::ast::declaration::Declaration>>::biplate::{closure#0}
FN:193,<conjure_core::ast::declaration::Declaration as conjure_core::ast::types::Typeable>::return_type
FN:148,<conjure_core::ast::declaration::Declaration>::as_value_letting
FN:157,<conjure_core::ast::declaration::Declaration>::as_value_letting_mut
FN:38,<conjure_core::ast::declaration::DeclarationKind as uniplate::traits::Biplate<conjure_core::ast::declaration::Declaration>>::biplate
FN:148,<conjure_core::ast::declaration::Declaration>::as_value_letting
FN:148,<conjure_core::ast::declaration::Declaration>::as_value_letting
FN:183,<conjure_core::ast::declaration::Declaration as core::clone::Clone>::clone
FN:102,<conjure_core::ast::declaration::Declaration>::domain
FN:167,<conjure_core::ast::declaration::Declaration as conjure_core::ast::serde::HasId>::id
FN:56,<conjure_core::ast::declaration::Declaration>::new
FN:130,<conjure_core::ast::declaration::Declaration>::as_domain_letting
FN:62,<conjure_core::ast::declaration::Declaration>::new_var
FNDA:0,<conjure_core::ast::declaration::Declaration as core::clone::Clone>::clone
FNDA:0,<conjure_core::ast::declaration::Declaration>::as_domain_letting_mut
FNDA:0,<conjure_core::ast::declaration::DeclarationKind as uniplate::traits::Biplate<conjure_core::ast::declaration::Declaration>>::biplate::{closure#0}
FNDA:0,<conjure_core::ast::declaration::Declaration>::new_value_letting
FNDA:0,<conjure_core::ast::declaration::Declaration>::kind
FNDA:0,<conjure_core::ast::declaration::Declaration>::new_value_letting
FNDA:0,<conjure_core::ast::declaration::Declaration as conjure_core::ast::types::Typeable>::return_type
FNDA:0,<conjure_core::ast::declaration::Declaration>::new_domain_letting
FNDA:1,<conjure_core::ast::declaration::Declaration>::kind
FNDA:0,<conjure_core::ast::declaration::DeclarationKind as uniplate::traits::Biplate<conjure_core::ast::declaration::Declaration>>::biplate
FNDA:1,<conjure_core::ast::declaration::Declaration>::new_value_letting
FNDA:1,<conjure_core::ast::declaration::Declaration>::domain
FNDA:0,<conjure_core::ast::declaration::Declaration as conjure_core::ast::serde::DefaultWithId>::default_with_id
FNDA:1,<conjure_core::ast::declaration::Declaration>::kind
FNDA:0,<conjure_core::ast::declaration::Declaration>::new_domain_letting
FNDA:1,<conjure_core::ast::declaration::Declaration>::new_domain_letting
FNDA:1,<conjure_core::ast::declaration::Declaration>::as_var
FNDA:0,<conjure_core::ast::declaration::DeclarationKind as uniplate::traits::Biplate<conjure_core::ast::declaration::Declaration>>::biplate
FNDA:1,<conjure_core::ast::declaration::Declaration>::as_domain_letting
FNDA:0,<conjure_core::ast::declaration::Declaration as conjure_core::ast::types::Typeable>::return_type
FNDA:0,<conjure_core::ast::declaration::Declaration as core::clone::Clone>::clone
FNDA:0,<conjure_core::ast::declaration::Declaration>::as_var
FNDA:0,<conjure_core::ast::declaration::Declaration>::new
FNDA:0,<conjure_core::ast::declaration::Declaration>::as_domain_letting
FNDA:1,<conjure_core::ast::declaration::Declaration>::name
FNDA:0,<conjure_core::ast::declaration::Declaration as conjure_core::ast::serde::HasId>::id
FNDA:0,<conjure_core::ast::declaration::Declaration as conjure_core::ast::serde::DefaultWithId>::default_with_id
FNDA:0,<conjure_core::ast::declaration::Declaration as conjure_core::ast::serde::DefaultWithId>::default_with_id
FNDA:0,<conjure_core::ast::declaration::Declaration>::as_value_letting_mut
FNDA:0,<conjure_core::ast::declaration::Declaration>::as_var_mut
FNDA:0,<conjure_core::ast::declaration::Declaration as conjure_core::ast::serde::HasId>::id
FNDA:0,<conjure_core::ast::declaration::Declaration>::as_domain_letting_mut
FNDA:0,<conjure_core::ast::declaration::Declaration>::new_var
FNDA:0,<conjure_core::ast::declaration::DeclarationKind as uniplate::traits::Biplate<conjure_core::ast::declaration::Declaration>>::biplate::{closure#0}
FNDA:0,<conjure_core::ast::declaration::Declaration>::domain
FNDA:0,<conjure_core::ast::declaration::Declaration>::as_var_mut
FNDA:1,<conjure_core::ast::declaration::Declaration>::new_var
FNDA:1,<conjure_core::ast::declaration::Declaration>::name
FNDA:0,<conjure_core::ast::declaration::Declaration>::as_value_letting_mut
FNDA:1,<conjure_core::ast::declaration::Declaration>::as_var_mut
FNDA:0,<conjure_core::ast::declaration::Declaration>::as_var
FNDA:0,<conjure_core::ast::declaration::Declaration>::new
FNDA:0,<conjure_core::ast::declaration::Declaration>::name
FNDA:0,<conjure_core::ast::declaration::Declaration>::as_domain_letting_mut
FNDA:0,<conjure_core::ast::declaration::DeclarationKind as uniplate::traits::Biplate<conjure_core::ast::declaration::Declaration>>::biplate::{closure#0}
FNDA:0,<conjure_core::ast::declaration::Declaration as conjure_core::ast::types::Typeable>::return_type
FNDA:0,<conjure_core::ast::declaration::Declaration>::as_value_letting
FNDA:0,<conjure_core::ast::declaration::Declaration>::as_value_letting_mut
FNDA:0,<conjure_core::ast::declaration::DeclarationKind as uniplate::traits::Biplate<conjure_core::ast::declaration::Declaration>>::biplate
FNDA:1,<conjure_core::ast::declaration::Declaration>::as_value_letting
FNDA:0,<conjure_core::ast::declaration::Declaration>::as_value_letting
FNDA:1,<conjure_core::ast::declaration::Declaration as core::clone::Clone>::clone
FNDA:1,<conjure_core::ast::declaration::Declaration>::domain
FNDA:0,<conjure_core::ast::declaration::Declaration as conjure_core::ast::serde::HasId>::id
FNDA:0,<conjure_core::ast::declaration::Declaration>::new
FNDA:0,<conjure_core::ast::declaration::Declaration>::as_domain_letting
FNDA:1,<conjure_core::ast::declaration::Declaration>::new_var
FNF:57
FNH:15
BRF:0
BRH:0
DA:38,0
DA:39,0
DA:40,0
DA:41,0
DA:56,0
DA:57,0
DA:58,0
DA:59,0
DA:62,6723
DA:63,6723
DA:64,6723
DA:65,6723
DA:66,6723
DA:67,6723
DA:68,6723
DA:69,6723
DA:72,60
DA:73,60
DA:74,60
DA:75,60
DA:76,60
DA:77,60
DA:78,60
DA:79,60
DA:82,140
DA:83,140
DA:84,140
DA:85,140
DA:86,140
DA:87,140
DA:88,140
DA:89,140
DA:92,3470453
DA:93,3470453
DA:94,3470453
DA:97,3638515
DA:98,3638515
DA:99,3638515
DA:102,63495
DA:103,63495
DA:104,61665
DA:106,40
DA:107,1790
DA:109,63495
DA:112,3567480
DA:113,3567480
DA:114,3541550
DA:116,25930
DA:118,3567480
DA:121,170
DA:122,170
DA:123,170
DA:125,0
DA:127,170
DA:130,120
DA:131,120
DA:132,120
DA:134,0
DA:136,120
DA:139,0
DA:140,0
DA:141,0
DA:143,0
DA:145,0
DA:148,46080
DA:149,46080
DA:150,320
DA:152,45760
DA:154,46080
DA:157,0
DA:158,0
DA:159,0
DA:161,0
DA:163,0
DA:167,0
DA:168,0
DA:169,0
DA:173,0
DA:174,0
DA:175,0
DA:176,0
DA:177,0
DA:178,0
DA:179,0
DA:183,870
DA:184,870
DA:185,870
DA:186,870
DA:187,870
DA:188,870
DA:189,870
DA:193,0
DA:194,0
DA:195,0
DA:196,0
DA:197,0
DA:199,0
LF:97
LH:61
end_of_record
SF:crates/conjure_core/src/rules/partial_eval.rs
FN:15,conjure_core::rules::partial_eval::CONJURE_GEN_RULE_PARTIAL_EVALUATOR::__typecheck::{closure#0}::{closure#0}
FN:15,conjure_core::rules::partial_eval::CONJURE_GEN_RULE_PARTIAL_EVALUATOR::__typecheck::{closure#0}::{closure#0}
FN:16,conjure_core::rules::partial_eval::partial_evaluator
FN:15,conjure_core::rules::partial_eval::CONJURE_GEN_RULE_PARTIAL_EVALUATOR::__typecheck::{closure#0}::{closure#0}
FN:377,conjure_core::rules::partial_eval::check_pairwise_or_tautologies
FN:377,conjure_core::rules::partial_eval::check_pairwise_or_tautologies
FN:16,conjure_core::rules::partial_eval::partial_evaluator
FN:377,conjure_core::rules::partial_eval::check_pairwise_or_tautologies
FN:16,conjure_core::rules::partial_eval::partial_evaluator
FNDA:0,conjure_core::rules::partial_eval::CONJURE_GEN_RULE_PARTIAL_EVALUATOR::__typecheck::{closure#0}::{closure#0}
FNDA:0,conjure_core::rules::partial_eval::CONJURE_GEN_RULE_PARTIAL_EVALUATOR::__typecheck::{closure#0}::{closure#0}
FNDA:0,conjure_core::rules::partial_eval::partial_evaluator
FNDA:0,conjure_core::rules::partial_eval::CONJURE_GEN_RULE_PARTIAL_EVALUATOR::__typecheck::{closure#0}::{closure#0}
FNDA:0,conjure_core::rules::partial_eval::check_pairwise_or_tautologies
FNDA:1,conjure_core::rules::partial_eval::check_pairwise_or_tautologies
FNDA:1,conjure_core::rules::partial_eval::partial_evaluator
FNDA:0,conjure_core::rules::partial_eval::check_pairwise_or_tautologies
FNDA:0,conjure_core::rules::partial_eval::partial_evaluator
FNF:9
FNH:2
BRF:0
BRH:0
DA:16,517570
DA:23,517570
DA:24,24370
DA:25,450
DA:26,0
DA:27,0
DA:28,9960
DA:29,3050
DA:30,11910
DA:31,4040
DA:32,1240
DA:33,2860
DA:34,246810
DA:35,0
DA:36,540
DA:37,20
DA:38,520
DA:40,5590
DA:41,5590
DA:42,5590
DA:43,5590
DA:44,18650
DA:45,4480
DA:46,4480
DA:47,4480
DA:48,8580
DA:49,8580
DA:50,8580
DA:52,5590
DA:53,4410
DA:54,4410
DA:56,5590
DA:57,5540
DA:59,50
DA:63,1740
DA:64,1740
DA:65,1740
DA:66,1740
DA:67,5470
DA:68,1660
DA:69,1660
DA:70,1660
DA:71,2070
DA:72,2070
DA:73,2070
DA:76,1740
DA:77,110
DA:78,1630
DA:79,1630
DA:80,1630
DA:81,1630
DA:82,1630
DA:83,1630
DA:86,0
DA:87,0
DA:88,0
DA:89,0
DA:90,0
DA:92,0
DA:94,1630
DA:96,1610
DA:99,20
DA:103,130
DA:104,130
DA:105,70
DA:107,60
DA:108,60
DA:109,60
DA:110,180
DA:111,0
DA:112,0
DA:113,0
DA:114,0
DA:115,0
DA:116,0
DA:118,0
DA:121,0
DA:123,120
DA:124,120
DA:125,120
DA:128,60
DA:129,0
DA:130,60
DA:132,60
DA:133,60
DA:135,0
DA:136,0
DA:137,0
DA:138,0
DA:142,110
DA:143,110
DA:144,80
DA:147,30
DA:148,30
DA:149,30
DA:150,90
DA:151,10
DA:152,10
DA:153,10
DA:154,0
DA:155,0
DA:156,0
DA:158,0
DA:161,10
DA:163,50
DA:164,50
DA:165,50
DA:168,30
DA:169,10
DA:170,20
DA:172,30
DA:173,30
DA:175,0
DA:176,0
DA:177,0
DA:178,0
DA:181,5150
DA:182,13820
DA:183,13820
DA:184,11920
DA:187,1900
DA:188,1900
DA:189,1900
DA:190,1900
DA:191,6010
DA:192,90
DA:193,90
DA:194,90
DA:195,90
DA:196,90
DA:197,90
DA:198,70
DA:199,20
DA:200,4090
DA:201,4090
DA:202,4090
DA:206,1830
DA:207,0
DA:208,1830
DA:209,1830
DA:210,1830
DA:211,1830
DA:212,0
DA:213,1830
DA:214,1830
DA:215,1830
DA:216,1810
DA:217,20
DA:218,20
DA:219,20
DA:220,20
DA:221,20
DA:222,20
DA:224,11350
DA:225,11350
DA:226,570
DA:228,10780
DA:229,10780
DA:230,37580
DA:231,910
DA:232,910
DA:233,910
DA:234,20
DA:235,20
DA:236,20
DA:237,20
DA:238,890
DA:239,25910
DA:240,25910
DA:241,25910
DA:244,10760
DA:245,9870
DA:247,890
DA:248,890
DA:249,890
DA:250,890
DA:255,14390
DA:256,14390
DA:257,14390
DA:258,4510
DA:259,9880
DA:260,9880
DA:261,9880
DA:262,9880
DA:263,76200
DA:264,180
DA:265,180
DA:266,180
DA:267,20
DA:268,20
DA:269,20
DA:270,20
DA:271,160
DA:272,66160
DA:273,66160
DA:274,66160
DA:277,9860
DA:278,9800
DA:280,60
DA:281,0
DA:282,60
DA:283,60
DA:284,60
DA:285,60
DA:288,17720
DA:289,20
DA:290,20
DA:292,20
DA:295,0
DA:297,17700
DA:298,17700
DA:299,17700
DA:300,17700
DA:301,17700
DA:302,17700
DA:303,17700
DA:304,17700
DA:305,17700
DA:306,20
DA:307,17680
DA:308,17680
DA:309,17680
DA:311,48870
DA:312,4760
DA:313,970
DA:314,16980
DA:315,30
DA:316,1320
DA:317,5600
DA:318,2820
DA:319,7380
DA:320,7380
DA:321,7240
DA:324,140
DA:327,530
DA:328,0
DA:329,0
DA:330,0
DA:331,0
DA:332,390
DA:336,140
DA:338,2700
DA:339,3120
DA:340,2200
DA:341,6650
DA:342,650
DA:343,1820
DA:344,110
DA:348,1290
DA:349,170
DA:350,6850
DA:351,430
DA:352,90
DA:353,1310
DA:354,1320
DA:355,770
DA:356,280
DA:357,220
DA:358,1510
DA:359,3330
DA:360,320
DA:361,9840
DA:362,7970
DA:363,600
DA:364,60
DA:366,517570
DA:377,1830
DA:378,1830
DA:379,1830
DA:380,1830
DA:381,1830
DA:382,1830
DA:383,1830
DA:384,1830
DA:385,1830
DA:387,4020
DA:388,4020
DA:392,0
DA:393,0
DA:394,0
DA:395,0
DA:396,0
DA:397,4020
DA:401,1830
DA:402,0
DA:403,0
DA:404,0
DA:408,1830
DA:409,0
DA:410,0
DA:411,0
DA:414,1830
DA:415,1830
LF:293
LH:244
end_of_record
SF:conjure_oxide/src/utils/json.rs
FN:32,conjure_oxide::utils::json::sort_json_variables
FN:7,conjure_oxide::utils::json::json_value_cmp
FN:48,conjure_oxide::utils::json::sort_json_object
FN:62,conjure_oxide::utils::json::sort_json_object::{closure#1}
FN:53,conjure_oxide::utils::json::sort_json_object::{closure#0}
FN:68,conjure_oxide::utils::json::sort_json_object::{closure#2}
FN:62,conjure_oxide::utils::json::sort_json_object::{closure#1}
FN:53,conjure_oxide::utils::json::sort_json_object::{closure#0}
FN:48,conjure_oxide::utils::json::sort_json_object
FN:62,conjure_oxide::utils::json::sort_json_object::{closure#1}
FN:53,conjure_oxide::utils::json::sort_json_object::{closure#0}
FN:7,conjure_oxide::utils::json::json_value_cmp
FN:32,conjure_oxide::utils::json::sort_json_variables
FN:68,conjure_oxide::utils::json::sort_json_object::{closure#2}
FN:68,conjure_oxide::utils::json::sort_json_object::{closure#2}
FN:48,conjure_oxide::utils::json::sort_json_object
FN:7,conjure_oxide::utils::json::json_value_cmp
FN:32,conjure_oxide::utils::json::sort_json_variables
FNDA:0,conjure_oxide::utils::json::sort_json_variables
FNDA:0,conjure_oxide::utils::json::json_value_cmp
FNDA:1,conjure_oxide::utils::json::sort_json_object
FNDA:1,conjure_oxide::utils::json::sort_json_object::{closure#1}
FNDA:0,conjure_oxide::utils::json::sort_json_object::{closure#0}
FNDA:1,conjure_oxide::utils::json::sort_json_object::{closure#2}
FNDA:0,conjure_oxide::utils::json::sort_json_object::{closure#1}
FNDA:0,conjure_oxide::utils::json::sort_json_object::{closure#0}
FNDA:0,conjure_oxide::utils::json::sort_json_object
FNDA:0,conjure_oxide::utils::json::sort_json_object::{closure#1}
FNDA:1,conjure_oxide::utils::json::sort_json_object::{closure#0}
FNDA:1,conjure_oxide::utils::json::json_value_cmp
FNDA:0,conjure_oxide::utils::json::sort_json_variables
FNDA:0,conjure_oxide::utils::json::sort_json_object::{closure#2}
FNDA:0,conjure_oxide::utils::json::sort_json_object::{closure#2}
FNDA:0,conjure_oxide::utils::json::sort_json_object
FNDA:0,conjure_oxide::utils::json::json_value_cmp
FNDA:0,conjure_oxide::utils::json::sort_json_variables
FNF:18
FNH:5
BRF:0
BRH:0
DA:7,409605
DA:8,409605
DA:9,0
DA:10,0
DA:11,0
DA:12,0
DA:13,0
DA:14,0
DA:15,0
DA:17,0
DA:18,0
DA:19,0
DA:20,0
DA:21,0
DA:22,0
DA:24,0
DA:26,409605
DA:28,409605
DA:32,0
DA:33,0
DA:34,0
DA:35,0
DA:36,0
DA:37,0
DA:39,0
DA:41,0
DA:48,1611701
DA:49,1611701
DA:50,827435
DA:51,827435
DA:52,827435
DA:53,1375409
DA:54,1375409
DA:55,0
DA:57,1375409
DA:59,1375409
DA:60,827435
DA:61,827435
DA:62,1297807
DA:63,827435
DA:65,72751
DA:66,72751
DA:67,72751
DA:68,231826
DA:69,72751
DA:70,72751
DA:71,72751
DA:72,27328
DA:73,45423
DA:75,72751
DA:77,711515
DA:79,1611701
LF:52
LH:29
end_of_record
SF:crates/conjure_core/src/ast/matrix.rs
FN:124,conjure_core::ast::matrix::index_domains::{closure#0}
FN:96,conjure_core::ast::matrix::flatten_enumerate::{closure#0}
FN:68,conjure_core::ast::matrix::flatten_1
FN:87,conjure_core::ast::matrix::flatten_enumerate
FN:60,conjure_core::ast::matrix::flatten
FN:68,conjure_core::ast::matrix::flatten_1
FN:124,conjure_core::ast::matrix::index_domains::{closure#0}
FN:87,conjure_core::ast::matrix::flatten_enumerate
FN:118,conjure_core::ast::matrix::index_domains
FN:69,conjure_core::ast::matrix::flatten_1::{closure#0}
FN:87,conjure_core::ast::matrix::flatten_enumerate
FN:44,conjure_core::ast::matrix::enumerate_indices::{closure#0}
FN:118,conjure_core::ast::matrix::index_domains
FN:44,conjure_core::ast::matrix::enumerate_indices::{closure#0}
FN:41,conjure_core::ast::matrix::enumerate_indices
FN:68,conjure_core::ast::matrix::flatten_1
FN:69,conjure_core::ast::matrix::flatten_1::{closure#0}
FN:96,conjure_core::ast::matrix::flatten_enumerate::{closure#0}
FN:44,conjure_core::ast::matrix::enumerate_indices::{closure#0}
FN:60,conjure_core::ast::matrix::flatten
FN:96,conjure_core::ast::matrix::flatten_enumerate::{closure#0}
FN:69,conjure_core::ast::matrix::flatten_1::{closure#0}
FN:118,conjure_core::ast::matrix::index_domains
FN:41,conjure_core::ast::matrix::enumerate_indices
FN:60,conjure_core::ast::matrix::flatten
FN:41,conjure_core::ast::matrix::enumerate_indices
FN:124,conjure_core::ast::matrix::index_domains::{closure#0}
FNDA:0,conjure_core::ast::matrix::index_domains::{closure#0}
FNDA:0,conjure_core::ast::matrix::flatten_enumerate::{closure#0}
FNDA:1,conjure_core::ast::matrix::flatten_1
FNDA:0,conjure_core::ast::matrix::flatten_enumerate
FNDA:0,conjure_core::ast::matrix::flatten
FNDA:0,conjure_core::ast::matrix::flatten_1
FNDA:1,conjure_core::ast::matrix::index_domains::{closure#0}
FNDA:1,conjure_core::ast::matrix::flatten_enumerate
FNDA:0,conjure_core::ast::matrix::index_domains
FNDA:0,conjure_core::ast::matrix::flatten_1::{closure#0}
FNDA:0,conjure_core::ast::matrix::flatten_enumerate
FNDA:0,conjure_core::ast::matrix::enumerate_indices::{closure#0}
FNDA:0,conjure_core::ast::matrix::index_domains
FNDA:1,conjure_core::ast::matrix::enumerate_indices::{closure#0}
FNDA:0,conjure_core::ast::matrix::enumerate_indices
FNDA:0,conjure_core::ast::matrix::flatten_1
FNDA:0,conjure_core::ast::matrix::flatten_1::{closure#0}
FNDA:0,conjure_core::ast::matrix::flatten_enumerate::{closure#0}
FNDA:0,conjure_core::ast::matrix::enumerate_indices::{closure#0}
FNDA:0,conjure_core::ast::matrix::flatten
FNDA:1,conjure_core::ast::matrix::flatten_enumerate::{closure#0}
FNDA:1,conjure_core::ast::matrix::flatten_1::{closure#0}
FNDA:1,conjure_core::ast::matrix::index_domains
FNDA:1,conjure_core::ast::matrix::enumerate_indices
FNDA:1,conjure_core::ast::matrix::flatten
FNDA:0,conjure_core::ast::matrix::enumerate_indices
FNDA:0,conjure_core::ast::matrix::index_domains::{closure#0}
FNF:27
FNH:9
BRF:0
BRH:0
DA:41,180
DA:42,180
DA:43,180
DA:44,290
DA:45,290
DA:46,290
DA:47,290
DA:48,180
DA:49,180
DA:60,70
DA:61,70
DA:62,0
DA:65,70
DA:66,70
DA:68,100
DA:69,270
DA:70,70
DA:71,70
DA:73,200
DA:75,270
DA:76,100
DA:87,30
DA:88,30
DA:89,30
DA:90,30
DA:91,0
DA:94,30
DA:95,30
DA:96,60
DA:97,60
DA:98,60
DA:99,40
DA:100,0
DA:101,40
DA:102,40
DA:104,20
DA:105,60
DA:106,30
DA:107,30
DA:108,30
DA:109,30
DA:118,40
DA:119,40
DA:120,0
DA:123,40
DA:124,160
DA:125,160
DA:126,160
DA:127,0
DA:130,160
DA:131,160
DA:132,0
DA:133,160
DA:134,160
DA:135,160
DA:136,160
DA:139,160
DA:140,40
DA:141,40
LF:59
LH:53
end_of_record
SF:crates/conjure_core/src/ast/pretty.rs
FN:56,conjure_core::ast::pretty::pretty_vec::<conjure_core::ast::atom::Atom>::{closure#0}
FN:55,conjure_core::ast::pretty::pretty_vec::<conjure_core::ast::expressions::Expression>
FN:56,conjure_core::ast::pretty::pretty_vec::<conjure_core::ast::literals::Literal>::{closure#0}
FN:55,conjure_core::ast::pretty::pretty_vec::<conjure_core::ast::literals::Literal>
FN:37,conjure_core::ast::pretty::pretty_expressions_as_conjunction
FN:24,conjure_core::ast::pretty::pretty_expressions_as_top_level
FN:24,conjure_core::ast::pretty::pretty_expressions_as_top_level
FN:56,conjure_core::ast::pretty::pretty_vec::<conjure_core::ast::literals::Literal>::{closure#0}
FN:56,conjure_core::ast::pretty::pretty_vec::<conjure_core::ast::literals::Literal>::{closure#0}
FN:55,conjure_core::ast::pretty::pretty_vec::<conjure_core::ast::literals::Literal>
FN:25,conjure_core::ast::pretty::pretty_expressions_as_top_level::{closure#0}
FN:56,conjure_core::ast::pretty::pretty_vec::<&conjure_core::ast::domains::Domain>::{closure#0}
FN:55,conjure_core::ast::pretty::pretty_vec::<conjure_core::ast::literals::Literal>
FN:56,conjure_core::ast::pretty::pretty_vec::<conjure_core::ast::expressions::Expression>::{closure#0}
FN:38,conjure_core::ast::pretty::pretty_expressions_as_conjunction::{closure#0}
FN:88,conjure_core::ast::pretty::pretty_value_letting_declaration
FN:55,conjure_core::ast::pretty::pretty_vec::<&conjure_core::ast::domains::Domain>
FN:56,conjure_core::ast::pretty::pretty_vec::<conjure_core::ast::expressions::Expression>::{closure#0}
FN:56,conjure_core::ast::pretty::pretty_vec::<&conjure_core::ast::domains::Domain>::{closure#0}
FN:56,conjure_core::ast::pretty::pretty_vec::<&conjure_core::ast::domains::Domain>::{closure#0}
FN:88,conjure_core::ast::pretty::pretty_value_letting_declaration
FN:55,conjure_core::ast::pretty::pretty_vec::<&conjure_core::ast::domains::Domain>
FN:55,conjure_core::ast::pretty::pretty_vec::<conjure_core::ast::atom::Atom>
FN:38,conjure_core::ast::pretty::pretty_expressions_as_conjunction::{closure#0}
FN:103,conjure_core::ast::pretty::pretty_domain_letting_declaration
FN:55,conjure_core::ast::pretty::pretty_vec::<conjure_core::ast::atom::Atom>
FN:103,conjure_core::ast::pretty::pretty_domain_letting_declaration
FN:103,conjure_core::ast::pretty::pretty_domain_letting_declaration
FN:37,conjure_core::ast::pretty::pretty_expressions_as_conjunction
FN:72,conjure_core::ast::pretty::pretty_variable_declaration
FN:25,conjure_core::ast::pretty::pretty_expressions_as_top_level::{closure#0}
FN:55,conjure_core::ast::pretty::pretty_vec::<conjure_core::ast::expressions::Expression>
FN:37,conjure_core::ast::pretty::pretty_expressions_as_conjunction
FN:72,conjure_core::ast::pretty::pretty_variable_declaration
FN:38,conjure_core::ast::pretty::pretty_expressions_as_conjunction::{closure#0}
FN:25,conjure_core::ast::pretty::pretty_expressions_as_top_level::{closure#0}
FN:55,conjure_core::ast::pretty::pretty_vec::<conjure_core::ast::atom::Atom>
FN:55,conjure_core::ast::pretty::pretty_vec::<&conjure_core::ast::domains::Domain>
FN:88,conjure_core::ast::pretty::pretty_value_letting_declaration
FN:72,conjure_core::ast::pretty::pretty_variable_declaration
FN:24,conjure_core::ast::pretty::pretty_expressions_as_top_level
FN:56,conjure_core::ast::pretty::pretty_vec::<conjure_core::ast::atom::Atom>::{closure#0}
FN:56,conjure_core::ast::pretty::pretty_vec::<conjure_core::ast::atom::Atom>::{closure#0}
FN:56,conjure_core::ast::pretty::pretty_vec::<conjure_core::ast::expressions::Expression>::{closure#0}
FN:55,conjure_core::ast::pretty::pretty_vec::<conjure_core::ast::expressions::Expression>
FNDA:1,conjure_core::ast::pretty::pretty_vec::<conjure_core::ast::atom::Atom>::{closure#0}
FNDA:1,conjure_core::ast::pretty::pretty_vec::<conjure_core::ast::expressions::Expression>
FNDA:1,conjure_core::ast::pretty::pretty_vec::<conjure_core::ast::literals::Literal>::{closure#0}
FNDA:0,conjure_core::ast::pretty::pretty_vec::<conjure_core::ast::literals::Literal>
FNDA:0,conjure_core::ast::pretty::pretty_expressions_as_conjunction
FNDA:0,conjure_core::ast::pretty::pretty_expressions_as_top_level
FNDA:0,conjure_core::ast::pretty::pretty_expressions_as_top_level
FNDA:0,conjure_core::ast::pretty::pretty_vec::<conjure_core::ast::literals::Literal>::{closure#0}
FNDA:0,conjure_core::ast::pretty::pretty_vec::<conjure_core::ast::literals::Literal>::{closure#0}
FNDA:1,conjure_core::ast::pretty::pretty_vec::<conjure_core::ast::literals::Literal>
FNDA:0,conjure_core::ast::pretty::pretty_expressions_as_top_level::{closure#0}
FNDA:0,conjure_core::ast::pretty::pretty_vec::<&conjure_core::ast::domains::Domain>::{closure#0}
FNDA:0,conjure_core::ast::pretty::pretty_vec::<conjure_core::ast::literals::Literal>
FNDA:1,conjure_core::ast::pretty::pretty_vec::<conjure_core::ast::expressions::Expression>::{closure#0}
FNDA:0,conjure_core::ast::pretty::pretty_expressions_as_conjunction::{closure#0}
FNDA:0,conjure_core::ast::pretty::pretty_value_letting_declaration
FNDA:0,conjure_core::ast::pretty::pretty_vec::<&conjure_core::ast::domains::Domain>
FNDA:0,conjure_core::ast::pretty::pretty_vec::<conjure_core::ast::expressions::Expression>::{closure#0}
FNDA:1,conjure_core::ast::pretty::pretty_vec::<&conjure_core::ast::domains::Domain>::{closure#0}
FNDA:0,conjure_core::ast::pretty::pretty_vec::<&conjure_core::ast::domains::Domain>::{closure#0}
FNDA:1,conjure_core::ast::pretty::pretty_value_letting_declaration
FNDA:1,conjure_core::ast::pretty::pretty_vec::<&conjure_core::ast::domains::Domain>
FNDA:0,conjure_core::ast::pretty::pretty_vec::<conjure_core::ast::atom::Atom>
FNDA:0,conjure_core::ast::pretty::pretty_expressions_as_conjunction::{closure#0}
FNDA:1,conjure_core::ast::pretty::pretty_domain_letting_declaration
FNDA:0,conjure_core::ast::pretty::pretty_vec::<conjure_core::ast::atom::Atom>
FNDA:0,conjure_core::ast::pretty::pretty_domain_letting_declaration
FNDA:0,conjure_core::ast::pretty::pretty_domain_letting_declaration
FNDA:0,conjure_core::ast::pretty::pretty_expressions_as_conjunction
FNDA:0,conjure_core::ast::pretty::pretty_variable_declaration
FNDA:0,conjure_core::ast::pretty::pretty_expressions_as_top_level::{closure#0}
FNDA:0,conjure_core::ast::pretty::pretty_vec::<conjure_core::ast::expressions::Expression>
FNDA:0,conjure_core::ast::pretty::pretty_expressions_as_conjunction
FNDA:1,conjure_core::ast::pretty::pretty_variable_declaration
FNDA:0,conjure_core::ast::pretty::pretty_expressions_as_conjunction::{closure#0}
FNDA:1,conjure_core::ast::pretty::pretty_expressions_as_top_level::{closure#0}
FNDA:1,conjure_core::ast::pretty::pretty_vec::<conjure_core::ast::atom::Atom>
FNDA:0,conjure_core::ast::pretty::pretty_vec::<&conjure_core::ast::domains::Domain>
FNDA:0,conjure_core::ast::pretty::pretty_value_letting_declaration
FNDA:0,conjure_core::ast::pretty::pretty_variable_declaration
FNDA:1,conjure_core::ast::pretty::pretty_expressions_as_top_level
FNDA:0,conjure_core::ast::pretty::pretty_vec::<conjure_core::ast::atom::Atom>::{closure#0}
FNDA:0,conjure_core::ast::pretty::pretty_vec::<conjure_core::ast::atom::Atom>::{closure#0}
FNDA:0,conjure_core::ast::pretty::pretty_vec::<conjure_core::ast::expressions::Expression>::{closure#0}
FNDA:0,conjure_core::ast::pretty::pretty_vec::<conjure_core::ast::expressions::Expression>
FNF:45
FNH:13
BRF:0
BRH:0
DA:24,2460
DA:25,6350
DA:26,2460
DA:37,0
DA:38,0
DA:39,0
DA:40,0
DA:41,0
DA:42,0
DA:43,0
DA:44,0
DA:55,35470
DA:56,38070
DA:57,35470
DA:58,35470
DA:59,35470
DA:60,35470
DA:61,35470
DA:72,8860
DA:73,8860
DA:74,8860
DA:75,8860
DA:76,8860
DA:77,8860
DA:88,180
DA:89,180
DA:90,180
DA:91,180
DA:92,180
DA:103,120
DA:104,120
DA:105,120
DA:106,120
DA:107,120
DA:108,120
DA:109,120
DA:110,120
LF:37
LH:29
end_of_record
SF:crates/conjure_core/src/rule_engine/resolve_rules.rs
FN:42,<conjure_core::rule_engine::resolve_rules::RuleData as core::cmp::PartialOrd>::partial_cmp
FN:165,conjure_core::rule_engine::resolve_rules::resolve_rule_sets
FN:63,<conjure_core::rule_engine::resolve_rules::ResolveRulesError as core::fmt::Display>::fmt
FN:42,<conjure_core::rule_engine::resolve_rules::RuleData as core::cmp::PartialOrd>::partial_cmp
FN:77,conjure_core::rule_engine::resolve_rules::get_rule_set
FN:63,<conjure_core::rule_engine::resolve_rules::ResolveRulesError as core::fmt::Display>::fmt
FN:77,conjure_core::rule_engine::resolve_rules::get_rule_set
FN:77,conjure_core::rule_engine::resolve_rules::get_rule_set
FN:148,conjure_core::rule_engine::resolve_rules::get_rules_grouped::{closure#0}
FN:142,conjure_core::rule_engine::resolve_rules::get_rules_grouped
FN:115,conjure_core::rule_engine::resolve_rules::get_rules
FN:33,<conjure_core::rule_engine::resolve_rules::RuleData as core::cmp::PartialEq>::eq
FN:33,<conjure_core::rule_engine::resolve_rules::RuleData as core::cmp::PartialEq>::eq
FN:148,conjure_core::rule_engine::resolve_rules::get_rules_grouped::{closure#0}
FN:151,conjure_core::rule_engine::resolve_rules::get_rules_grouped::{closure#1}
FN:19,<conjure_core::rule_engine::resolve_rules::RuleData as core::fmt::Display>::fmt
FN:165,conjure_core::rule_engine::resolve_rules::resolve_rule_sets
FN:19,<conjure_core::rule_engine::resolve_rules::RuleData as core::fmt::Display>::fmt
FN:151,conjure_core::rule_engine::resolve_rules::get_rules_grouped::{closure#1}
FN:165,conjure_core::rule_engine::resolve_rules::resolve_rule_sets
FN:93,conjure_core::rule_engine::resolve_rules::rule_sets_by_names
FN:93,conjure_core::rule_engine::resolve_rules::rule_sets_by_names
FN:48,<conjure_core::rule_engine::resolve_rules::RuleData as core::cmp::Ord>::cmp
FN:63,<conjure_core::rule_engine::resolve_rules::ResolveRulesError as core::fmt::Display>::fmt
FN:93,conjure_core::rule_engine::resolve_rules::rule_sets_by_names
FN:48,<conjure_core::rule_engine::resolve_rules::RuleData as core::cmp::Ord>::cmp
FN:142,conjure_core::rule_engine::resolve_rules::get_rules_grouped
FN:19,<conjure_core::rule_engine::resolve_rules::RuleData as core::fmt::Display>::fmt
FN:142,conjure_core::rule_engine::resolve_rules::get_rules_grouped
FN:148,conjure_core::rule_engine::resolve_rules::get_rules_grouped::{closure#0}
FN:115,conjure_core::rule_engine::resolve_rules::get_rules
FN:48,<conjure_core::rule_engine::resolve_rules::RuleData as core::cmp::Ord>::cmp
FN:42,<conjure_core::rule_engine::resolve_rules::RuleData as core::cmp::PartialOrd>::partial_cmp
FN:33,<conjure_core::rule_engine::resolve_rules::RuleData as core::cmp::PartialEq>::eq
FN:115,conjure_core::rule_engine::resolve_rules::get_rules
FN:151,conjure_core::rule_engine::resolve_rules::get_rules_grouped::{closure#1}
FNDA:0,<conjure_core::rule_engine::resolve_rules::RuleData as core::cmp::PartialOrd>::partial_cmp
FNDA:0,conjure_core::rule_engine::resolve_rules::resolve_rule_sets
FNDA:0,<conjure_core::rule_engine::resolve_rules::ResolveRulesError as core::fmt::Display>::fmt
FNDA:0,<conjure_core::rule_engine::resolve_rules::RuleData as core::cmp::PartialOrd>::partial_cmp
FNDA:0,conjure_core::rule_engine::resolve_rules::get_rule_set
FNDA:0,<conjure_core::rule_engine::resolve_rules::ResolveRulesError as core::fmt::Display>::fmt
FNDA:1,conjure_core::rule_engine::resolve_rules::get_rule_set
FNDA:0,conjure_core::rule_engine::resolve_rules::get_rule_set
FNDA:0,conjure_core::rule_engine::resolve_rules::get_rules_grouped::{closure#0}
FNDA:1,conjure_core::rule_engine::resolve_rules::get_rules_grouped
FNDA:0,conjure_core::rule_engine::resolve_rules::get_rules
FNDA:0,<conjure_core::rule_engine::resolve_rules::RuleData as core::cmp::PartialEq>::eq
FNDA:0,<conjure_core::rule_engine::resolve_rules::RuleData as core::cmp::PartialEq>::eq
FNDA:1,conjure_core::rule_engine::resolve_rules::get_rules_grouped::{closure#0}
FNDA:0,conjure_core::rule_engine::resolve_rules::get_rules_grouped::{closure#1}
FNDA:0,<conjure_core::rule_engine::resolve_rules::RuleData as core::fmt::Display>::fmt
FNDA:1,conjure_core::rule_engine::resolve_rules::resolve_rule_sets
FNDA:0,<conjure_core::rule_engine::resolve_rules::RuleData as core::fmt::Display>::fmt
FNDA:0,conjure_core::rule_engine::resolve_rules::get_rules_grouped::{closure#1}
FNDA:0,conjure_core::rule_engine::resolve_rules::resolve_rule_sets
FNDA:0,conjure_core::rule_engine::resolve_rules::rule_sets_by_names
FNDA:1,conjure_core::rule_engine::resolve_rules::rule_sets_by_names
FNDA:0,<conjure_core::rule_engine::resolve_rules::RuleData as core::cmp::Ord>::cmp
FNDA:0,<conjure_core::rule_engine::resolve_rules::ResolveRulesError as core::fmt::Display>::fmt
FNDA:0,conjure_core::rule_engine::resolve_rules::rule_sets_by_names
FNDA:1,<conjure_core::rule_engine::resolve_rules::RuleData as core::cmp::Ord>::cmp
FNDA:0,conjure_core::rule_engine::resolve_rules::get_rules_grouped
FNDA:0,<conjure_core::rule_engine::resolve_rules::RuleData as core::fmt::Display>::fmt
FNDA:0,conjure_core::rule_engine::resolve_rules::get_rules_grouped
FNDA:0,conjure_core::rule_engine::resolve_rules::get_rules_grouped::{closure#0}
FNDA:1,conjure_core::rule_engine::resolve_rules::get_rules
FNDA:0,<conjure_core::rule_engine::resolve_rules::RuleData as core::cmp::Ord>::cmp
FNDA:0,<conjure_core::rule_engine::resolve_rules::RuleData as core::cmp::PartialOrd>::partial_cmp
FNDA:0,<conjure_core::rule_engine::resolve_rules::RuleData as core::cmp::PartialEq>::eq
FNDA:0,conjure_core::rule_engine::resolve_rules::get_rules
FNDA:1,conjure_core::rule_engine::resolve_rules::get_rules_grouped::{closure#1}
FNF:36
FNH:8
BRF:0
BRH:0
DA:19,0
DA:20,0
DA:21,0
DA:22,0
DA:23,0
DA:24,0
DA:25,0
DA:33,0
DA:34,0
DA:35,0
DA:42,0
DA:43,0
DA:44,0
DA:48,468470
DA:49,468470
DA:50,134680
DA:51,333790
DA:53,468470
DA:63,0
DA:64,0
DA:65,0
DA:66,0
DA:67,0
DA:77,3210
DA:78,3210
DA:79,3210
DA:80,0
DA:82,3210
DA:93,1070
DA:94,1070
DA:95,1070
DA:96,1070
DA:98,4280
DA:99,3210
DA:100,3210
DA:101,3210
DA:102,3210
DA:105,1070
DA:106,1070
DA:115,1070
DA:116,1070
DA:117,1070
DA:118,1070
DA:119,1070
DA:120,1070
DA:122,5350
DA:123,70620
DA:124,70620
DA:125,70620
DA:126,70620
DA:127,70620
DA:128,70620
DA:129,70620
DA:132,1070
DA:133,1070
DA:142,1070
DA:143,1070
DA:144,1070
DA:145,1070
DA:146,1070
DA:147,1070
DA:148,70620
DA:149,1070
DA:150,1070
DA:151,18190
DA:152,1070
DA:153,1070
DA:154,1070
DA:165,1070
DA:166,1070
DA:167,1070
DA:168,1070
DA:169,1070
DA:170,1070
DA:171,1070
DA:173,1070
DA:174,1070
DA:175,1070
DA:177,1070
DA:178,1070
DA:179,1070
LF:81
LH:62
end_of_record
SF:crates/tree_morph/src/commands.rs
FN:65,<tree_morph::commands::Commands<mixed_fn_rules::Expr, ()>>::new
FN:65,<tree_morph::commands::Commands<conjure_core::ast::expressions::Expression, conjure_core::ast::symbol_table::SymbolTable>>::new
FN:95,<tree_morph::commands::Commands<mixed_fn_rules::Expr, ()>>::apply
FN:65,<tree_morph::commands::Commands<enum_rules::Expr, enum_rules::Meta>>::new
FN:78,<tree_morph::commands::Commands<_, _>>::transform
FN:85,<tree_morph::commands::Commands<lambda_calc::Expr, u32>>::mut_meta
FN:85,<tree_morph::commands::Commands<enum_rules::Expr, enum_rules::Meta>>::mut_meta
FN:90,<tree_morph::commands::Commands<_, _>>::clear
FN:85,<tree_morph::commands::Commands<_, _>>::mut_meta
FN:65,<tree_morph::commands::Commands<lambda_calc::Expr, u32>>::new
FN:95,<tree_morph::commands::Commands<enum_rules::Expr, enum_rules::Meta>>::apply
FN:85,<tree_morph::commands::Commands<conjure_core::ast::expressions::Expression, conjure_core::ast::symbol_table::SymbolTable>>::mut_meta
FN:78,<tree_morph::commands::Commands<conjure_core::ast::expressions::Expression, conjure_core::ast::symbol_table::SymbolTable>>::transform
FN:95,<tree_morph::commands::Commands<lambda_calc::Expr, u32>>::apply
FN:78,<tree_morph::commands::Commands<conjure_core::ast::expressions::Expression, conjure_core::ast::symbol_table::SymbolTable>>::transform
FN:85,<tree_morph::commands::Commands<conjure_core::ast::expressions::Expression, conjure_core::ast::symbol_table::SymbolTable>>::mut_meta
FN:95,<tree_morph::commands::Commands<shapes::Shape, ()>>::apply
FN:95,<tree_morph::commands::Commands<conjure_core::ast::expressions::Expression, conjure_core::ast::symbol_table::SymbolTable>>::apply
FN:65,<tree_morph::commands::Commands<_, _>>::new
FN:65,<tree_morph::commands::Commands<shapes::Shape, ()>>::new
FN:95,<tree_morph::commands::Commands<rule_groups::Expr, ()>>::apply
FN:95,<tree_morph::commands::Commands<_, _>>::apply
FN:65,<tree_morph::commands::Commands<rule_groups::Expr, ()>>::new
FNDA:0,<tree_morph::commands::Commands<mixed_fn_rules::Expr, ()>>::new
FNDA:0,<tree_morph::commands::Commands<conjure_core::ast::expressions::Expression, conjure_core::ast::symbol_table::SymbolTable>>::new
FNDA:0,<tree_morph::commands::Commands<mixed_fn_rules::Expr, ()>>::apply
FNDA:0,<tree_morph::commands::Commands<enum_rules::Expr, enum_rules::Meta>>::new
FNDA:0,<tree_morph::commands::Commands<_, _>>::transform
FNDA:0,<tree_morph::commands::Commands<lambda_calc::Expr, u32>>::mut_meta
FNDA:0,<tree_morph::commands::Commands<enum_rules::Expr, enum_rules::Meta>>::mut_meta
FNDA:0,<tree_morph::commands::Commands<_, _>>::clear
FNDA:0,<tree_morph::commands::Commands<_, _>>::mut_meta
FNDA:0,<tree_morph::commands::Commands<lambda_calc::Expr, u32>>::new
FNDA:0,<tree_morph::commands::Commands<enum_rules::Expr, enum_rules::Meta>>::apply
FNDA:0,<tree_morph::commands::Commands<conjure_core::ast::expressions::Expression, conjure_core::ast::symbol_table::SymbolTable>>::mut_meta
FNDA:0,<tree_morph::commands::Commands<conjure_core::ast::expressions::Expression, conjure_core::ast::symbol_table::SymbolTable>>::transform
FNDA:0,<tree_morph::commands::Commands<lambda_calc::Expr, u32>>::apply
FNDA:0,<tree_morph::commands::Commands<conjure_core::ast::expressions::Expression, conjure_core::ast::symbol_table::SymbolTable>>::transform
FNDA:0,<tree_morph::commands::Commands<conjure_core::ast::expressions::Expression, conjure_core::ast::symbol_table::SymbolTable>>::mut_meta
FNDA:0,<tree_morph::commands::Commands<shapes::Shape, ()>>::apply
FNDA:0,<tree_morph::commands::Commands<conjure_core::ast::expressions::Expression, conjure_core::ast::symbol_table::SymbolTable>>::apply
FNDA:0,<tree_morph::commands::Commands<_, _>>::new
FNDA:0,<tree_morph::commands::Commands<shapes::Shape, ()>>::new
FNDA:0,<tree_morph::commands::Commands<rule_groups::Expr, ()>>::apply
FNDA:0,<tree_morph::commands::Commands<_, _>>::apply
FNDA:0,<tree_morph::commands::Commands<rule_groups::Expr, ()>>::new
FNF:23
FNH:0
BRF:0
BRH:0
DA:65,0
DA:66,0
DA:67,0
DA:68,0
DA:69,0
DA:78,0
DA:79,0
DA:80,0
DA:85,0
DA:86,0
DA:87,0
DA:90,0
DA:91,0
DA:92,0
DA:95,0
DA:96,0
DA:97,0
DA:98,0
DA:99,0
DA:102,0
DA:103,0
LF:21
LH:0
end_of_record
SF:crates/conjure_core/src/ast/variables.rs
FN:60,<conjure_core::ast::variables::DecisionVariable as core::fmt::Display>::fmt
FN:54,<conjure_core::ast::variables::DecisionVariable as conjure_core::ast::types::Typeable>::return_type
FN:32,<conjure_core::ast::variables::DecisionVariable as core::hash::Hash>::hash::<_>
FN:32,<conjure_core::ast::variables::DecisionVariable as core::hash::Hash>::hash::<_>
FN:32,<conjure_core::ast::variables::DecisionVariable as core::hash::Hash>::hash::<_>
FN:45,<conjure_core::ast::variables::DecisionVariable>::new
FN:60,<conjure_core::ast::variables::DecisionVariable as core::fmt::Display>::fmt
FN:54,<conjure_core::ast::variables::DecisionVariable as conjure_core::ast::types::Typeable>::return_type
FN:54,<conjure_core::ast::variables::DecisionVariable as conjure_core::ast::types::Typeable>::return_type
FN:45,<conjure_core::ast::variables::DecisionVariable>::new
FN:60,<conjure_core::ast::variables::DecisionVariable as core::fmt::Display>::fmt
FN:45,<conjure_core::ast::variables::DecisionVariable>::new
FNDA:0,<conjure_core::ast::variables::DecisionVariable as core::fmt::Display>::fmt
FNDA:0,<conjure_core::ast::variables::DecisionVariable as conjure_core::ast::types::Typeable>::return_type
FNDA:0,<conjure_core::ast::variables::DecisionVariable as core::hash::Hash>::hash::<_>
FNDA:0,<conjure_core::ast::variables::DecisionVariable as core::hash::Hash>::hash::<_>
FNDA:0,<conjure_core::ast::variables::DecisionVariable as core::hash::Hash>::hash::<_>
FNDA:0,<conjure_core::ast::variables::DecisionVariable>::new
FNDA:0,<conjure_core::ast::variables::DecisionVariable as core::fmt::Display>::fmt
FNDA:0,<conjure_core::ast::variables::DecisionVariable as conjure_core::ast::types::Typeable>::return_type
FNDA:0,<conjure_core::ast::variables::DecisionVariable as conjure_core::ast::types::Typeable>::return_type
FNDA:1,<conjure_core::ast::variables::DecisionVariable>::new
FNDA:0,<conjure_core::ast::variables::DecisionVariable as core::fmt::Display>::fmt
FNDA:1,<conjure_core::ast::variables::DecisionVariable>::new
FNF:12
FNH:2
BRF:0
BRH:0
DA:32,0
DA:45,6723
DA:46,6723
DA:47,6723
DA:48,6723
DA:49,6723
DA:50,6723
DA:54,0
DA:55,0
DA:60,0
DA:61,0
DA:62,0
LF:12
LH:6
end_of_record
SF:solvers/minion/src/error.rs
FN:47,<minion_rs::error::RuntimeError as core::convert::From<u32>>::from
FN:47,<minion_rs::error::RuntimeError as core::convert::From<u32>>::from
FNDA:0,<minion_rs::error::RuntimeError as core::convert::From<u32>>::from
FNDA:0,<minion_rs::error::RuntimeError as core::convert::From<u32>>::from
FNF:2
FNH:0
BRF:0
BRH:0
DA:47,0
DA:48,0
DA:50,0
DA:51,0
DA:53,0
LF:5
LH:0
end_of_record
SF:crates/conjure_core/src/ast/symbol_table.rs
FN:407,<conjure_core::ast::symbol_table::SymbolTable as core::clone::Clone>::clone::{closure#0}
FN:154,<conjure_core::ast::symbol_table::SymbolTable>::return_type
FN:184,<conjure_core::ast::symbol_table::SymbolTable>::resolve_domain
FN:197,<conjure_core::ast::symbol_table::SymbolTable>::extend
FN:393,<conjure_core::ast::symbol_table::SymbolTable as conjure_core::ast::serde::DefaultWithId>::default_with_id
FN:197,<conjure_core::ast::symbol_table::SymbolTable>::extend
FN:148,<conjure_core::ast::symbol_table::SymbolTable>::update_insert
FN:126,<conjure_core::ast::symbol_table::SymbolTable>::lookup
FN:160,<conjure_core::ast::symbol_table::SymbolTable>::return_type_local::{closure#0}
FN:107,<conjure_core::ast::symbol_table::SymbolTable>::new_inner::{closure#0}
FN:407,<conjure_core::ast::symbol_table::SymbolTable as core::clone::Clone>::clone::{closure#0}
FN:137,<conjure_core::ast::symbol_table::SymbolTable>::insert
FN:472,<conjure_core::ast::symbol_table::SymbolTable as uniplate::traits::Biplate<conjure_core::ast::comprehension::Comprehension>>::biplate::{closure#0}
FN:80,<<conjure_core::ast::symbol_table::SymbolTable as serde::de::Deserialize>::deserialize::__Visitor as serde::de::Visitor>::visit_seq::<serde_json::de::SeqAccess<serde_json::read::StrRead>>::{closure#0}
FN:184,<conjure_core::ast::symbol_table::SymbolTable>::resolve_domain
FN:102,<conjure_core::ast::symbol_table::SymbolTable>::with_parent
FN:296,<conjure_core::ast::symbol_table::SymbolTable>::get_or_add_representation::{closure#0}
FN:130,<conjure_core::ast::symbol_table::SymbolTable>::lookup::{closure#0}::{closure#0}
FN:102,<conjure_core::ast::symbol_table::SymbolTable>::with_parent
FN:185,<conjure_core::ast::symbol_table::SymbolTable>::resolve_domain::{closure#0}
FN:317,<conjure_core::ast::symbol_table::SymbolTable>::get_or_add_representation::{closure#1}::{closure#0}
FN:225,<conjure_core::ast::symbol_table::SymbolTable>::parent_mut_unchecked
FN:185,<conjure_core::ast::symbol_table::SymbolTable>::resolve_domain::{closure#0}
FN:167,<conjure_core::ast::symbol_table::SymbolTable>::domain
FN:404,<conjure_core::ast::symbol_table::SymbolTable as core::clone::Clone>::clone
FN:107,<conjure_core::ast::symbol_table::SymbolTable>::new_inner::{closure#0}
FN:155,<conjure_core::ast::symbol_table::SymbolTable>::return_type::{closure#0}
FN:350,<conjure_core::ast::symbol_table::LocalIntoIter as core::iter::traits::iterator::Iterator>::next
FN:296,<conjure_core::ast::symbol_table::SymbolTable>::get_or_add_representation::{closure#0}::{closure#0}
FN:367,<conjure_core::ast::symbol_table::IntoIter as core::iter::traits::iterator::Iterator>::next
FN:421,<conjure_core::ast::symbol_table::SymbolTable as uniplate::traits::Uniplate>::uniplate
FN:106,<conjure_core::ast::symbol_table::SymbolTable>::new_inner
FN:439,<conjure_core::ast::symbol_table::SymbolTable as uniplate::traits::Biplate<conjure_core::ast::expressions::Expression>>::biplate::{closure#1}
FN:489,<conjure_core::ast::symbol_table::SymbolTable as uniplate::traits::Biplate<conjure_core::ast::submodel::SubModel>>::biplate::{closure#0}
FN:189,<conjure_core::ast::symbol_table::SymbolTable>::into_iter_local
FN:80,<<conjure_core::ast::symbol_table::SymbolTable as serde::de::Deserialize>::deserialize::__Visitor as serde::de::Visitor>::visit_seq::<serde_json::de::SeqAccess<serde_json::read::StrRead>>::{closure#0}
FN:167,<conjure_core::ast::symbol_table::SymbolTable>::domain
FN:127,<conjure_core::ast::symbol_table::SymbolTable>::lookup::{closure#0}
FN:415,<conjure_core::ast::symbol_table::SymbolTable as core::default::Default>::default
FN:102,<conjure_core::ast::symbol_table::SymbolTable>::with_parent
FN:216,<conjure_core::ast::symbol_table::SymbolTable>::gensym
FN:154,<conjure_core::ast::symbol_table::SymbolTable>::return_type
FN:137,<conjure_core::ast::symbol_table::SymbolTable>::insert
FN:160,<conjure_core::ast::symbol_table::SymbolTable>::return_type_local::{closure#0}
FN:255,<conjure_core::ast::symbol_table::SymbolTable>::get_representation::{closure#0}
FN:265,<conjure_core::ast::symbol_table::SymbolTable>::representations_for
FN:484,<conjure_core::ast::symbol_table::SymbolTable as uniplate::traits::Biplate<conjure_core::ast::submodel::SubModel>>::biplate
FN:130,<conjure_core::ast::symbol_table::SymbolTable>::lookup::{closure#0}::{closure#0}
FN:484,<conjure_core::ast::symbol_table::SymbolTable as uniplate::traits::Biplate<conjure_core::ast::submodel::SubModel>>::biplate
FN:299,<conjure_core::ast::symbol_table::SymbolTable>::get_or_add_representation::{closure#1}
FN:267,<conjure_core::ast::symbol_table::SymbolTable>::representations_for::{closure#0}
FN:286,<conjure_core::ast::symbol_table::SymbolTable>::get_or_add_representation
FN:167,<conjure_core::ast::symbol_table::SymbolTable>::domain
FN:433,<conjure_core::ast::symbol_table::SymbolTable as uniplate::traits::Biplate<conjure_core::ast::expressions::Expression>>::biplate::{closure#0}
FN:159,<conjure_core::ast::symbol_table::SymbolTable>::return_type_local
FN:404,<conjure_core::ast::symbol_table::SymbolTable as core::clone::Clone>::clone
FN:159,<conjure_core::ast::symbol_table::SymbolTable>::return_type_local
FN:424,<conjure_core::ast::symbol_table::SymbolTable as uniplate::traits::Uniplate>::uniplate::{closure#0}
FN:148,<conjure_core::ast::symbol_table::SymbolTable>::update_insert
FN:286,<conjure_core::ast::symbol_table::SymbolTable>::get_or_add_representation
FN:80,<<conjure_core::ast::symbol_table::SymbolTable as serde::de::Deserialize>::deserialize::__Visitor as serde::de::Visitor>::visit_seq::<_>::{closure#1}
FN:350,<conjure_core::ast::symbol_table::LocalIntoIter as core::iter::traits::iterator::Iterator>::next
FN:317,<conjure_core::ast::symbol_table::SymbolTable>::get_or_add_representation::{closure#1}::{closure#0}
FN:415,<conjure_core::ast::symbol_table::SymbolTable as core::default::Default>::default
FN:265,<conjure_core::ast::symbol_table::SymbolTable>::representations_for
FN:159,<conjure_core::ast::symbol_table::SymbolTable>::return_type_local
FN:119,<conjure_core::ast::symbol_table::SymbolTable>::lookup_local
FN:189,<conjure_core::ast::symbol_table::SymbolTable>::into_iter_local
FN:433,<conjure_core::ast::symbol_table::SymbolTable as uniplate::traits::Biplate<conjure_core::ast::expressions::Expression>>::biplate::{closure#0}
FN:265,<conjure_core::ast::symbol_table::SymbolTable>::representations_for
FN:393,<conjure_core::ast::symbol_table::SymbolTable as conjure_core::ast::serde::DefaultWithId>::default_with_id
[...]
FNDA:0,<conjure_core::metadata::Metadata as core::fmt::Display>::fmt
FNDA:0,<conjure_core::metadata::Metadata>::clone_dirty
FNDA:0,<conjure_core::metadata::Metadata>::clone_dirty
FNDA:0,<conjure_core::metadata::Metadata>::new
FNDA:0,<conjure_core::metadata::Metadata as core::fmt::Display>::fmt
FNDA:1,<conjure_core::metadata::Metadata>::clone_dirty
FNDA:0,<conjure_core::metadata::Metadata as core::fmt::Display>::fmt
FNF:9
FNH:3
BRF:0
BRH:0
DA:15,51363
DA:16,51363
DA:17,51363
DA:18,51363
DA:19,51363
DA:20,51363
DA:22,1390
DA:23,1390
DA:24,1390
DA:25,1390
DA:26,1390
DA:27,1390
DA:31,0
DA:32,0
DA:33,0
LF:15
LH:12
end_of_record
SF:conjure_oxide/src/utils/testing.rs
FN:59,conjure_oxide::utils::testing::save_model_json
FN:222,conjure_oxide::utils::testing::normalize_solutions_for_comparison
FN:46,conjure_oxide::utils::testing::serialise_model
FN:89,conjure_oxide::utils::testing::read_model_json
FN:59,conjure_oxide::utils::testing::save_model_json
FN:46,conjure_oxide::utils::testing::serialise_model
FN:251,conjure_oxide::utils::testing::normalize_solutions_for_comparison::{closure#1}
FN:25,conjure_oxide::utils::testing::assert_eq_any_order::<_>
FN:71,conjure_oxide::utils::testing::save_stats_json
FN:231,conjure_oxide::utils::testing::normalize_solutions_for_comparison::{closure#0}
FN:222,conjure_oxide::utils::testing::normalize_solutions_for_comparison
FN:255,conjure_oxide::utils::testing::normalize_solutions_for_comparison::{closure#1}::{closure#0}
FN:89,conjure_oxide::utils::testing::read_model_json
FN:158,conjure_oxide::utils::testing::read_minion_solutions_json
FN:46,conjure_oxide::utils::testing::serialise_model
FN:255,conjure_oxide::utils::testing::normalize_solutions_for_comparison::{closure#1}::{closure#0}
FN:207,conjure_oxide::utils::testing::read_human_rule_trace
FN:144,conjure_oxide::utils::testing::save_minion_solutions_json
FN:105,conjure_oxide::utils::testing::minion_solutions_from_json
FN:144,conjure_oxide::utils::testing::save_minion_solutions_json
FN:174,conjure_oxide::utils::testing::read_rule_trace
FN:174,conjure_oxide::utils::testing::read_rule_trace
FN:222,conjure_oxide::utils::testing::normalize_solutions_for_comparison
FN:25,conjure_oxide::utils::testing::assert_eq_any_order::<_>
FN:255,conjure_oxide::utils::testing::normalize_solutions_for_comparison::{closure#1}::{closure#0}
FN:105,conjure_oxide::utils::testing::minion_solutions_from_json
FN:25,conjure_oxide::utils::testing::assert_eq_any_order::<_>
FN:144,conjure_oxide::utils::testing::save_minion_solutions_json
FN:59,conjure_oxide::utils::testing::save_model_json
FN:251,conjure_oxide::utils::testing::normalize_solutions_for_comparison::{closure#1}
FN:207,conjure_oxide::utils::testing::read_human_rule_trace
FN:231,conjure_oxide::utils::testing::normalize_solutions_for_comparison::{closure#0}
FN:158,conjure_oxide::utils::testing::read_minion_solutions_json
FN:158,conjure_oxide::utils::testing::read_minion_solutions_json
FN:231,conjure_oxide::utils::testing::normalize_solutions_for_comparison::{closure#0}
FN:89,conjure_oxide::utils::testing::read_model_json
FN:251,conjure_oxide::utils::testing::normalize_solutions_for_comparison::{closure#1}
FN:174,conjure_oxide::utils::testing::read_rule_trace
FN:207,conjure_oxide::utils::testing::read_human_rule_trace
FN:71,conjure_oxide::utils::testing::save_stats_json
FN:71,conjure_oxide::utils::testing::save_stats_json
FN:105,conjure_oxide::utils::testing::minion_solutions_from_json
FNDA:0,conjure_oxide::utils::testing::save_model_json
FNDA:0,conjure_oxide::utils::testing::normalize_solutions_for_comparison
FNDA:0,conjure_oxide::utils::testing::serialise_model
FNDA:0,conjure_oxide::utils::testing::read_model_json
FNDA:0,conjure_oxide::utils::testing::save_model_json
FNDA:0,conjure_oxide::utils::testing::serialise_model
FNDA:0,conjure_oxide::utils::testing::normalize_solutions_for_comparison::{closure#1}
FNDA:0,conjure_oxide::utils::testing::assert_eq_any_order::<_>
FNDA:0,conjure_oxide::utils::testing::save_stats_json
FNDA:0,conjure_oxide::utils::testing::normalize_solutions_for_comparison::{closure#0}
FNDA:0,conjure_oxide::utils::testing::normalize_solutions_for_comparison
FNDA:0,conjure_oxide::utils::testing::normalize_solutions_for_comparison::{closure#1}::{closure#0}
FNDA:1,conjure_oxide::utils::testing::read_model_json
FNDA:1,conjure_oxide::utils::testing::read_minion_solutions_json
FNDA:1,conjure_oxide::utils::testing::serialise_model
FNDA:0,conjure_oxide::utils::testing::normalize_solutions_for_comparison::{closure#1}::{closure#0}
FNDA:0,conjure_oxide::utils::testing::read_human_rule_trace
FNDA:0,conjure_oxide::utils::testing::save_minion_solutions_json
FNDA:0,conjure_oxide::utils::testing::minion_solutions_from_json
FNDA:0,conjure_oxide::utils::testing::save_minion_solutions_json
FNDA:0,conjure_oxide::utils::testing::read_rule_trace
FNDA:0,conjure_oxide::utils::testing::read_rule_trace
FNDA:0,conjure_oxide::utils::testing::normalize_solutions_for_comparison
FNDA:0,conjure_oxide::utils::testing::assert_eq_any_order::<_>
FNDA:0,conjure_oxide::utils::testing::normalize_solutions_for_comparison::{closure#1}::{closure#0}
FNDA:0,conjure_oxide::utils::testing::minion_solutions_from_json
FNDA:0,conjure_oxide::utils::testing::assert_eq_any_order::<_>
FNDA:1,conjure_oxide::utils::testing::save_minion_solutions_json
FNDA:1,conjure_oxide::utils::testing::save_model_json
FNDA:0,conjure_oxide::utils::testing::normalize_solutions_for_comparison::{closure#1}
FNDA:0,conjure_oxide::utils::testing::read_human_rule_trace
FNDA:0,conjure_oxide::utils::testing::normalize_solutions_for_comparison::{closure#0}
FNDA:0,conjure_oxide::utils::testing::read_minion_solutions_json
FNDA:0,conjure_oxide::utils::testing::read_minion_solutions_json
FNDA:0,conjure_oxide::utils::testing::normalize_solutions_for_comparison::{closure#0}
FNDA:0,conjure_oxide::utils::testing::read_model_json
FNDA:0,conjure_oxide::utils::testing::normalize_solutions_for_comparison::{closure#1}
FNDA:0,conjure_oxide::utils::testing::read_rule_trace
FNDA:0,conjure_oxide::utils::testing::read_human_rule_trace
FNDA:0,conjure_oxide::utils::testing::save_stats_json
FNDA:1,conjure_oxide::utils::testing::save_stats_json
FNDA:0,conjure_oxide::utils::testing::minion_solutions_from_json
FNF:42
FNH:6
BRF:0
BRH:0
DA:25,0
DA:26,0
DA:28,0
DA:29,0
DA:30,0
DA:31,0
DA:32,0
DA:34,0
DA:35,0
DA:36,0
DA:37,0
DA:38,0
DA:40,0
DA:41,0
DA:42,0
DA:44,0
DA:46,1505
DA:47,1505
DA:48,1505
DA:49,1505
DA:50,1505
DA:51,1505
DA:54,1505
DA:56,1505
DA:57,1505
DA:59,1505
DA:60,1505
DA:61,1505
DA:62,1505
DA:63,1505
DA:64,1505
DA:65,1505
DA:66,1505
DA:67,1505
DA:68,1505
DA:69,1505
DA:71,749
DA:72,749
DA:73,749
DA:74,749
DA:75,749
DA:76,749
DA:77,749
DA:78,749
DA:81,749
DA:83,749
DA:84,749
DA:86,749
DA:87,749
DA:89,2254
DA:90,2254
DA:91,2254
DA:92,2254
DA:93,2254
DA:94,2254
DA:95,2254
DA:96,2254
DA:97,2254
DA:98,2254
DA:99,2247
DA:100,2247
DA:102,2247
DA:103,2254
DA:105,0
DA:106,0
DA:107,0
DA:108,0
DA:110,0
DA:111,0
DA:112,0
DA:114,0
DA:116,0
DA:117,0
DA:118,0
DA:119,0
DA:120,0
DA:122,0
DA:123,0
DA:124,0
DA:125,0
DA:126,0
DA:127,0
DA:128,0
DA:130,0
DA:131,0
DA:134,0
DA:137,0
DA:140,0
DA:141,0
DA:144,742
DA:145,742
DA:146,742
DA:147,742
DA:148,742
DA:149,742
DA:150,742
DA:152,742
DA:153,742
DA:155,742
DA:156,742
DA:158,735
DA:159,735
DA:160,735
DA:161,735
DA:162,735
DA:163,735
DA:164,735
DA:166,735
DA:167,735
DA:169,735
DA:170,735
DA:174,0
DA:175,0
DA:176,0
DA:177,0
DA:178,0
DA:179,0
DA:180,0
DA:181,0
DA:182,0
DA:183,0
DA:184,0
DA:185,0
DA:186,0
DA:187,0
DA:188,0
DA:189,0
DA:190,0
DA:191,0
DA:192,0
DA:193,0
DA:196,0
DA:197,0
DA:198,0
DA:199,0
DA:200,0
DA:201,0
DA:203,0
DA:204,0
DA:207,0
DA:208,0
DA:209,0
DA:210,0
DA:211,0
DA:212,0
DA:213,0
DA:214,0
DA:215,0
DA:216,0
DA:217,0
DA:218,0
DA:219,0
DA:222,0
DA:223,0
DA:224,0
DA:225,0
DA:227,0
DA:229,0
DA:230,0
DA:231,0
DA:232,0
DA:233,0
DA:234,0
DA:235,0
DA:236,0
DA:238,0
DA:239,0
DA:240,0
DA:241,0
DA:242,0
DA:243,0
DA:244,0
DA:245,0
DA:246,0
DA:247,0
DA:248,0
DA:249,0
DA:250,0
DA:251,0
DA:252,0
DA:253,0
DA:254,0
DA:255,0
DA:256,0
DA:257,0
DA:258,0
DA:259,0
DA:260,0
DA:261,0
DA:262,0
DA:264,0
DA:265,0
DA:266,0
DA:267,0
DA:268,0
DA:269,0
DA:271,0
DA:274,0
DA:275,0
DA:276,0
DA:280,0
DA:281,0
DA:282,0
LF:203
LH:69
end_of_record
SF:crates/tree_morph/tests/enum_rules.rs
FN:40,<enum_rules::MyRule as tree_morph::rule::Rule<enum_rules::Expr, enum_rules::Meta>>::apply
FN:24,enum_rules::rule_eval_mul
FN:41,<enum_rules::MyRule as tree_morph::rule::Rule<enum_rules::Expr, enum_rules::Meta>>::apply::{closure#0}
FN:69,enum_rules::add_zero
FN:53,enum_rules::single_var
FN:14,enum_rules::rule_eval_add
FN:117,enum_rules::eval_nested
FN:85,enum_rules::mul_one
FN:101,enum_rules::eval_add
FNDA:0,<enum_rules::MyRule as tree_morph::rule::Rule<enum_rules::Expr, enum_rules::Meta>>::apply
FNDA:0,enum_rules::rule_eval_mul
FNDA:0,<enum_rules::MyRule as tree_morph::rule::Rule<enum_rules::Expr, enum_rules::Meta>>::apply::{closure#0}
FNDA:0,enum_rules::add_zero
FNDA:0,enum_rules::single_var
FNDA:0,enum_rules::rule_eval_add
FNDA:0,enum_rules::eval_nested
FNDA:0,enum_rules::mul_one
FNDA:0,enum_rules::eval_add
FNF:9
FNH:0
BRF:0
BRH:0
DA:14,0
DA:15,0
DA:16,0
DA:17,0
DA:18,0
DA:20,0
DA:22,0
DA:24,0
DA:25,0
DA:26,0
DA:27,0
DA:28,0
DA:30,0
DA:32,0
DA:40,0
DA:41,0
DA:42,0
DA:43,0
DA:44,0
DA:46,0
DA:53,0
DA:54,0
DA:55,0
DA:56,0
DA:57,0
DA:58,0
DA:59,0
DA:60,0
DA:61,0
DA:62,0
DA:63,0
DA:64,0
DA:65,0
DA:66,0
DA:69,0
DA:70,0
DA:71,0
DA:72,0
DA:73,0
DA:74,0
DA:75,0
DA:76,0
DA:77,0
DA:78,0
DA:79,0
DA:80,0
DA:81,0
DA:82,0
DA:85,0
DA:86,0
DA:87,0
DA:88,0
DA:89,0
DA:90,0
DA:91,0
DA:92,0
DA:93,0
DA:94,0
DA:95,0
DA:96,0
DA:97,0
DA:98,0
DA:101,0
DA:102,0
DA:103,0
DA:104,0
DA:105,0
DA:106,0
DA:107,0
DA:108,0
DA:109,0
DA:110,0
DA:111,0
DA:112,0
DA:113,0
DA:114,0
DA:117,0
DA:118,0
DA:119,0
DA:120,0
DA:121,0
DA:122,0
DA:123,0
DA:124,0
DA:125,0
DA:126,0
DA:127,0
DA:128,0
DA:129,0
DA:130,0
DA:131,0
DA:132,0
DA:133,0
LF:93
LH:0
end_of_record
SF:crates/conjure_core/src/ast/domains.rs
FN:162,<conjure_core::ast::domains::Domain>::values::{closure#0}::{closure#0}
FN:90,<conjure_core::ast::domains::Domain>::contains::{closure#0}
FN:288,<conjure_core::ast::domains::Domain as conjure_core::ast::types::Typeable>::return_type
FN:157,<conjure_core::ast::domains::Domain>::values
FN:141,<conjure_core::ast::domains::Domain>::values_i32::{closure#0}
FN:28,<conjure_core::ast::domains::Range<i32>>::contains
FN:80,<conjure_core::ast::domains::Domain>::contains
FN:162,<conjure_core::ast::domains::Domain>::values::{closure#0}
FN:258,<conjure_core::ast::domains::Domain as core::fmt::Display>::fmt
FN:202,<conjure_core::ast::domains::Domain>::is_finite
FN:162,<conjure_core::ast::domains::Domain>::values::{closure#0}
FN:157,<conjure_core::ast::domains::Domain>::values
FN:162,<conjure_core::ast::domains::Domain>::values::{closure#0}::{closure#0}
FN:136,<conjure_core::ast::domains::Domain>::values_i32
FN:232,<conjure_core::ast::domains::Domain>::resolve
FN:157,<conjure_core::ast::domains::Domain>::values
FN:300,conjure_core::ast::domains::tests::test_negative_product::{closure#0}
FN:80,<conjure_core::ast::domains::Domain>::contains
FN:162,<conjure_core::ast::domains::Domain>::values::{closure#0}
FN:175,<conjure_core::ast::domains::Domain>::length
FN:185,<conjure_core::ast::domains::Domain>::apply_i32
FN:176,<conjure_core::ast::domains::Domain>::length::{closure#0}
FN:39,<conjure_core::ast::domains::Range<i32> as core::fmt::Display>::fmt
FN:202,<conjure_core::ast::domains::Domain>::is_finite
FN:176,<conjure_core::ast::domains::Domain>::length::{closure#0}
FN:258,<conjure_core::ast::domains::Domain as core::fmt::Display>::fmt
FN:297,conjure_core::ast::domains::tests::test_negative_product
FN:211,<conjure_core::ast::domains::Domain>::is_finite::{closure#0}
FN:232,<conjure_core::ast::domains::Domain>::resolve
FN:136,<conjure_core::ast::domains::Domain>::values_i32
FN:80,<conjure_core::ast::domains::Domain>::contains
FN:175,<conjure_core::ast::domains::Domain>::length
FN:28,<conjure_core::ast::domains::Range<i32>>::contains
FN:175,<conjure_core::ast::domains::Domain>::length
FN:264,<conjure_core::ast::domains::Domain as core::fmt::Display>::fmt::{closure#0}
FN:288,<conjure_core::ast::domains::Domain as conjure_core::ast::types::Typeable>::return_type
FN:185,<conjure_core::ast::domains::Domain>::apply_i32
FN:321,conjure_core::ast::domains::tests::test_negative_div::{closure#0}
FN:28,<conjure_core::ast::domains::Range<i32>>::contains
FN:39,<conjure_core::ast::domains::Range<i32> as core::fmt::Display>::fmt
FN:317,conjure_core::ast::domains::tests::test_negative_div
FN:136,<conjure_core::ast::domains::Domain>::values_i32
FN:141,<conjure_core::ast::domains::Domain>::values_i32::{closure#0}
FN:232,<conjure_core::ast::domains::Domain>::resolve
FN:288,<conjure_core::ast::domains::Domain as conjure_core::ast::types::Typeable>::return_type
FN:202,<conjure_core::ast::domains::Domain>::is_finite
FN:176,<conjure_core::ast::domains::Domain>::length::{closure#0}
FN:264,<conjure_core::ast::domains::Domain as core::fmt::Display>::fmt::{closure#0}
FN:185,<conjure_core::ast::domains::Domain>::apply_i32
FN:39,<conjure_core::ast::domains::Range<i32> as core::fmt::Display>::fmt
FN:90,<conjure_core::ast::domains::Domain>::contains::{closure#0}
FN:258,<conjure_core::ast::domains::Domain as core::fmt::Display>::fmt
FN:90,<conjure_core::ast::domains::Domain>::contains::{closure#0}
FN:211,<conjure_core::ast::domains::Domain>::is_finite::{closure#0}
FN:162,<conjure_core::ast::domains::Domain>::values::{closure#0}::{closure#0}
FN:211,<conjure_core::ast::domains::Domain>::is_finite::{closure#0}
FN:264,<conjure_core::ast::domains::Domain as core::fmt::Display>::fmt::{closure#0}
FN:141,<conjure_core::ast::domains::Domain>::values_i32::{closure#0}
FNDA:0,<conjure_core::ast::domains::Domain>::values::{closure#0}::{closure#0}
FNDA:0,<conjure_core::ast::domains::Domain>::contains::{closure#0}
FNDA:0,<conjure_core::ast::domains::Domain as conjure_core::ast::types::Typeable>::return_type
FNDA:0,<conjure_core::ast::domains::Domain>::values
FNDA:1,<conjure_core::ast::domains::Domain>::values_i32::{closure#0}
FNDA:0,<conjure_core::ast::domains::Range<i32>>::contains
FNDA:0,<conjure_core::ast::domains::Domain>::contains
FNDA:1,<conjure_core::ast::domains::Domain>::values::{closure#0}
FNDA:0,<conjure_core::ast::domains::Domain as core::fmt::Display>::fmt
FNDA:1,<conjure_core::ast::domains::Domain>::is_finite
FNDA:0,<conjure_core::ast::domains::Domain>::values::{closure#0}
FNDA:1,<conjure_core::ast::domains::Domain>::values
FNDA:0,<conjure_core::ast::domains::Domain>::values::{closure#0}::{closure#0}
FNDA:0,<conjure_core::ast::domains::Domain>::values_i32
FNDA:0,<conjure_core::ast::domains::Domain>::resolve
FNDA:0,<conjure_core::ast::domains::Domain>::values
FNDA:1,conjure_core::ast::domains::tests::test_negative_product::{closure#0}
FNDA:1,<conjure_core::ast::domains::Domain>::contains
FNDA:0,<conjure_core::ast::domains::Domain>::values::{closure#0}
FNDA:0,<conjure_core::ast::domains::Domain>::length
FNDA:1,<conjure_core::ast::domains::Domain>::apply_i32
FNDA:0,<conjure_core::ast::domains::Domain>::length::{closure#0}
FNDA:0,<conjure_core::ast::domains::Range<i32> as core::fmt::Display>::fmt
FNDA:0,<conjure_core::ast::domains::Domain>::is_finite
FNDA:0,<conjure_core::ast::domains::Domain>::length::{closure#0}
FNDA:1,<conjure_core::ast::domains::Domain as core::fmt::Display>::fmt
FNDA:1,conjure_core::ast::domains::tests::test_negative_product
FNDA:1,<conjure_core::ast::domains::Domain>::is_finite::{closure#0}
FNDA:1,<conjure_core::ast::domains::Domain>::resolve
FNDA:1,<conjure_core::ast::domains::Domain>::values_i32
FNDA:0,<conjure_core::ast::domains::Domain>::contains
FNDA:0,<conjure_core::ast::domains::Domain>::length
FNDA:0,<conjure_core::ast::domains::Range<i32>>::contains
FNDA:0,<conjure_core::ast::domains::Domain>::length
FNDA:0,<conjure_core::ast::domains::Domain as core::fmt::Display>::fmt::{closure#0}
FNDA:0,<conjure_core::ast::domains::Domain as conjure_core::ast::types::Typeable>::return_type
FNDA:1,<conjure_core::ast::domains::Domain>::apply_i32
FNDA:1,conjure_core::ast::domains::tests::test_negative_div::{closure#0}
FNDA:1,<conjure_core::ast::domains::Range<i32>>::contains
FNDA:1,<conjure_core::ast::domains::Range<i32> as core::fmt::Display>::fmt
FNDA:1,conjure_core::ast::domains::tests::test_negative_div
FNDA:1,<conjure_core::ast::domains::Domain>::values_i32
FNDA:0,<conjure_core::ast::domains::Domain>::values_i32::{closure#0}
FNDA:1,<conjure_core::ast::domains::Domain>::resolve
FNDA:0,<conjure_core::ast::domains::Domain as conjure_core::ast::types::Typeable>::return_type
FNDA:0,<conjure_core::ast::domains::Domain>::is_finite
FNDA:0,<conjure_core::ast::domains::Domain>::length::{closure#0}
FNDA:1,<conjure_core::ast::domains::Domain as core::fmt::Display>::fmt::{closure#0}
FNDA:0,<conjure_core::ast::domains::Domain>::apply_i32
FNDA:0,<conjure_core::ast::domains::Range<i32> as core::fmt::Display>::fmt
FNDA:0,<conjure_core::ast::domains::Domain>::contains::{closure#0}
FNDA:0,<conjure_core::ast::domains::Domain as core::fmt::Display>::fmt
FNDA:1,<conjure_core::ast::domains::Domain>::contains::{closure#0}
FNDA:0,<conjure_core::ast::domains::Domain>::is_finite::{closure#0}
FNDA:1,<conjure_core::ast::domains::Domain>::values::{closure#0}::{closure#0}
FNDA:0,<conjure_core::ast::domains::Domain>::is_finite::{closure#0}
FNDA:0,<conjure_core::ast::domains::Domain as core::fmt::Display>::fmt::{closure#0}
FNDA:1,<conjure_core::ast::domains::Domain>::values_i32::{closure#0}
FNF:58
FNH:23
BRF:0
BRH:0
DA:28,820
DA:29,820
DA:30,0
DA:31,820
DA:32,0
DA:33,0
DA:35,820
DA:39,26690
DA:40,26690
DA:41,740
DA:42,11480
DA:43,14470
DA:44,0
DA:46,26690
DA:80,820
DA:81,820
DA:82,820
DA:83,820
DA:84,820
DA:85,820
DA:86,820
DA:87,0
DA:88,820
DA:89,820
DA:90,820
DA:92,0
DA:93,0
DA:94,0
DA:95,0
DA:98,0
DA:99,0
DA:100,0
DA:101,0
DA:102,0
DA:103,0
DA:104,0
DA:105,0
DA:107,0
DA:108,0
DA:112,0
DA:113,0
DA:115,0
DA:118,0
DA:119,0
DA:120,0
DA:121,0
DA:124,0
DA:126,0
DA:128,0
DA:130,0
DA:132,820
DA:136,7312
DA:137,7312
DA:138,7311
DA:139,7311
DA:140,7311
DA:141,9051
DA:142,2375
DA:143,6676
DA:144,0
DA:145,0
DA:146,9051
DA:147,7311
DA:148,7311
DA:149,7311
DA:150,7311
DA:151,1
DA:153,7312
DA:157,4400
DA:158,4400
DA:159,0
DA:160,4400
DA:161,4400
DA:162,18920
DA:166,0
DA:167,0
DA:168,0
DA:170,4400
DA:175,0
DA:176,0
DA:177,0
DA:185,1456
DA:186,1456
DA:188,1455
DA:189,49068
DA:190,49068
DA:191,46164
DA:192,2904
DA:194,1455
DA:195,1
DA:196,1
DA:197,1456
DA:202,120
DA:203,420
DA:204,420
DA:205,290
DA:206,0
DA:207,290
DA:208,290
DA:209,290
DA:210,290
DA:211,290
DA:213,0
DA:214,290
DA:215,130
DA:216,0
DA:217,130
DA:219,120
DA:220,120
DA:232,64975
DA:233,64975
DA:234,64975
DA:235,64975
DA:236,64975
DA:237,64975
DA:238,64975
DA:239,64975
DA:240,64975
DA:241,131320
DA:242,66345
DA:243,83205
DA:244,83205
DA:245,1740
DA:246,1740
DA:247,1740
DA:248,1740
DA:249,1740
DA:250,81465
DA:253,64975
DA:254,64975
DA:258,28300
DA:259,28300
DA:261,1610
DA:263,26330
DA:264,26690
DA:265,26330
DA:266,26330
DA:267,0
DA:269,26330
DA:272,90
DA:273,0
DA:274,0
DA:276,270
DA:277,270
DA:278,270
DA:279,270
DA:280,270
DA:281,270
DA:284,28300
DA:288,0
DA:289,0
DA:297,1
DA:298,1
DA:299,1
DA:300,16
DA:301,1
DA:302,1
DA:303,1
DA:304,1
DA:305,1
DA:306,1
DA:307,1
DA:308,1
DA:309,1
DA:310,1
DA:311,1
DA:312,1
DA:313,0
DA:314,1
DA:317,1
DA:318,1
DA:319,1
DA:320,1
DA:321,16
DA:322,1
DA:323,1
DA:324,1
DA:325,1
DA:326,1
DA:327,1
DA:328,1
DA:329,1
DA:330,1
DA:331,1
DA:332,1
DA:333,1
DA:334,1
DA:335,0
DA:336,1
LF:189
LH:140
end_of_record
SF:conjure_oxide/tests/model_tests.rs
FN:9,mod::model_tests::modify_domain
FN:9,model_tests::modify_domain
FNDA:0,mod::model_tests::modify_domain
FNDA:0,model_tests::modify_domain
FNF:2
FNH:0
BRF:0
BRH:0
DA:9,0
DA:10,0
DA:11,0
DA:12,0
DA:13,0
DA:14,0
DA:15,0
DA:16,0
DA:17,0
DA:18,0
DA:19,0
DA:20,0
DA:21,0
DA:22,0
DA:23,0
DA:25,0
DA:26,0
DA:27,0
DA:28,0
DA:29,0
DA:30,0
DA:31,0
DA:32,0
LF:23
LH:0
end_of_record
