TN:
SF:crates/conjure_core/src/context.rs
FN:36,<conjure_core::context::Context>::new
FN:73,<conjure_core::context::Context as core::fmt::Debug>::fmt::{closure#0}
FN:73,<conjure_core::context::Context as core::fmt::Debug>::fmt::{closure#0}
FN:70,<conjure_core::context::Context as core::fmt::Debug>::fmt
FN:36,<conjure_core::context::Context>::new
FN:54,<conjure_core::context::Context>::new_ptr
FN:36,<conjure_core::context::Context>::new
FN:74,<conjure_core::context::Context as core::fmt::Debug>::fmt::{closure#1}
FN:70,<conjure_core::context::Context as core::fmt::Debug>::fmt
FN:73,<conjure_core::context::Context as core::fmt::Debug>::fmt::{closure#0}
FN:70,<conjure_core::context::Context as core::fmt::Debug>::fmt
FN:54,<conjure_core::context::Context>::new_ptr
FN:74,<conjure_core::context::Context as core::fmt::Debug>::fmt::{closure#1}
FN:74,<conjure_core::context::Context as core::fmt::Debug>::fmt::{closure#1}
FN:54,<conjure_core::context::Context>::new_ptr
FNDA:0,<conjure_core::context::Context>::new
FNDA:0,<conjure_core::context::Context as core::fmt::Debug>::fmt::{closure#0}
FNDA:0,<conjure_core::context::Context as core::fmt::Debug>::fmt::{closure#0}
FNDA:0,<conjure_core::context::Context as core::fmt::Debug>::fmt
FNDA:0,<conjure_core::context::Context>::new
FNDA:0,<conjure_core::context::Context>::new_ptr
FNDA:0,<conjure_core::context::Context>::new
FNDA:0,<conjure_core::context::Context as core::fmt::Debug>::fmt::{closure#1}
FNDA:1,<conjure_core::context::Context as core::fmt::Debug>::fmt
FNDA:0,<conjure_core::context::Context as core::fmt::Debug>::fmt::{closure#0}
FNDA:0,<conjure_core::context::Context as core::fmt::Debug>::fmt
FNDA:0,<conjure_core::context::Context>::new_ptr
FNDA:0,<conjure_core::context::Context as core::fmt::Debug>::fmt::{closure#1}
FNDA:0,<conjure_core::context::Context as core::fmt::Debug>::fmt::{closure#1}
FNDA:0,<conjure_core::context::Context>::new_ptr
FNF:15
FNH:1
BRF:0
BRH:0
DA:36,0
DA:37,0
DA:38,0
DA:39,0
DA:40,0
DA:41,0
DA:42,0
DA:43,0
DA:44,0
DA:45,0
DA:46,0
DA:47,0
DA:48,0
DA:49,0
DA:50,0
DA:54,0
DA:55,0
DA:56,0
DA:57,0
DA:58,0
DA:59,0
DA:60,0
DA:61,0
DA:62,0
DA:63,0
DA:64,0
DA:65,0
DA:66,0
DA:70,20
DA:71,20
DA:72,20
DA:73,20
DA:74,20
DA:75,20
DA:76,20
DA:77,20
DA:78,20
DA:79,20
DA:80,20
DA:81,20
DA:82,20
DA:83,20
DA:84,20
DA:85,20
DA:86,20
LF:45
LH:17
end_of_record
SF:crates/conjure_core/src/rules/subsitute_lettings.rs
FN:33,conjure_core::rules::subsitute_lettings::substitute_domain_lettings
FN:32,conjure_core::rules::subsitute_lettings::CONJURE_GEN_RULE_SUBSTITUTE_DOMAIN_LETTINGS::__typecheck::{closure#0}::{closure#0}
FN:33,conjure_core::rules::subsitute_lettings::substitute_domain_lettings
FN:19,conjure_core::rules::subsitute_lettings::CONJURE_GEN_RULE_SUBSTITUTE_VALUE_LETTINGS::__typecheck::{closure#0}::{closure#0}
FN:33,conjure_core::rules::subsitute_lettings::substitute_domain_lettings
FN:20,conjure_core::rules::subsitute_lettings::substitute_value_lettings
FN:20,conjure_core::rules::subsitute_lettings::substitute_value_lettings
FN:43,conjure_core::rules::subsitute_lettings::substitute_domain_lettings::{closure#0}
FN:32,conjure_core::rules::subsitute_lettings::CONJURE_GEN_RULE_SUBSTITUTE_DOMAIN_LETTINGS::__typecheck::{closure#0}::{closure#0}
FN:19,conjure_core::rules::subsitute_lettings::CONJURE_GEN_RULE_SUBSTITUTE_VALUE_LETTINGS::__typecheck::{closure#0}::{closure#0}
FN:43,conjure_core::rules::subsitute_lettings::substitute_domain_lettings::{closure#0}
FN:20,conjure_core::rules::subsitute_lettings::substitute_value_lettings
FN:43,conjure_core::rules::subsitute_lettings::substitute_domain_lettings::{closure#0}
FN:19,conjure_core::rules::subsitute_lettings::CONJURE_GEN_RULE_SUBSTITUTE_VALUE_LETTINGS::__typecheck::{closure#0}::{closure#0}
FN:32,conjure_core::rules::subsitute_lettings::CONJURE_GEN_RULE_SUBSTITUTE_DOMAIN_LETTINGS::__typecheck::{closure#0}::{closure#0}
FNDA:0,conjure_core::rules::subsitute_lettings::substitute_domain_lettings
FNDA:0,conjure_core::rules::subsitute_lettings::CONJURE_GEN_RULE_SUBSTITUTE_DOMAIN_LETTINGS::__typecheck::{closure#0}::{closure#0}
FNDA:1,conjure_core::rules::subsitute_lettings::substitute_domain_lettings
FNDA:0,conjure_core::rules::subsitute_lettings::CONJURE_GEN_RULE_SUBSTITUTE_VALUE_LETTINGS::__typecheck::{closure#0}::{closure#0}
FNDA:0,conjure_core::rules::subsitute_lettings::substitute_domain_lettings
FNDA:0,conjure_core::rules::subsitute_lettings::substitute_value_lettings
FNDA:1,conjure_core::rules::subsitute_lettings::substitute_value_lettings
FNDA:0,conjure_core::rules::subsitute_lettings::substitute_domain_lettings::{closure#0}
FNDA:0,conjure_core::rules::subsitute_lettings::CONJURE_GEN_RULE_SUBSTITUTE_DOMAIN_LETTINGS::__typecheck::{closure#0}::{closure#0}
FNDA:0,conjure_core::rules::subsitute_lettings::CONJURE_GEN_RULE_SUBSTITUTE_VALUE_LETTINGS::__typecheck::{closure#0}::{closure#0}
FNDA:0,conjure_core::rules::subsitute_lettings::substitute_domain_lettings::{closure#0}
FNDA:0,conjure_core::rules::subsitute_lettings::substitute_value_lettings
FNDA:0,conjure_core::rules::subsitute_lettings::substitute_domain_lettings::{closure#0}
FNDA:0,conjure_core::rules::subsitute_lettings::CONJURE_GEN_RULE_SUBSTITUTE_VALUE_LETTINGS::__typecheck::{closure#0}::{closure#0}
FNDA:0,conjure_core::rules::subsitute_lettings::CONJURE_GEN_RULE_SUBSTITUTE_DOMAIN_LETTINGS::__typecheck::{closure#0}::{closure#0}
FNF:15
FNH:2
BRF:0
BRH:0
DA:20,197710
DA:21,83470
DA:22,149350
DA:25,48360
DA:26,44050
DA:28,70
DA:29,197710
DA:33,197710
DA:34,197710
DA:35,197710
DA:37,3346520
DA:38,3346520
DA:39,4340
DA:42,3342180
DA:43,50
DA:45,0
DA:46,0
DA:47,0
DA:48,50
DA:49,50
DA:50,50
DA:51,3342130
DA:53,3342180
DA:55,197710
DA:56,40
DA:58,197670
DA:60,197710
LF:27
LH:24
end_of_record
SF:crates/conjure_core/src/representations/matrix_to_atom.rs
FN:68,<conjure_core::representations::matrix_to_atom::MatrixToAtom>::name_to_indices::{closure#0}
FN:116,<conjure_core::representations::matrix_to_atom::MatrixToAtom as conjure_core::representation::Representation>::variable_name
FN:92,<conjure_core::representations::matrix_to_atom::MatrixToAtom as conjure_core::representation::Representation>::init
FN:184,<conjure_core::representations::matrix_to_atom::MatrixToAtom as conjure_core::representation::Representation>::declaration_down
FN:136,<conjure_core::representations::matrix_to_atom::MatrixToAtom as conjure_core::representation::Representation>::value_up
FN:152,<conjure_core::representations::matrix_to_atom::MatrixToAtom as conjure_core::representation::Representation>::value_up::inner::{closure#0}
FN:140,<conjure_core::representations::matrix_to_atom::MatrixToAtom as conjure_core::representation::Representation>::value_up::inner
FN:195,<conjure_core::representations::matrix_to_atom::MatrixToAtom as conjure_core::representation::Representation>::box_clone
FN:116,<conjure_core::representations::matrix_to_atom::MatrixToAtom as conjure_core::representation::Representation>::variable_name
FN:169,<conjure_core::representations::matrix_to_atom::MatrixToAtom as conjure_core::representation::Representation>::expression_down
FN:68,<conjure_core::representations::matrix_to_atom::MatrixToAtom>::name_to_indices::{closure#0}
FN:191,<conjure_core::representations::matrix_to_atom::MatrixToAtom as conjure_core::representation::Representation>::repr_name
FN:26,<conjure_core::representations::matrix_to_atom::MatrixToAtom>::names
FN:169,<conjure_core::representations::matrix_to_atom::MatrixToAtom as conjure_core::representation::Representation>::expression_down
FN:120,<conjure_core::representations::matrix_to_atom::MatrixToAtom as conjure_core::representation::Representation>::value_down
FN:187,<conjure_core::representations::matrix_to_atom::MatrixToAtom as conjure_core::representation::Representation>::declaration_down::{closure#0}
FN:152,<conjure_core::representations::matrix_to_atom::MatrixToAtom as conjure_core::representation::Representation>::value_up::inner::{closure#0}
FN:191,<conjure_core::representations::matrix_to_atom::MatrixToAtom as conjure_core::representation::Representation>::repr_name
FN:136,<conjure_core::representations::matrix_to_atom::MatrixToAtom as conjure_core::representation::Representation>::value_up
FN:31,<conjure_core::representations::matrix_to_atom::MatrixToAtom>::indices_to_name
FN:41,<conjure_core::representations::matrix_to_atom::MatrixToAtom>::name_to_indices
FN:195,<conjure_core::representations::matrix_to_atom::MatrixToAtom as conjure_core::representation::Representation>::box_clone
FN:136,<conjure_core::representations::matrix_to_atom::MatrixToAtom as conjure_core::representation::Representation>::value_up
FN:27,<conjure_core::representations::matrix_to_atom::MatrixToAtom>::names::{closure#0}
FN:175,<conjure_core::representations::matrix_to_atom::MatrixToAtom as conjure_core::representation::Representation>::expression_down::{closure#0}
FN:195,<conjure_core::representations::matrix_to_atom::MatrixToAtom as conjure_core::representation::Representation>::box_clone
FN:187,<conjure_core::representations::matrix_to_atom::MatrixToAtom as conjure_core::representation::Representation>::declaration_down::{closure#0}
FN:169,<conjure_core::representations::matrix_to_atom::MatrixToAtom as conjure_core::representation::Representation>::expression_down
FN:191,<conjure_core::representations::matrix_to_atom::MatrixToAtom as conjure_core::representation::Representation>::repr_name
FN:116,<conjure_core::representations::matrix_to_atom::MatrixToAtom as conjure_core::representation::Representation>::variable_name
FN:175,<conjure_core::representations::matrix_to_atom::MatrixToAtom as conjure_core::representation::Representation>::expression_down::{closure#0}
FN:92,<conjure_core::representations::matrix_to_atom::MatrixToAtom as conjure_core::representation::Representation>::init
FN:31,<conjure_core::representations::matrix_to_atom::MatrixToAtom>::indices_to_name
FN:41,<conjure_core::representations::matrix_to_atom::MatrixToAtom>::name_to_indices
FN:120,<conjure_core::representations::matrix_to_atom::MatrixToAtom as conjure_core::representation::Representation>::value_down
FN:26,<conjure_core::representations::matrix_to_atom::MatrixToAtom>::names
FN:27,<conjure_core::representations::matrix_to_atom::MatrixToAtom>::names::{closure#0}
FN:92,<conjure_core::representations::matrix_to_atom::MatrixToAtom as conjure_core::representation::Representation>::init
FN:31,<conjure_core::representations::matrix_to_atom::MatrixToAtom>::indices_to_name
FN:152,<conjure_core::representations::matrix_to_atom::MatrixToAtom as conjure_core::representation::Representation>::value_up::inner::{closure#0}
FN:26,<conjure_core::representations::matrix_to_atom::MatrixToAtom>::names
FN:140,<conjure_core::representations::matrix_to_atom::MatrixToAtom as conjure_core::representation::Representation>::value_up::inner
FN:184,<conjure_core::representations::matrix_to_atom::MatrixToAtom as conjure_core::representation::Representation>::declaration_down
FN:120,<conjure_core::representations::matrix_to_atom::MatrixToAtom as conjure_core::representation::Representation>::value_down
FN:68,<conjure_core::representations::matrix_to_atom::MatrixToAtom>::name_to_indices::{closure#0}
FN:27,<conjure_core::representations::matrix_to_atom::MatrixToAtom>::names::{closure#0}
FN:187,<conjure_core::representations::matrix_to_atom::MatrixToAtom as conjure_core::representation::Representation>::declaration_down::{closure#0}
FN:184,<conjure_core::representations::matrix_to_atom::MatrixToAtom as conjure_core::representation::Representation>::declaration_down
FN:41,<conjure_core::representations::matrix_to_atom::MatrixToAtom>::name_to_indices
FN:175,<conjure_core::representations::matrix_to_atom::MatrixToAtom as conjure_core::representation::Representation>::expression_down::{closure#0}
FN:140,<conjure_core::representations::matrix_to_atom::MatrixToAtom as conjure_core::representation::Representation>::value_up::inner
FNDA:0,<conjure_core::representations::matrix_to_atom::MatrixToAtom>::name_to_indices::{closure#0}
FNDA:0,<conjure_core::representations::matrix_to_atom::MatrixToAtom as conjure_core::representation::Representation>::variable_name
FNDA:0,<conjure_core::representations::matrix_to_atom::MatrixToAtom as conjure_core::representation::Representation>::init
FNDA:1,<conjure_core::representations::matrix_to_atom::MatrixToAtom as conjure_core::representation::Representation>::declaration_down
FNDA:0,<conjure_core::representations::matrix_to_atom::MatrixToAtom as conjure_core::representation::Representation>::value_up
FNDA:0,<conjure_core::representations::matrix_to_atom::MatrixToAtom as conjure_core::representation::Representation>::value_up::inner::{closure#0}
FNDA:0,<conjure_core::representations::matrix_to_atom::MatrixToAtom as conjure_core::representation::Representation>::value_up::inner
FNDA:0,<conjure_core::representations::matrix_to_atom::MatrixToAtom as conjure_core::representation::Representation>::box_clone
FNDA:0,<conjure_core::representations::matrix_to_atom::MatrixToAtom as conjure_core::representation::Representation>::variable_name
FNDA:0,<conjure_core::representations::matrix_to_atom::MatrixToAtom as conjure_core::representation::Representation>::expression_down
FNDA:0,<conjure_core::representations::matrix_to_atom::MatrixToAtom>::name_to_indices::{closure#0}
FNDA:0,<conjure_core::representations::matrix_to_atom::MatrixToAtom as conjure_core::representation::Representation>::repr_name
FNDA:0,<conjure_core::representations::matrix_to_atom::MatrixToAtom>::names
FNDA:1,<conjure_core::representations::matrix_to_atom::MatrixToAtom as conjure_core::representation::Representation>::expression_down
FNDA:0,<conjure_core::representations::matrix_to_atom::MatrixToAtom as conjure_core::representation::Representation>::value_down
FNDA:0,<conjure_core::representations::matrix_to_atom::MatrixToAtom as conjure_core::representation::Representation>::declaration_down::{closure#0}
FNDA:1,<conjure_core::representations::matrix_to_atom::MatrixToAtom as conjure_core::representation::Representation>::value_up::inner::{closure#0}
FNDA:1,<conjure_core::representations::matrix_to_atom::MatrixToAtom as conjure_core::representation::Representation>::repr_name
FNDA:0,<conjure_core::representations::matrix_to_atom::MatrixToAtom as conjure_core::representation::Representation>::value_up
FNDA:0,<conjure_core::representations::matrix_to_atom::MatrixToAtom>::indices_to_name
FNDA:0,<conjure_core::representations::matrix_to_atom::MatrixToAtom>::name_to_indices
FNDA:0,<conjure_core::representations::matrix_to_atom::MatrixToAtom as conjure_core::representation::Representation>::box_clone
FNDA:1,<conjure_core::representations::matrix_to_atom::MatrixToAtom as conjure_core::representation::Representation>::value_up
FNDA:0,<conjure_core::representations::matrix_to_atom::MatrixToAtom>::names::{closure#0}
FNDA:1,<conjure_core::representations::matrix_to_atom::MatrixToAtom as conjure_core::representation::Representation>::expression_down::{closure#0}
FNDA:1,<conjure_core::representations::matrix_to_atom::MatrixToAtom as conjure_core::representation::Representation>::box_clone
FNDA:1,<conjure_core::representations::matrix_to_atom::MatrixToAtom as conjure_core::representation::Representation>::declaration_down::{closure#0}
FNDA:0,<conjure_core::representations::matrix_to_atom::MatrixToAtom as conjure_core::representation::Representation>::expression_down
FNDA:0,<conjure_core::representations::matrix_to_atom::MatrixToAtom as conjure_core::representation::Representation>::repr_name
FNDA:0,<conjure_core::representations::matrix_to_atom::MatrixToAtom as conjure_core::representation::Representation>::variable_name
FNDA:0,<conjure_core::representations::matrix_to_atom::MatrixToAtom as conjure_core::representation::Representation>::expression_down::{closure#0}
FNDA:1,<conjure_core::representations::matrix_to_atom::MatrixToAtom as conjure_core::representation::Representation>::init
FNDA:0,<conjure_core::representations::matrix_to_atom::MatrixToAtom>::indices_to_name
FNDA:0,<conjure_core::representations::matrix_to_atom::MatrixToAtom>::name_to_indices
FNDA:0,<conjure_core::representations::matrix_to_atom::MatrixToAtom as conjure_core::representation::Representation>::value_down
FNDA:0,<conjure_core::representations::matrix_to_atom::MatrixToAtom>::names
FNDA:1,<conjure_core::representations::matrix_to_atom::MatrixToAtom>::names::{closure#0}
FNDA:0,<conjure_core::representations::matrix_to_atom::MatrixToAtom as conjure_core::representation::Representation>::init
FNDA:1,<conjure_core::representations::matrix_to_atom::MatrixToAtom>::indices_to_name
FNDA:0,<conjure_core::representations::matrix_to_atom::MatrixToAtom as conjure_core::representation::Representation>::value_up::inner::{closure#0}
FNDA:1,<conjure_core::representations::matrix_to_atom::MatrixToAtom>::names
FNDA:1,<conjure_core::representations::matrix_to_atom::MatrixToAtom as conjure_core::representation::Representation>::value_up::inner
FNDA:0,<conjure_core::representations::matrix_to_atom::MatrixToAtom as conjure_core::representation::Representation>::declaration_down
FNDA:0,<conjure_core::representations::matrix_to_atom::MatrixToAtom as conjure_core::representation::Representation>::value_down
FNDA:0,<conjure_core::representations::matrix_to_atom::MatrixToAtom>::name_to_indices::{closure#0}
FNDA:0,<conjure_core::representations::matrix_to_atom::MatrixToAtom>::names::{closure#0}
FNDA:0,<conjure_core::representations::matrix_to_atom::MatrixToAtom as conjure_core::representation::Representation>::declaration_down::{closure#0}
FNDA:0,<conjure_core::representations::matrix_to_atom::MatrixToAtom as conjure_core::representation::Representation>::declaration_down
FNDA:0,<conjure_core::representations::matrix_to_atom::MatrixToAtom>::name_to_indices
FNDA:0,<conjure_core::representations::matrix_to_atom::MatrixToAtom as conjure_core::representation::Representation>::expression_down::{closure#0}
FNDA:0,<conjure_core::representations::matrix_to_atom::MatrixToAtom as conjure_core::representation::Representation>::value_up::inner
FNF:51
FNH:13
BRF:0
BRH:0
DA:26,630
DA:27,3750
DA:28,630
DA:31,19690
DA:32,19690
DA:33,19690
DA:34,19690
DA:35,19690
DA:36,19690
DA:37,19690
DA:41,0
DA:42,0
DA:46,0
DA:47,0
DA:48,0
DA:49,0
DA:51,0
DA:52,0
DA:53,0
DA:54,0
DA:59,0
DA:60,0
DA:61,0
DA:62,0
DA:63,0
DA:66,0
DA:67,0
DA:68,0
DA:69,0
DA:70,0
DA:71,0
DA:72,0
DA:73,0
DA:74,0
DA:75,0
DA:79,0
DA:80,0
DA:81,0
DA:82,0
DA:83,0
DA:84,0
DA:87,0
DA:88,0
DA:92,110
DA:93,110
DA:95,110
DA:96,110
DA:97,110
DA:99,0
DA:100,110
DA:102,110
DA:103,0
DA:106,110
DA:107,110
DA:108,110
DA:109,110
DA:110,110
DA:111,110
DA:112,110
DA:113,110
DA:114,110
DA:116,0
DA:117,0
DA:118,0
DA:120,0
DA:121,0
DA:122,0
DA:125,0
DA:126,0
DA:129,0
DA:130,0
DA:131,0
DA:132,0
DA:133,0
DA:134,0
DA:136,3160
DA:137,3160
DA:138,3160
DA:139,3160
DA:140,19520
DA:141,19520
DA:142,19520
DA:143,19520
DA:144,19520
DA:145,19520
DA:146,19520
DA:147,19520
DA:148,3580
DA:149,3580
DA:150,3580
DA:151,3580
DA:152,16360
DA:153,16360
DA:154,16360
DA:155,16360
DA:156,16360
DA:157,3580
DA:159,15940
DA:160,15940
DA:161,15940
DA:162,15940
DA:164,19520
DA:166,3160
DA:167,3160
DA:169,520
DA:170,520
DA:171,520
DA:172,520
DA:173,520
DA:174,520
DA:175,3110
DA:176,3110
DA:177,3110
DA:178,3110
DA:179,3110
DA:180,3110
DA:181,520
DA:182,520
DA:184,110
DA:185,110
DA:186,110
DA:187,640
DA:188,110
DA:189,110
DA:191,21420
DA:192,21420
DA:193,21420
DA:195,64660
DA:196,64660
DA:197,64660
LF:130
LH:81
end_of_record
SF:crates/conjure_core/src/stats/rewriter_stats.rs
FN:76,<conjure_core::stats::rewriter_stats::RewriterStats>::new
FN:76,<conjure_core::stats::rewriter_stats::RewriterStats>::new
FN:76,<conjure_core::stats::rewriter_stats::RewriterStats>::new
FNDA:0,<conjure_core::stats::rewriter_stats::RewriterStats>::new
FNDA:1,<conjure_core::stats::rewriter_stats::RewriterStats>::new
FNDA:0,<conjure_core::stats::rewriter_stats::RewriterStats>::new
FNF:3
FNH:1
BRF:0
BRH:0
DA:76,1040
DA:77,1040
DA:78,1040
DA:79,1040
DA:80,1040
DA:81,1040
DA:82,1040
DA:83,1040
LF:8
LH:8
end_of_record
SF:crates/conjure_core/src/ast/declaration.rs
FN:40,<conjure_core::ast::declaration::DeclarationKind as uniplate::traits::Biplate<conjure_core::ast::declaration::Declaration>>::biplate::{closure#0}
FN:167,<conjure_core::ast::declaration::Declaration as conjure_core::ast::serde::HasId>::id
FN:92,<conjure_core::ast::declaration::Declaration>::name
FN:130,<conjure_core::ast::declaration::Declaration>::as_domain_letting
FN:40,<conjure_core::ast::declaration::DeclarationKind as uniplate::traits::Biplate<conjure_core::ast::declaration::Declaration>>::biplate::{closure#0}
FN:82,<conjure_core::ast::declaration::Declaration>::new_value_letting
FN:167,<conjure_core::ast::declaration::Declaration as conjure_core::ast::serde::HasId>::id
FN:82,<conjure_core::ast::declaration::Declaration>::new_value_letting
FN:72,<conjure_core::ast::declaration::Declaration>::new_domain_letting
FN:38,<conjure_core::ast::declaration::DeclarationKind as uniplate::traits::Biplate<conjure_core::ast::declaration::Declaration>>::biplate
FN:72,<conjure_core::ast::declaration::Declaration>::new_domain_letting
FN:38,<conjure_core::ast::declaration::DeclarationKind as uniplate::traits::Biplate<conjure_core::ast::declaration::Declaration>>::biplate
FN:97,<conjure_core::ast::declaration::Declaration>::kind
FN:148,<conjure_core::ast::declaration::Declaration>::as_value_letting
FN:62,<conjure_core::ast::declaration::Declaration>::new_var
FN:92,<conjure_core::ast::declaration::Declaration>::name
FN:102,<conjure_core::ast::declaration::Declaration>::domain
FN:72,<conjure_core::ast::declaration::Declaration>::new_domain_letting
FN:139,<conjure_core::ast::declaration::Declaration>::as_domain_letting_mut
FN:148,<conjure_core::ast::declaration::Declaration>::as_value_letting
FN:173,<conjure_core::ast::declaration::Declaration as conjure_core::ast::serde::DefaultWithId>::default_with_id
FN:157,<conjure_core::ast::declaration::Declaration>::as_value_letting_mut
FN:183,<conjure_core::ast::declaration::Declaration as core::clone::Clone>::clone
FN:121,<conjure_core::ast::declaration::Declaration>::as_var_mut
FN:82,<conjure_core::ast::declaration::Declaration>::new_value_letting
FN:130,<conjure_core::ast::declaration::Declaration>::as_domain_letting
FN:62,<conjure_core::ast::declaration::Declaration>::new_var
FN:148,<conjure_core::ast::declaration::Declaration>::as_value_letting
FN:167,<conjure_core::ast::declaration::Declaration as conjure_core::ast::serde::HasId>::id
FN:121,<conjure_core::ast::declaration::Declaration>::as_var_mut
FN:173,<conjure_core::ast::declaration::Declaration as conjure_core::ast::serde::DefaultWithId>::default_with_id
FN:139,<conjure_core::ast::declaration::Declaration>::as_domain_letting_mut
FN:183,<conjure_core::ast::declaration::Declaration as core::clone::Clone>::clone
FN:157,<conjure_core::ast::declaration::Declaration>::as_value_letting_mut
FN:193,<conjure_core::ast::declaration::Declaration as conjure_core::ast::types::Typeable>::return_type
FN:112,<conjure_core::ast::declaration::Declaration>::as_var
FN:193,<conjure_core::ast::declaration::Declaration as conjure_core::ast::types::Typeable>::return_type
FN:130,<conjure_core::ast::declaration::Declaration>::as_domain_letting
FN:102,<conjure_core::ast::declaration::Declaration>::domain
FN:38,<conjure_core::ast::declaration::DeclarationKind as uniplate::traits::Biplate<conjure_core::ast::declaration::Declaration>>::biplate
FN:121,<conjure_core::ast::declaration::Declaration>::as_var_mut
FN:62,<conjure_core::ast::declaration::Declaration>::new_var
FN:97,<conjure_core::ast::declaration::Declaration>::kind
FN:92,<conjure_core::ast::declaration::Declaration>::name
FN:157,<conjure_core::ast::declaration::Declaration>::as_value_letting_mut
FN:97,<conjure_core::ast::declaration::Declaration>::kind
FN:139,<conjure_core::ast::declaration::Declaration>::as_domain_letting_mut
FN:102,<conjure_core::ast::declaration::Declaration>::domain
FN:40,<conjure_core::ast::declaration::DeclarationKind as uniplate::traits::Biplate<conjure_core::ast::declaration::Declaration>>::biplate::{closure#0}
FN:112,<conjure_core::ast::declaration::Declaration>::as_var
FN:56,<conjure_core::ast::declaration::Declaration>::new
FN:56,<conjure_core::ast::declaration::Declaration>::new
FN:173,<conjure_core::ast::declaration::Declaration as conjure_core::ast::serde::DefaultWithId>::default_with_id
FN:183,<conjure_core::ast::declaration::Declaration as core::clone::Clone>::clone
FN:193,<conjure_core::ast::declaration::Declaration as conjure_core::ast::types::Typeable>::return_type
FN:112,<conjure_core::ast::declaration::Declaration>::as_var
FN:56,<conjure_core::ast::declaration::Declaration>::new
FNDA:0,<conjure_core::ast::declaration::DeclarationKind as uniplate::traits::Biplate<conjure_core::ast::declaration::Declaration>>::biplate::{closure#0}
FNDA:0,<conjure_core::ast::declaration::Declaration as conjure_core::ast::serde::HasId>::id
FNDA:1,<conjure_core::ast::declaration::Declaration>::name
FNDA:1,<conjure_core::ast::declaration::Declaration>::as_domain_letting
FNDA:0,<conjure_core::ast::declaration::DeclarationKind as uniplate::traits::Biplate<conjure_core::ast::declaration::Declaration>>::biplate::{closure#0}
FNDA:0,<conjure_core::ast::declaration::Declaration>::new_value_letting
FNDA:0,<conjure_core::ast::declaration::Declaration as conjure_core::ast::serde::HasId>::id
FNDA:1,<conjure_core::ast::declaration::Declaration>::new_value_letting
FNDA:1,<conjure_core::ast::declaration::Declaration>::new_domain_letting
FNDA:0,<conjure_core::ast::declaration::DeclarationKind as uniplate::traits::Biplate<conjure_core::ast::declaration::Declaration>>::biplate
FNDA:0,<conjure_core::ast::declaration::Declaration>::new_domain_letting
FNDA:0,<conjure_core::ast::declaration::DeclarationKind as uniplate::traits::Biplate<conjure_core::ast::declaration::Declaration>>::biplate
FNDA:0,<conjure_core::ast::declaration::Declaration>::kind
FNDA:0,<conjure_core::ast::declaration::Declaration>::as_value_letting
FNDA:1,<conjure_core::ast::declaration::Declaration>::new_var
FNDA:1,<conjure_core::ast::declaration::Declaration>::name
FNDA:1,<conjure_core::ast::declaration::Declaration>::domain
FNDA:0,<conjure_core::ast::declaration::Declaration>::new_domain_letting
FNDA:0,<conjure_core::ast::declaration::Declaration>::as_domain_letting_mut
FNDA:1,<conjure_core::ast::declaration::Declaration>::as_value_letting
FNDA:0,<conjure_core::ast::declaration::Declaration as conjure_core::ast::serde::DefaultWithId>::default_with_id
FNDA:0,<conjure_core::ast::declaration::Declaration>::as_value_letting_mut
FNDA:0,<conjure_core::ast::declaration::Declaration as core::clone::Clone>::clone
FNDA:1,<conjure_core::ast::declaration::Declaration>::as_var_mut
FNDA:0,<conjure_core::ast::declaration::Declaration>::new_value_letting
FNDA:0,<conjure_core::ast::declaration::Declaration>::as_domain_letting
FNDA:1,<conjure_core::ast::declaration::Declaration>::new_var
FNDA:0,<conjure_core::ast::declaration::Declaration>::as_value_letting
FNDA:0,<conjure_core::ast::declaration::Declaration as conjure_core::ast::serde::HasId>::id
FNDA:0,<conjure_core::ast::declaration::Declaration>::as_var_mut
FNDA:0,<conjure_core::ast::declaration::Declaration as conjure_core::ast::serde::DefaultWithId>::default_with_id
FNDA:0,<conjure_core::ast::declaration::Declaration>::as_domain_letting_mut
FNDA:0,<conjure_core::ast::declaration::Declaration as core::clone::Clone>::clone
FNDA:0,<conjure_core::ast::declaration::Declaration>::as_value_letting_mut
FNDA:0,<conjure_core::ast::declaration::Declaration as conjure_core::ast::types::Typeable>::return_type
FNDA:0,<conjure_core::ast::declaration::Declaration>::as_var
FNDA:0,<conjure_core::ast::declaration::Declaration as conjure_core::ast::types::Typeable>::return_type
FNDA:0,<conjure_core::ast::declaration::Declaration>::as_domain_letting
FNDA:0,<conjure_core::ast::declaration::Declaration>::domain
FNDA:0,<conjure_core::ast::declaration::DeclarationKind as uniplate::traits::Biplate<conjure_core::ast::declaration::Declaration>>::biplate
FNDA:0,<conjure_core::ast::declaration::Declaration>::as_var_mut
FNDA:0,<conjure_core::ast::declaration::Declaration>::new_var
FNDA:1,<conjure_core::ast::declaration::Declaration>::kind
FNDA:0,<conjure_core::ast::declaration::Declaration>::name
FNDA:0,<conjure_core::ast::declaration::Declaration>::as_value_letting_mut
FNDA:1,<conjure_core::ast::declaration::Declaration>::kind
FNDA:0,<conjure_core::ast::declaration::Declaration>::as_domain_letting_mut
FNDA:1,<conjure_core::ast::declaration::Declaration>::domain
FNDA:0,<conjure_core::ast::declaration::DeclarationKind as uniplate::traits::Biplate<conjure_core::ast::declaration::Declaration>>::biplate::{closure#0}
FNDA:0,<conjure_core::ast::declaration::Declaration>::as_var
FNDA:0,<conjure_core::ast::declaration::Declaration>::new
FNDA:0,<conjure_core::ast::declaration::Declaration>::new
FNDA:0,<conjure_core::ast::declaration::Declaration as conjure_core::ast::serde::DefaultWithId>::default_with_id
FNDA:1,<conjure_core::ast::declaration::Declaration as core::clone::Clone>::clone
FNDA:0,<conjure_core::ast::declaration::Declaration as conjure_core::ast::types::Typeable>::return_type
FNDA:1,<conjure_core::ast::declaration::Declaration>::as_var
FNDA:0,<conjure_core::ast::declaration::Declaration>::new
FNF:57
FNH:15
BRF:0
BRH:0
DA:38,0
DA:39,0
DA:40,0
DA:41,0
DA:56,0
DA:57,0
DA:58,0
DA:59,0
DA:62,6423
DA:63,6423
DA:64,6423
DA:65,6423
DA:66,6423
DA:67,6423
DA:68,6423
DA:69,6423
DA:72,50
DA:73,50
DA:74,50
DA:75,50
DA:76,50
DA:77,50
DA:78,50
DA:79,50
DA:82,70
DA:83,70
DA:84,70
DA:85,70
DA:86,70
DA:87,70
DA:88,70
DA:89,70
DA:92,3348833
DA:93,3348833
DA:94,3348833
DA:97,3488605
DA:98,3488605
DA:99,3488605
DA:102,59855
DA:103,59855
DA:104,59135
DA:106,40
DA:107,680
DA:109,59855
DA:112,3421610
DA:113,3421610
DA:114,3416970
DA:116,4640
DA:118,3421610
DA:121,160
DA:122,160
DA:123,160
DA:125,0
DA:127,160
DA:130,100
DA:131,100
DA:132,100
DA:134,0
DA:136,100
DA:139,0
DA:140,0
DA:141,0
DA:143,0
DA:145,0
DA:148,44170
DA:149,44170
DA:150,190
DA:152,43980
DA:154,44170
DA:157,0
DA:158,0
DA:159,0
DA:161,0
DA:163,0
DA:167,0
DA:168,0
DA:169,0
DA:173,0
DA:174,0
DA:175,0
DA:176,0
DA:177,0
DA:178,0
DA:179,0
DA:183,800
DA:184,800
DA:185,800
DA:186,800
DA:187,800
DA:188,800
DA:189,800
DA:193,0
DA:194,0
DA:195,0
DA:196,0
DA:197,0
DA:199,0
LF:97
LH:61
end_of_record
SF:crates/conjure_core/src/rules/partial_eval.rs
FN:16,conjure_core::rules::partial_eval::partial_evaluator
FN:377,conjure_core::rules::partial_eval::check_pairwise_or_tautologies
FN:377,conjure_core::rules::partial_eval::check_pairwise_or_tautologies
FN:16,conjure_core::rules::partial_eval::partial_evaluator
FN:16,conjure_core::rules::partial_eval::partial_evaluator
FN:377,conjure_core::rules::partial_eval::check_pairwise_or_tautologies
FN:15,conjure_core::rules::partial_eval::CONJURE_GEN_RULE_PARTIAL_EVALUATOR::__typecheck::{closure#0}::{closure#0}
FN:15,conjure_core::rules::partial_eval::CONJURE_GEN_RULE_PARTIAL_EVALUATOR::__typecheck::{closure#0}::{closure#0}
FN:15,conjure_core::rules::partial_eval::CONJURE_GEN_RULE_PARTIAL_EVALUATOR::__typecheck::{closure#0}::{closure#0}
FNDA:0,conjure_core::rules::partial_eval::partial_evaluator
FNDA:0,conjure_core::rules::partial_eval::check_pairwise_or_tautologies
FNDA:1,conjure_core::rules::partial_eval::check_pairwise_or_tautologies
FNDA:1,conjure_core::rules::partial_eval::partial_evaluator
FNDA:0,conjure_core::rules::partial_eval::partial_evaluator
FNDA:0,conjure_core::rules::partial_eval::check_pairwise_or_tautologies
FNDA:0,conjure_core::rules::partial_eval::CONJURE_GEN_RULE_PARTIAL_EVALUATOR::__typecheck::{closure#0}::{closure#0}
FNDA:0,conjure_core::rules::partial_eval::CONJURE_GEN_RULE_PARTIAL_EVALUATOR::__typecheck::{closure#0}::{closure#0}
FNDA:0,conjure_core::rules::partial_eval::CONJURE_GEN_RULE_PARTIAL_EVALUATOR::__typecheck::{closure#0}::{closure#0}
FNF:9
FNH:2
BRF:0
BRH:0
DA:16,477670
DA:23,477670
DA:24,23070
DA:25,410
DA:26,0
DA:27,0
DA:28,8610
DA:29,3050
DA:30,9990
DA:31,4040
DA:32,580
DA:33,2470
DA:34,228970
DA:35,0
DA:36,540
DA:37,20
DA:38,520
DA:40,2100
DA:41,2100
DA:42,2100
DA:43,2100
DA:44,8080
DA:45,860
DA:46,860
DA:47,860
DA:48,5120
DA:49,5120
DA:50,5120
DA:52,2100
DA:53,810
DA:54,1290
DA:56,2100
DA:57,2070
DA:59,30
DA:63,1690
DA:64,1690
DA:65,1690
DA:66,1690
DA:67,5320
DA:68,1610
DA:69,1610
DA:70,1610
DA:71,2020
DA:72,2020
DA:73,2020
DA:76,1690
DA:77,110
DA:78,1580
DA:79,1580
DA:80,1580
DA:81,1580
DA:82,1580
DA:83,1580
DA:86,0
DA:87,0
DA:88,0
DA:89,0
DA:90,0
DA:92,0
DA:94,1580
DA:96,1560
DA:99,20
DA:103,130
DA:104,130
DA:105,70
DA:107,60
DA:108,60
DA:109,60
DA:110,180
DA:111,0
DA:112,0
DA:113,0
DA:114,0
DA:115,0
DA:116,0
DA:118,0
DA:121,0
DA:123,120
DA:124,120
DA:125,120
DA:128,60
DA:129,0
DA:130,60
DA:132,60
DA:133,60
DA:135,0
DA:136,0
DA:137,0
DA:138,0
DA:142,110
DA:143,110
DA:144,80
DA:147,30
DA:148,30
DA:149,30
DA:150,90
DA:151,10
DA:152,10
DA:153,10
DA:154,0
DA:155,0
DA:156,0
DA:158,0
DA:161,10
DA:163,50
DA:164,50
DA:165,50
DA:168,30
DA:169,10
DA:170,20
DA:172,30
DA:173,30
DA:175,0
DA:176,0
DA:177,0
DA:178,0
DA:181,5150
DA:182,13770
DA:183,13770
DA:184,11920
DA:187,1850
DA:188,1850
DA:189,1850
DA:190,1850
DA:191,5910
DA:192,40
DA:193,40
DA:194,40
DA:195,40
DA:196,40
DA:197,40
DA:198,20
DA:199,20
DA:200,4040
DA:201,4040
DA:202,4040
DA:206,1830
DA:207,0
DA:208,1830
DA:209,1830
DA:210,1830
DA:211,1830
DA:212,0
DA:213,1830
DA:214,1830
DA:215,1830
DA:216,1810
DA:217,20
DA:218,20
DA:219,20
DA:220,20
DA:221,20
DA:222,20
DA:224,9850
DA:225,9850
DA:226,530
DA:228,9320
DA:229,9320
DA:230,32190
DA:231,750
DA:232,750
DA:233,750
DA:234,20
DA:235,20
DA:236,20
DA:237,20
DA:238,730
DA:239,22140
DA:240,22140
DA:241,22140
DA:244,9300
DA:245,8570
DA:247,730
DA:248,730
DA:249,730
DA:250,730
DA:255,13140
DA:256,13140
DA:257,13140
DA:258,4470
DA:259,8670
DA:260,8670
DA:261,8670
DA:262,8670
DA:263,69500
DA:264,70
DA:265,70
DA:266,70
DA:267,20
DA:268,20
DA:269,20
DA:270,20
DA:271,50
DA:272,60780
DA:273,60780
DA:274,60780
DA:277,8650
DA:278,8600
DA:280,50
DA:281,0
DA:282,50
DA:283,50
DA:284,50
DA:285,50
DA:288,17720
DA:289,20
DA:290,20
DA:292,20
DA:295,0
DA:297,17700
DA:298,17700
DA:299,17700
DA:300,17700
DA:301,17700
DA:302,17700
DA:303,17700
DA:304,17700
DA:305,17700
DA:306,20
DA:307,17680
DA:308,17680
DA:309,17680
DA:311,45350
DA:312,4760
DA:313,970
DA:314,16960
DA:315,30
DA:316,1310
DA:317,5600
DA:318,2820
DA:319,7350
DA:320,7350
DA:321,7220
DA:324,130
DA:327,460
DA:328,0
DA:329,0
DA:330,0
DA:331,0
DA:332,330
DA:336,130
DA:338,1160
DA:339,2180
DA:340,2200
DA:341,6650
DA:342,100
DA:343,220
DA:344,120
DA:348,730
DA:349,170
DA:350,6840
DA:351,70
DA:352,90
DA:353,940
DA:354,950
DA:355,770
DA:356,260
DA:357,200
DA:358,1510
DA:359,3330
DA:360,170
DA:361,9840
DA:362,7970
DA:363,600
DA:364,60
DA:366,477670
DA:377,1830
DA:378,1830
DA:379,1830
DA:380,1830
DA:381,1830
DA:382,1830
DA:383,1830
DA:384,1830
DA:385,1830
DA:387,4020
DA:388,4020
DA:392,0
DA:393,0
DA:394,0
DA:395,0
DA:396,0
DA:397,4020
DA:401,1830
DA:402,0
DA:403,0
DA:404,0
DA:408,1830
DA:409,0
DA:410,0
DA:411,0
DA:414,1830
DA:415,1830
LF:293
LH:244
end_of_record
SF:conjure_oxide/src/utils/json.rs
FN:53,conjure_oxide::utils::json::sort_json_object::{closure#0}
FN:48,conjure_oxide::utils::json::sort_json_object
FN:62,conjure_oxide::utils::json::sort_json_object::{closure#1}
FN:68,conjure_oxide::utils::json::sort_json_object::{closure#2}
FN:7,conjure_oxide::utils::json::json_value_cmp
FN:53,conjure_oxide::utils::json::sort_json_object::{closure#0}
FN:48,conjure_oxide::utils::json::sort_json_object
FN:32,conjure_oxide::utils::json::sort_json_variables
FN:32,conjure_oxide::utils::json::sort_json_variables
FN:62,conjure_oxide::utils::json::sort_json_object::{closure#1}
FN:7,conjure_oxide::utils::json::json_value_cmp
FN:32,conjure_oxide::utils::json::sort_json_variables
FN:48,conjure_oxide::utils::json::sort_json_object
FN:53,conjure_oxide::utils::json::sort_json_object::{closure#0}
FN:68,conjure_oxide::utils::json::sort_json_object::{closure#2}
FN:62,conjure_oxide::utils::json::sort_json_object::{closure#1}
FN:7,conjure_oxide::utils::json::json_value_cmp
FN:68,conjure_oxide::utils::json::sort_json_object::{closure#2}
FNDA:0,conjure_oxide::utils::json::sort_json_object::{closure#0}
FNDA:1,conjure_oxide::utils::json::sort_json_object
FNDA:1,conjure_oxide::utils::json::sort_json_object::{closure#1}
FNDA:0,conjure_oxide::utils::json::sort_json_object::{closure#2}
FNDA:0,conjure_oxide::utils::json::json_value_cmp
FNDA:1,conjure_oxide::utils::json::sort_json_object::{closure#0}
FNDA:0,conjure_oxide::utils::json::sort_json_object
FNDA:0,conjure_oxide::utils::json::sort_json_variables
FNDA:0,conjure_oxide::utils::json::sort_json_variables
FNDA:0,conjure_oxide::utils::json::sort_json_object::{closure#1}
FNDA:1,conjure_oxide::utils::json::json_value_cmp
FNDA:0,conjure_oxide::utils::json::sort_json_variables
FNDA:0,conjure_oxide::utils::json::sort_json_object
FNDA:0,conjure_oxide::utils::json::sort_json_object::{closure#0}
FNDA:0,conjure_oxide::utils::json::sort_json_object::{closure#2}
FNDA:0,conjure_oxide::utils::json::sort_json_object::{closure#1}
FNDA:0,conjure_oxide::utils::json::json_value_cmp
FNDA:1,conjure_oxide::utils::json::sort_json_object::{closure#2}
FNF:18
FNH:5
BRF:0
BRH:0
DA:7,406553
DA:8,406553
DA:9,0
DA:10,0
DA:11,0
DA:12,0
DA:13,0
DA:14,0
DA:15,0
DA:17,0
DA:18,0
DA:19,0
DA:20,0
DA:21,0
DA:22,0
DA:24,0
DA:26,406553
DA:28,406553
DA:32,0
DA:33,0
DA:34,0
DA:35,0
DA:36,0
DA:37,0
DA:39,0
DA:41,0
DA:48,1579872
DA:49,1579872
DA:50,812875
DA:51,812875
DA:52,812875
DA:53,1355550
DA:54,1355550
DA:55,0
DA:57,1355550
DA:59,1355550
DA:60,812875
DA:61,812875
DA:62,1287755
DA:63,812875
DA:65,67319
DA:66,67319
DA:67,67319
DA:68,219982
DA:69,67319
DA:70,67319
DA:71,67319
DA:72,24703
DA:73,42616
DA:75,67319
DA:77,699678
DA:79,1579872
LF:52
LH:29
end_of_record
SF:crates/conjure_core/src/ast/matrix.rs
FN:44,conjure_core::ast::matrix::enumerate_indices::{closure#0}
FN:124,conjure_core::ast::matrix::index_domains::{closure#0}
FN:41,conjure_core::ast::matrix::enumerate_indices
FN:87,conjure_core::ast::matrix::flatten_enumerate
FN:87,conjure_core::ast::matrix::flatten_enumerate
FN:60,conjure_core::ast::matrix::flatten
FN:118,conjure_core::ast::matrix::index_domains
FN:96,conjure_core::ast::matrix::flatten_enumerate::{closure#0}
FN:124,conjure_core::ast::matrix::index_domains::{closure#0}
FN:124,conjure_core::ast::matrix::index_domains::{closure#0}
FN:44,conjure_core::ast::matrix::enumerate_indices::{closure#0}
FN:68,conjure_core::ast::matrix::flatten_1
FN:118,conjure_core::ast::matrix::index_domains
FN:96,conjure_core::ast::matrix::flatten_enumerate::{closure#0}
FN:87,conjure_core::ast::matrix::flatten_enumerate
FN:96,conjure_core::ast::matrix::flatten_enumerate::{closure#0}
FN:69,conjure_core::ast::matrix::flatten_1::{closure#0}
FN:69,conjure_core::ast::matrix::flatten_1::{closure#0}
FN:68,conjure_core::ast::matrix::flatten_1
FN:44,conjure_core::ast::matrix::enumerate_indices::{closure#0}
FN:118,conjure_core::ast::matrix::index_domains
FN:69,conjure_core::ast::matrix::flatten_1::{closure#0}
FN:41,conjure_core::ast::matrix::enumerate_indices
FN:60,conjure_core::ast::matrix::flatten
FN:68,conjure_core::ast::matrix::flatten_1
FN:41,conjure_core::ast::matrix::enumerate_indices
FN:60,conjure_core::ast::matrix::flatten
FNDA:0,conjure_core::ast::matrix::enumerate_indices::{closure#0}
FNDA:0,conjure_core::ast::matrix::index_domains::{closure#0}
FNDA:0,conjure_core::ast::matrix::enumerate_indices
FNDA:1,conjure_core::ast::matrix::flatten_enumerate
FNDA:0,conjure_core::ast::matrix::flatten_enumerate
FNDA:1,conjure_core::ast::matrix::flatten
FNDA:0,conjure_core::ast::matrix::index_domains
FNDA:0,conjure_core::ast::matrix::flatten_enumerate::{closure#0}
FNDA:0,conjure_core::ast::matrix::index_domains::{closure#0}
FNDA:1,conjure_core::ast::matrix::index_domains::{closure#0}
FNDA:0,conjure_core::ast::matrix::enumerate_indices::{closure#0}
FNDA:0,conjure_core::ast::matrix::flatten_1
FNDA:0,conjure_core::ast::matrix::index_domains
FNDA:1,conjure_core::ast::matrix::flatten_enumerate::{closure#0}
FNDA:0,conjure_core::ast::matrix::flatten_enumerate
FNDA:0,conjure_core::ast::matrix::flatten_enumerate::{closure#0}
FNDA:1,conjure_core::ast::matrix::flatten_1::{closure#0}
FNDA:0,conjure_core::ast::matrix::flatten_1::{closure#0}
FNDA:1,conjure_core::ast::matrix::flatten_1
FNDA:1,conjure_core::ast::matrix::enumerate_indices::{closure#0}
FNDA:1,conjure_core::ast::matrix::index_domains
FNDA:0,conjure_core::ast::matrix::flatten_1::{closure#0}
FNDA:0,conjure_core::ast::matrix::enumerate_indices
FNDA:0,conjure_core::ast::matrix::flatten
FNDA:0,conjure_core::ast::matrix::flatten_1
FNDA:1,conjure_core::ast::matrix::enumerate_indices
FNDA:0,conjure_core::ast::matrix::flatten
FNF:27
FNH:9
BRF:0
BRH:0
DA:41,160
DA:42,160
DA:43,160
DA:44,270
DA:45,270
DA:46,270
DA:47,270
DA:48,160
DA:49,160
DA:60,70
DA:61,70
DA:62,0
DA:65,70
DA:66,70
DA:68,100
DA:69,270
DA:70,70
DA:71,70
DA:73,200
DA:75,270
DA:76,100
DA:87,30
DA:88,30
DA:89,30
DA:90,30
DA:91,0
DA:94,30
DA:95,30
DA:96,60
DA:97,60
DA:98,60
DA:99,40
DA:100,0
DA:101,40
DA:102,40
DA:104,20
DA:105,60
DA:106,30
DA:107,30
DA:108,30
DA:109,30
DA:118,40
DA:119,40
DA:120,0
DA:123,40
DA:124,160
DA:125,160
DA:126,160
DA:127,0
DA:130,160
DA:131,160
DA:132,0
DA:133,160
DA:134,160
DA:135,160
DA:136,160
DA:139,160
DA:140,40
DA:141,40
LF:59
LH:53
end_of_record
SF:crates/conjure_core/src/ast/pretty.rs
FN:24,conjure_core::ast::pretty::pretty_expressions_as_top_level
FN:24,conjure_core::ast::pretty::pretty_expressions_as_top_level
FN:24,conjure_core::ast::pretty::pretty_expressions_as_top_level
FN:103,conjure_core::ast::pretty::pretty_domain_letting_declaration
FN:56,conjure_core::ast::pretty::pretty_vec::<conjure_core::ast::literals::Literal>::{closure#0}
FN:55,conjure_core::ast::pretty::pretty_vec::<&conjure_core::ast::domains::Domain>
FN:55,conjure_core::ast::pretty::pretty_vec::<&conjure_core::ast::domains::Domain>
FN:55,conjure_core::ast::pretty::pretty_vec::<conjure_core::ast::expressions::Expression>
FN:55,conjure_core::ast::pretty::pretty_vec::<conjure_core::ast::atom::Atom>
FN:38,conjure_core::ast::pretty::pretty_expressions_as_conjunction::{closure#0}
FN:37,conjure_core::ast::pretty::pretty_expressions_as_conjunction
FN:88,conjure_core::ast::pretty::pretty_value_letting_declaration
FN:88,conjure_core::ast::pretty::pretty_value_letting_declaration
FN:56,conjure_core::ast::pretty::pretty_vec::<&conjure_core::ast::domains::Domain>::{closure#0}
FN:55,conjure_core::ast::pretty::pretty_vec::<conjure_core::ast::literals::Literal>
FN:56,conjure_core::ast::pretty::pretty_vec::<&conjure_core::ast::domains::Domain>::{closure#0}
FN:37,conjure_core::ast::pretty::pretty_expressions_as_conjunction
FN:88,conjure_core::ast::pretty::pretty_value_letting_declaration
FN:55,conjure_core::ast::pretty::pretty_vec::<conjure_core::ast::atom::Atom>
FN:103,conjure_core::ast::pretty::pretty_domain_letting_declaration
FN:56,conjure_core::ast::pretty::pretty_vec::<conjure_core::ast::literals::Literal>::{closure#0}
FN:25,conjure_core::ast::pretty::pretty_expressions_as_top_level::{closure#0}
FN:55,conjure_core::ast::pretty::pretty_vec::<&conjure_core::ast::domains::Domain>
FN:37,conjure_core::ast::pretty::pretty_expressions_as_conjunction
FN:72,conjure_core::ast::pretty::pretty_variable_declaration
FN:38,conjure_core::ast::pretty::pretty_expressions_as_conjunction::{closure#0}
FN:56,conjure_core::ast::pretty::pretty_vec::<conjure_core::ast::expressions::Expression>::{closure#0}
FN:38,conjure_core::ast::pretty::pretty_expressions_as_conjunction::{closure#0}
FN:55,conjure_core::ast::pretty::pretty_vec::<conjure_core::ast::atom::Atom>
FN:103,conjure_core::ast::pretty::pretty_domain_letting_declaration
FN:25,conjure_core::ast::pretty::pretty_expressions_as_top_level::{closure#0}
FN:56,conjure_core::ast::pretty::pretty_vec::<conjure_core::ast::atom::Atom>::{closure#0}
FN:72,conjure_core::ast::pretty::pretty_variable_declaration
FN:56,conjure_core::ast::pretty::pretty_vec::<conjure_core::ast::expressions::Expression>::{closure#0}
FN:72,conjure_core::ast::pretty::pretty_variable_declaration
FN:56,conjure_core::ast::pretty::pretty_vec::<&conjure_core::ast::domains::Domain>::{closure#0}
FN:56,conjure_core::ast::pretty::pretty_vec::<conjure_core::ast::atom::Atom>::{closure#0}
FN:55,conjure_core::ast::pretty::pretty_vec::<conjure_core::ast::literals::Literal>
FN:55,conjure_core::ast::pretty::pretty_vec::<conjure_core::ast::expressions::Expression>
FN:55,conjure_core::ast::pretty::pretty_vec::<conjure_core::ast::literals::Literal>
FN:56,conjure_core::ast::pretty::pretty_vec::<conjure_core::ast::expressions::Expression>::{closure#0}
FN:55,conjure_core::ast::pretty::pretty_vec::<conjure_core::ast::expressions::Expression>
FN:25,conjure_core::ast::pretty::pretty_expressions_as_top_level::{closure#0}
FN:56,conjure_core::ast::pretty::pretty_vec::<conjure_core::ast::atom::Atom>::{closure#0}
FN:56,conjure_core::ast::pretty::pretty_vec::<conjure_core::ast::literals::Literal>::{closure#0}
FNDA:1,conjure_core::ast::pretty::pretty_expressions_as_top_level
FNDA:0,conjure_core::ast::pretty::pretty_expressions_as_top_level
FNDA:0,conjure_core::ast::pretty::pretty_expressions_as_top_level
FNDA:0,conjure_core::ast::pretty::pretty_domain_letting_declaration
FNDA:1,conjure_core::ast::pretty::pretty_vec::<conjure_core::ast::literals::Literal>::{closure#0}
FNDA:1,conjure_core::ast::pretty::pretty_vec::<&conjure_core::ast::domains::Domain>
FNDA:0,conjure_core::ast::pretty::pretty_vec::<&conjure_core::ast::domains::Domain>
FNDA:1,conjure_core::ast::pretty::pretty_vec::<conjure_core::ast::expressions::Expression>
FNDA:0,conjure_core::ast::pretty::pretty_vec::<conjure_core::ast::atom::Atom>
FNDA:0,conjure_core::ast::pretty::pretty_expressions_as_conjunction::{closure#0}
FNDA:0,conjure_core::ast::pretty::pretty_expressions_as_conjunction
FNDA:0,conjure_core::ast::pretty::pretty_value_letting_declaration
FNDA:0,conjure_core::ast::pretty::pretty_value_letting_declaration
FNDA:0,conjure_core::ast::pretty::pretty_vec::<&conjure_core::ast::domains::Domain>::{closure#0}
FNDA:1,conjure_core::ast::pretty::pretty_vec::<conjure_core::ast::literals::Literal>
FNDA:1,conjure_core::ast::pretty::pretty_vec::<&conjure_core::ast::domains::Domain>::{closure#0}
FNDA:0,conjure_core::ast::pretty::pretty_expressions_as_conjunction
FNDA:1,conjure_core::ast::pretty::pretty_value_letting_declaration
FNDA:0,conjure_core::ast::pretty::pretty_vec::<conjure_core::ast::atom::Atom>
FNDA:1,conjure_core::ast::pretty::pretty_domain_letting_declaration
FNDA:0,conjure_core::ast::pretty::pretty_vec::<conjure_core::ast::literals::Literal>::{closure#0}
FNDA:0,conjure_core::ast::pretty::pretty_expressions_as_top_level::{closure#0}
FNDA:0,conjure_core::ast::pretty::pretty_vec::<&conjure_core::ast::domains::Domain>
FNDA:0,conjure_core::ast::pretty::pretty_expressions_as_conjunction
FNDA:0,conjure_core::ast::pretty::pretty_variable_declaration
FNDA:0,conjure_core::ast::pretty::pretty_expressions_as_conjunction::{closure#0}
FNDA:0,conjure_core::ast::pretty::pretty_vec::<conjure_core::ast::expressions::Expression>::{closure#0}
FNDA:0,conjure_core::ast::pretty::pretty_expressions_as_conjunction::{closure#0}
FNDA:1,conjure_core::ast::pretty::pretty_vec::<conjure_core::ast::atom::Atom>
FNDA:0,conjure_core::ast::pretty::pretty_domain_letting_declaration
FNDA:1,conjure_core::ast::pretty::pretty_expressions_as_top_level::{closure#0}
FNDA:0,conjure_core::ast::pretty::pretty_vec::<conjure_core::ast::atom::Atom>::{closure#0}
FNDA:1,conjure_core::ast::pretty::pretty_variable_declaration
FNDA:1,conjure_core::ast::pretty::pretty_vec::<conjure_core::ast::expressions::Expression>::{closure#0}
FNDA:0,conjure_core::ast::pretty::pretty_variable_declaration
FNDA:0,conjure_core::ast::pretty::pretty_vec::<&conjure_core::ast::domains::Domain>::{closure#0}
FNDA:0,conjure_core::ast::pretty::pretty_vec::<conjure_core::ast::atom::Atom>::{closure#0}
FNDA:0,conjure_core::ast::pretty::pretty_vec::<conjure_core::ast::literals::Literal>
FNDA:0,conjure_core::ast::pretty::pretty_vec::<conjure_core::ast::expressions::Expression>
FNDA:0,conjure_core::ast::pretty::pretty_vec::<conjure_core::ast::literals::Literal>
FNDA:0,conjure_core::ast::pretty::pretty_vec::<conjure_core::ast::expressions::Expression>::{closure#0}
FNDA:0,conjure_core::ast::pretty::pretty_vec::<conjure_core::ast::expressions::Expression>
FNDA:0,conjure_core::ast::pretty::pretty_expressions_as_top_level::{closure#0}
FNDA:1,conjure_core::ast::pretty::pretty_vec::<conjure_core::ast::atom::Atom>::{closure#0}
FNDA:0,conjure_core::ast::pretty::pretty_vec::<conjure_core::ast::literals::Literal>::{closure#0}
FNF:45
FNH:13
BRF:0
BRH:0
DA:24,2380
DA:25,5720
DA:26,2380
DA:37,0
DA:38,0
DA:39,0
DA:40,0
DA:41,0
DA:42,0
DA:43,0
DA:44,0
DA:55,28720
DA:56,30050
DA:57,28720
DA:58,28720
DA:59,28720
DA:60,28720
DA:61,28720
DA:72,8380
DA:73,8380
DA:74,8380
DA:75,8380
DA:76,8380
DA:77,8380
DA:88,120
DA:89,120
DA:90,120
DA:91,120
DA:92,120
DA:103,100
DA:104,100
DA:105,100
DA:106,100
DA:107,100
DA:108,100
DA:109,100
DA:110,100
LF:37
LH:29
end_of_record
SF:crates/conjure_core/src/rule_engine/resolve_rules.rs
FN:142,conjure_core::rule_engine::resolve_rules::get_rules_grouped
FN:48,<conjure_core::rule_engine::resolve_rules::RuleData as core::cmp::Ord>::cmp
FN:63,<conjure_core::rule_engine::resolve_rules::ResolveRulesError as core::fmt::Display>::fmt
FN:93,conjure_core::rule_engine::resolve_rules::rule_sets_by_names
FN:115,conjure_core::rule_engine::resolve_rules::get_rules
FN:19,<conjure_core::rule_engine::resolve_rules::RuleData as core::fmt::Display>::fmt
FN:165,conjure_core::rule_engine::resolve_rules::resolve_rule_sets
FN:48,<conjure_core::rule_engine::resolve_rules::RuleData as core::cmp::Ord>::cmp
FN:77,conjure_core::rule_engine::resolve_rules::get_rule_set
FN:63,<conjure_core::rule_engine::resolve_rules::ResolveRulesError as core::fmt::Display>::fmt
FN:19,<conjure_core::rule_engine::resolve_rules::RuleData as core::fmt::Display>::fmt
FN:63,<conjure_core::rule_engine::resolve_rules::ResolveRulesError as core::fmt::Display>::fmt
FN:42,<conjure_core::rule_engine::resolve_rules::RuleData as core::cmp::PartialOrd>::partial_cmp
FN:93,conjure_core::rule_engine::resolve_rules::rule_sets_by_names
FN:33,<conjure_core::rule_engine::resolve_rules::RuleData as core::cmp::PartialEq>::eq
FN:142,conjure_core::rule_engine::resolve_rules::get_rules_grouped
FN:148,conjure_core::rule_engine::resolve_rules::get_rules_grouped::{closure#0}
FN:151,conjure_core::rule_engine::resolve_rules::get_rules_grouped::{closure#1}
FN:115,conjure_core::rule_engine::resolve_rules::get_rules
FN:42,<conjure_core::rule_engine::resolve_rules::RuleData as core::cmp::PartialOrd>::partial_cmp
FN:19,<conjure_core::rule_engine::resolve_rules::RuleData as core::fmt::Display>::fmt
FN:93,conjure_core::rule_engine::resolve_rules::rule_sets_by_names
FN:77,conjure_core::rule_engine::resolve_rules::get_rule_set
FN:48,<conjure_core::rule_engine::resolve_rules::RuleData as core::cmp::Ord>::cmp
FN:42,<conjure_core::rule_engine::resolve_rules::RuleData as core::cmp::PartialOrd>::partial_cmp
FN:148,conjure_core::rule_engine::resolve_rules::get_rules_grouped::{closure#0}
FN:115,conjure_core::rule_engine::resolve_rules::get_rules
FN:165,conjure_core::rule_engine::resolve_rules::resolve_rule_sets
FN:33,<conjure_core::rule_engine::resolve_rules::RuleData as core::cmp::PartialEq>::eq
FN:148,conjure_core::rule_engine::resolve_rules::get_rules_grouped::{closure#0}
FN:142,conjure_core::rule_engine::resolve_rules::get_rules_grouped
FN:151,conjure_core::rule_engine::resolve_rules::get_rules_grouped::{closure#1}
FN:33,<conjure_core::rule_engine::resolve_rules::RuleData as core::cmp::PartialEq>::eq
FN:77,conjure_core::rule_engine::resolve_rules::get_rule_set
FN:151,conjure_core::rule_engine::resolve_rules::get_rules_grouped::{closure#1}
FN:165,conjure_core::rule_engine::resolve_rules::resolve_rule_sets
FNDA:0,conjure_core::rule_engine::resolve_rules::get_rules_grouped
FNDA:0,<conjure_core::rule_engine::resolve_rules::RuleData as core::cmp::Ord>::cmp
FNDA:0,<conjure_core::rule_engine::resolve_rules::ResolveRulesError as core::fmt::Display>::fmt
FNDA:0,conjure_core::rule_engine::resolve_rules::rule_sets_by_names
FNDA:1,conjure_core::rule_engine::resolve_rules::get_rules
FNDA:0,<conjure_core::rule_engine::resolve_rules::RuleData as core::fmt::Display>::fmt
FNDA:1,conjure_core::rule_engine::resolve_rules::resolve_rule_sets
FNDA:0,<conjure_core::rule_engine::resolve_rules::RuleData as core::cmp::Ord>::cmp
FNDA:0,conjure_core::rule_engine::resolve_rules::get_rule_set
FNDA:0,<conjure_core::rule_engine::resolve_rules::ResolveRulesError as core::fmt::Display>::fmt
FNDA:0,<conjure_core::rule_engine::resolve_rules::RuleData as core::fmt::Display>::fmt
FNDA:0,<conjure_core::rule_engine::resolve_rules::ResolveRulesError as core::fmt::Display>::fmt
FNDA:0,<conjure_core::rule_engine::resolve_rules::RuleData as core::cmp::PartialOrd>::partial_cmp
FNDA:1,conjure_core::rule_engine::resolve_rules::rule_sets_by_names
FNDA:0,<conjure_core::rule_engine::resolve_rules::RuleData as core::cmp::PartialEq>::eq
FNDA:1,conjure_core::rule_engine::resolve_rules::get_rules_grouped
FNDA:0,conjure_core::rule_engine::resolve_rules::get_rules_grouped::{closure#0}
FNDA:0,conjure_core::rule_engine::resolve_rules::get_rules_grouped::{closure#1}
FNDA:0,conjure_core::rule_engine::resolve_rules::get_rules
FNDA:0,<conjure_core::rule_engine::resolve_rules::RuleData as core::cmp::PartialOrd>::partial_cmp
FNDA:0,<conjure_core::rule_engine::resolve_rules::RuleData as core::fmt::Display>::fmt
FNDA:0,conjure_core::rule_engine::resolve_rules::rule_sets_by_names
FNDA:0,conjure_core::rule_engine::resolve_rules::get_rule_set
FNDA:1,<conjure_core::rule_engine::resolve_rules::RuleData as core::cmp::Ord>::cmp
FNDA:0,<conjure_core::rule_engine::resolve_rules::RuleData as core::cmp::PartialOrd>::partial_cmp
FNDA:1,conjure_core::rule_engine::resolve_rules::get_rules_grouped::{closure#0}
FNDA:0,conjure_core::rule_engine::resolve_rules::get_rules
FNDA:0,conjure_core::rule_engine::resolve_rules::resolve_rule_sets
FNDA:0,<conjure_core::rule_engine::resolve_rules::RuleData as core::cmp::PartialEq>::eq
FNDA:0,conjure_core::rule_engine::resolve_rules::get_rules_grouped::{closure#0}
FNDA:0,conjure_core::rule_engine::resolve_rules::get_rules_grouped
FNDA:0,conjure_core::rule_engine::resolve_rules::get_rules_grouped::{closure#1}
FNDA:0,<conjure_core::rule_engine::resolve_rules::RuleData as core::cmp::PartialEq>::eq
FNDA:1,conjure_core::rule_engine::resolve_rules::get_rule_set
FNDA:1,conjure_core::rule_engine::resolve_rules::get_rules_grouped::{closure#1}
FNDA:0,conjure_core::rule_engine::resolve_rules::resolve_rule_sets
FNF:36
FNH:8
BRF:0
BRH:0
DA:19,0
DA:20,0
DA:21,0
DA:22,0
DA:23,0
DA:24,0
DA:25,0
DA:33,0
DA:34,0
DA:35,0
DA:42,0
DA:43,0
DA:44,0
DA:48,456060
DA:49,456060
DA:50,131420
DA:51,324640
DA:53,456060
DA:63,0
DA:64,0
DA:65,0
DA:66,0
DA:67,0
DA:77,3120
DA:78,3120
DA:79,3120
DA:80,0
DA:82,3120
DA:93,1040
DA:94,1040
DA:95,1040
DA:96,1040
DA:98,4160
DA:99,3120
DA:100,3120
DA:101,3120
DA:102,3120
DA:105,1040
DA:106,1040
DA:115,1040
DA:116,1040
DA:117,1040
DA:118,1040
DA:119,1040
DA:120,1040
DA:122,5200
DA:123,68640
DA:124,68640
DA:125,68640
DA:126,68640
DA:127,68640
DA:128,68640
DA:129,68640
DA:132,1040
DA:133,1040
DA:142,1040
DA:143,1040
DA:144,1040
DA:145,1040
DA:146,1040
DA:147,1040
DA:148,68640
DA:149,1040
DA:150,1040
DA:151,17680
DA:152,1040
DA:153,1040
DA:154,1040
DA:165,1040
DA:166,1040
DA:167,1040
DA:168,1040
DA:169,1040
DA:170,1040
DA:171,1040
DA:173,1040
DA:174,1040
DA:175,1040
DA:177,1040
DA:178,1040
DA:179,1040
LF:81
LH:62
end_of_record
SF:crates/tree_morph/src/commands.rs
FN:85,<tree_morph::commands::Commands<_, _>>::mut_meta
FN:95,<tree_morph::commands::Commands<conjure_core::ast::expressions::Expression, conjure_core::ast::symbol_table::SymbolTable>>::apply
FN:95,<tree_morph::commands::Commands<lambda_calc::Expr, u32>>::apply
FN:95,<tree_morph::commands::Commands<mixed_fn_rules::Expr, ()>>::apply
FN:95,<tree_morph::commands::Commands<enum_rules::Expr, enum_rules::Meta>>::apply
FN:78,<tree_morph::commands::Commands<conjure_core::ast::expressions::Expression, conjure_core::ast::symbol_table::SymbolTable>>::transform
FN:95,<tree_morph::commands::Commands<_, _>>::apply
FN:65,<tree_morph::commands::Commands<enum_rules::Expr, enum_rules::Meta>>::new
FN:65,<tree_morph::commands::Commands<rule_groups::Expr, ()>>::new
FN:65,<tree_morph::commands::Commands<conjure_core::ast::expressions::Expression, conjure_core::ast::symbol_table::SymbolTable>>::new
FN:78,<tree_morph::commands::Commands<_, _>>::transform
FN:95,<tree_morph::commands::Commands<rule_groups::Expr, ()>>::apply
FN:85,<tree_morph::commands::Commands<lambda_calc::Expr, u32>>::mut_meta
FN:85,<tree_morph::commands::Commands<conjure_core::ast::expressions::Expression, conjure_core::ast::symbol_table::SymbolTable>>::mut_meta
FN:65,<tree_morph::commands::Commands<_, _>>::new
FN:90,<tree_morph::commands::Commands<_, _>>::clear
FN:85,<tree_morph::commands::Commands<conjure_core::ast::expressions::Expression, conjure_core::ast::symbol_table::SymbolTable>>::mut_meta
FN:65,<tree_morph::commands::Commands<mixed_fn_rules::Expr, ()>>::new
FN:65,<tree_morph::commands::Commands<shapes::Shape, ()>>::new
FN:95,<tree_morph::commands::Commands<shapes::Shape, ()>>::apply
FN:78,<tree_morph::commands::Commands<conjure_core::ast::expressions::Expression, conjure_core::ast::symbol_table::SymbolTable>>::transform
FN:85,<tree_morph::commands::Commands<enum_rules::Expr, enum_rules::Meta>>::mut_meta
FN:65,<tree_morph::commands::Commands<lambda_calc::Expr, u32>>::new
FNDA:0,<tree_morph::commands::Commands<_, _>>::mut_meta
FNDA:0,<tree_morph::commands::Commands<conjure_core::ast::expressions::Expression, conjure_core::ast::symbol_table::SymbolTable>>::apply
FNDA:0,<tree_morph::commands::Commands<lambda_calc::Expr, u32>>::apply
FNDA:0,<tree_morph::commands::Commands<mixed_fn_rules::Expr, ()>>::apply
FNDA:0,<tree_morph::commands::Commands<enum_rules::Expr, enum_rules::Meta>>::apply
FNDA:0,<tree_morph::commands::Commands<conjure_core::ast::expressions::Expression, conjure_core::ast::symbol_table::SymbolTable>>::transform
FNDA:0,<tree_morph::commands::Commands<_, _>>::apply
FNDA:0,<tree_morph::commands::Commands<enum_rules::Expr, enum_rules::Meta>>::new
FNDA:0,<tree_morph::commands::Commands<rule_groups::Expr, ()>>::new
FNDA:0,<tree_morph::commands::Commands<conjure_core::ast::expressions::Expression, conjure_core::ast::symbol_table::SymbolTable>>::new
FNDA:0,<tree_morph::commands::Commands<_, _>>::transform
FNDA:0,<tree_morph::commands::Commands<rule_groups::Expr, ()>>::apply
FNDA:0,<tree_morph::commands::Commands<lambda_calc::Expr, u32>>::mut_meta
FNDA:0,<tree_morph::commands::Commands<conjure_core::ast::expressions::Expression, conjure_core::ast::symbol_table::SymbolTable>>::mut_meta
FNDA:0,<tree_morph::commands::Commands<_, _>>::new
FNDA:0,<tree_morph::commands::Commands<_, _>>::clear
FNDA:0,<tree_morph::commands::Commands<conjure_core::ast::expressions::Expression, conjure_core::ast::symbol_table::SymbolTable>>::mut_meta
FNDA:0,<tree_morph::commands::Commands<mixed_fn_rules::Expr, ()>>::new
FNDA:0,<tree_morph::commands::Commands<shapes::Shape, ()>>::new
FNDA:0,<tree_morph::commands::Commands<shapes::Shape, ()>>::apply
FNDA:0,<tree_morph::commands::Commands<conjure_core::ast::expressions::Expression, conjure_core::ast::symbol_table::SymbolTable>>::transform
FNDA:0,<tree_morph::commands::Commands<enum_rules::Expr, enum_rules::Meta>>::mut_meta
FNDA:0,<tree_morph::commands::Commands<lambda_calc::Expr, u32>>::new
FNF:23
FNH:0
BRF:0
BRH:0
DA:65,0
DA:66,0
DA:67,0
DA:68,0
DA:69,0
DA:78,0
DA:79,0
DA:80,0
DA:85,0
DA:86,0
DA:87,0
DA:90,0
DA:91,0
DA:92,0
DA:95,0
DA:96,0
DA:97,0
DA:98,0
DA:99,0
DA:102,0
DA:103,0
LF:21
LH:0
end_of_record
SF:crates/conjure_core/src/ast/variables.rs
FN:45,<conjure_core::ast::variables::DecisionVariable>::new
FN:60,<conjure_core::ast::variables::DecisionVariable as core::fmt::Display>::fmt
FN:45,<conjure_core::ast::variables::DecisionVariable>::new
FN:32,<conjure_core::ast::variables::DecisionVariable as core::hash::Hash>::hash::<_>
FN:54,<conjure_core::ast::variables::DecisionVariable as conjure_core::ast::types::Typeable>::return_type
FN:60,<conjure_core::ast::variables::DecisionVariable as core::fmt::Display>::fmt
FN:32,<conjure_core::ast::variables::DecisionVariable as core::hash::Hash>::hash::<_>
FN:60,<conjure_core::ast::variables::DecisionVariable as core::fmt::Display>::fmt
FN:32,<conjure_core::ast::variables::DecisionVariable as core::hash::Hash>::hash::<_>
FN:54,<conjure_core::ast::variables::DecisionVariable as conjure_core::ast::types::Typeable>::return_type
FN:45,<conjure_core::ast::variables::DecisionVariable>::new
FN:54,<conjure_core::ast::variables::DecisionVariable as conjure_core::ast::types::Typeable>::return_type
FNDA:0,<conjure_core::ast::variables::DecisionVariable>::new
FNDA:0,<conjure_core::ast::variables::DecisionVariable as core::fmt::Display>::fmt
FNDA:1,<conjure_core::ast::variables::DecisionVariable>::new
FNDA:0,<conjure_core::ast::variables::DecisionVariable as core::hash::Hash>::hash::<_>
FNDA:0,<conjure_core::ast::variables::DecisionVariable as conjure_core::ast::types::Typeable>::return_type
FNDA:0,<conjure_core::ast::variables::DecisionVariable as core::fmt::Display>::fmt
FNDA:0,<conjure_core::ast::variables::DecisionVariable as core::hash::Hash>::hash::<_>
FNDA:0,<conjure_core::ast::variables::DecisionVariable as core::fmt::Display>::fmt
FNDA:0,<conjure_core::ast::variables::DecisionVariable as core::hash::Hash>::hash::<_>
FNDA:0,<conjure_core::ast::variables::DecisionVariable as conjure_core::ast::types::Typeable>::return_type
FNDA:1,<conjure_core::ast::variables::DecisionVariable>::new
FNDA:0,<conjure_core::ast::variables::DecisionVariable as conjure_core::ast::types::Typeable>::return_type
FNF:12
FNH:2
BRF:0
BRH:0
DA:32,0
DA:45,6423
DA:46,6423
DA:47,6423
DA:48,6423
DA:49,6423
DA:50,6423
DA:54,0
DA:55,0
DA:60,0
DA:61,0
DA:62,0
LF:12
LH:6
end_of_record
SF:solvers/minion/src/error.rs
FN:47,<minion_rs::error::RuntimeError as core::convert::From<u32>>::from
FN:47,<minion_rs::error::RuntimeError as core::convert::From<u32>>::from
FNDA:0,<minion_rs::error::RuntimeError as core::convert::From<u32>>::from
FNDA:0,<minion_rs::error::RuntimeError as core::convert::From<u32>>::from
FNF:2
FNH:0
BRF:0
BRH:0
DA:47,0
DA:48,0
DA:50,0
DA:51,0
DA:53,0
LF:5
LH:0
end_of_record
SF:crates/conjure_core/src/ast/symbol_table.rs
FN:102,<conjure_core::ast::symbol_table::SymbolTable>::with_parent
FN:296,<conjure_core::ast::symbol_table::SymbolTable>::get_or_add_representation::{closure#0}
FN:197,<conjure_core::ast::symbol_table::SymbolTable>::extend
FN:367,<conjure_core::ast::symbol_table::IntoIter as core::iter::traits::iterator::Iterator>::next
FN:185,<conjure_core::ast::symbol_table::SymbolTable>::resolve_domain::{closure#0}
FN:184,<conjure_core::ast::symbol_table::SymbolTable>::resolve_domain
FN:267,<conjure_core::ast::symbol_table::SymbolTable>::representations_for::{closure#0}
FN:80,<<conjure_core::ast::symbol_table::SymbolTable as serde::de::Deserialize>::deserialize::__Visitor as serde::de::Visitor>::visit_seq::<_>::{closure#0}
FN:484,<conjure_core::ast::symbol_table::SymbolTable as uniplate::traits::Biplate<conjure_core::ast::submodel::SubModel>>::biplate
FN:106,<conjure_core::ast::symbol_table::SymbolTable>::new_inner
FN:159,<conjure_core::ast::symbol_table::SymbolTable>::return_type_local
FN:439,<conjure_core::ast::symbol_table::SymbolTable as uniplate::traits::Biplate<conjure_core::ast::expressions::Expression>>::biplate::{closure#1}
FN:265,<conjure_core::ast::symbol_table::SymbolTable>::representations_for
FN:184,<conjure_core::ast::symbol_table::SymbolTable>::resolve_domain
FN:160,<conjure_core::ast::symbol_table::SymbolTable>::return_type_local::{closure#0}
FN:197,<conjure_core::ast::symbol_table::SymbolTable>::extend
FN:296,<conjure_core::ast::symbol_table::SymbolTable>::get_or_add_representation::{closure#0}::{closure#0}
FN:424,<conjure_core::ast::symbol_table::SymbolTable as uniplate::traits::Uniplate>::uniplate::{closure#0}
FN:225,<conjure_core::ast::symbol_table::SymbolTable>::parent_mut_unchecked
FN:387,<conjure_core::ast::symbol_table::SymbolTable as conjure_core::ast::serde::HasId>::id
FN:167,<conjure_core::ast::symbol_table::SymbolTable>::domain
FN:127,<conjure_core::ast::symbol_table::SymbolTable>::lookup::{closure#0}
FN:102,<conjure_core::ast::symbol_table::SymbolTable>::with_parent
FN:429,<conjure_core::ast::symbol_table::SymbolTable as uniplate::traits::Biplate<conjure_core::ast::expressions::Expression>>::biplate
FN:80,<<conjure_core::ast::symbol_table::SymbolTable as serde::de::Deserialize>::deserialize::__Visitor as serde::de::Visitor>::visit_seq::<serde_json::de::SeqAccess<serde_json::read::StrRead>>::{closure#1}
FN:296,<conjure_core::ast::symbol_table::SymbolTable>::get_or_add_representation::{closure#0}::{closure#0}
FN:80,<<conjure_core::ast::symbol_table::SymbolTable as serde::de::Deserialize>::deserialize::__Visitor as serde::de::Visitor>::visit_seq::<&mut serde::de::value::SeqDeserializer<alloc::vec::into_iter::IntoIter<serde::__private::de::content::Content>, serde_json::error::Error>>::{closure#1}
FN:234,<conjure_core::ast::symbol_table::SymbolTable>::get_representation
FN:286,<conjure_core::ast::symbol_table::SymbolTable>::get_or_add_representation
FN:106,<conjure_core::ast::symbol_table::SymbolTable>::new_inner
FN:160,<conjure_core::ast::symbol_table::SymbolTable>::return_type_local::{closure#0}
FN:484,<conjure_core::ast::symbol_table::SymbolTable as uniplate::traits::Biplate<conjure_core::ast::submodel::SubModel>>::biplate
FN:387,<conjure_core::ast::symbol_table::SymbolTable as conjure_core::ast::serde::HasId>::id
FN:225,<conjure_core::ast::symbol_table::SymbolTable>::parent_mut_unchecked
FN:350,<conjure_core::ast::symbol_table::LocalIntoIter as core::iter::traits::iterator::Iterator>::next
FN:97,<conjure_core::ast::symbol_table::SymbolTable>::new
FN:80,<<conjure_core::ast::symbol_table::SymbolTable as serde::de::Deserialize>::deserialize::__Visitor as serde::de::Visitor>::visit_seq::<serde_json::de::SeqAccess<serde_json::read::StrRead>>::{closure#0}
FN:333,<conjure_core::ast::symbol_table::SymbolTable as core::iter::traits::collect::IntoIterator>::into_iter
FN:137,<conjure_core::ast::symbol_table::SymbolTable>::insert
FN:80,<<conjure_core::ast::symbol_table::SymbolTable as serde::de::Deserialize>::deserialize::__Visitor as serde::de::Visitor>::visit_seq::<&mut serde::de::value::SeqDeserializer<alloc::vec::into_iter::IntoIter<serde::__private::de::content::Content>, serde_json::error::Error>>::{closure#0}
FN:299,<conjure_core::ast::symbol_table::SymbolTable>::get_or_add_representation::{closure#1}
FN:154,<conjure_core::ast::symbol_table::SymbolTable>::return_type
FN:155,<conjure_core::ast::symbol_table::SymbolTable>::return_type::{closure#0}
FN:296,<conjure_core::ast::symbol_table::SymbolTable>::get_or_add_representation::{closure#0}
FN:350,<conjure_core::ast::symbol_table::LocalIntoIter as core::iter::traits::iterator::Iterator>::next
FN:167,<conjure_core::ast::symbol_table::SymbolTable>::domain
FN:265,<conjure_core::ast::symbol_table::SymbolTable>::representations_for
FN:107,<conjure_core::ast::symbol_table::SymbolTable>::new_inner::{closure#0}
FN:80,<<conjure_core::ast::symbol_table::SymbolTable as serde::de::Deserialize>::deserialize::__Visitor as serde::de::Visitor>::visit_seq::<&mut serde::de::value::SeqDeserializer<alloc::vec::into_iter::IntoIter<serde::__private::de::content::Content>, serde_json::error::Error>>::{closure#0}
FN:102,<conjure_core::ast::symbol_table::SymbolTable>::with_parent
FN:299,<conjure_core::ast::symbol_table::SymbolTable>::get_or_add_representation::{closure#1}
FN:296,<conjure_core::ast::symbol_table::SymbolTable>::get_or_add_representation::{closure#0}
FN:106,<conjure_core::ast::symbol_table::SymbolTable>::new_inner
FN:80,<<conjure_core::ast::symbol_table::SymbolTable as serde::de::Deserialize>::deserialize::__Visitor as serde::de::Visitor>::visit_seq::<serde_json::de::SeqAccess<serde_json::read::StrRead>>::{closure#1}
FN:265,<conjure_core::ast::symbol_table::SymbolTable>::representations_for
FN:80,<<conjure_core::ast::symbol_table::SymbolTable as serde::de::Deserialize>::deserialize::__Visitor as serde::de::Visitor>::visit_seq::<_>::{closure#1}
FN:130,<conjure_core::ast::symbol_table::SymbolTable>::lookup::{closure#0}::{closure#0}
FN:393,<conjure_core::ast::symbol_table::SymbolTable as conjure_core::ast::serde::DefaultWithId>::default_with_id
FN:255,<conjure_core::ast::symbol_table::SymbolTable>::get_representation::{closure#0}::{closure#0}
FN:119,<conjure_core::ast::symbol_table::SymbolTable>::lookup_local
FN:154,<conjure_core::ast::symbol_table::SymbolTable>::return_type
FN:472,<conjure_core::ast::symbol_table::SymbolTable as uniplate::traits::Biplate<conjure_core::ast::comprehension::Comprehension>>::biplate::{closure#0}
FN:489,<conjure_core::ast::symbol_table::SymbolTable as uniplate::traits::Biplate<conjure_core::ast::submodel::SubModel>>::biplate::{closure#0}
FN:119,<conjure_core::ast::symbol_table::SymbolTable>::lookup_local
FN:404,<conjure_core::ast::symbol_table::SymbolTable as core::clone::Clone>::clone
FN:80,<<conjure_core::ast::symbol_table::SymbolTable as serde::de::Deserialize>::deserialize::__Visitor as serde::de::Visitor>::visit_seq::<_>::{closure#1}
FN:286,<conjure_core::ast::symbol_table::SymbolTable>::get_or_add_representation
FN:255,<conjure_core::ast::symbol_table::SymbolTable>::get_representation::{closure#0}
FN:286,<conjure_core::ast::symbol_table::SymbolTable>::get_or_add_representation
FN:393,<conjure_core::ast::symbol_table::SymbolTable as conjure_core::ast::serde::DefaultWithId>::default_with_id
FN:107,<conjure_core::ast::symbol_table::SymbolTable>::new_inner::{closure#0}
FN:472,<conjure_core::ast::symbol_table::SymbolTable as uniplate::traits::Biplate<conjure_core::ast::comprehension::Comprehension>>::biplate::{closure#0}
FN:333,<conjure_core::ast::symbol_table::SymbolTable as core::iter::traits::collect::IntoIterator>::into_iter
FN:130,<conjure_core::ast::symbol_table::SymbolTable>::lookup::{closure#0}::{closure#0}
FN:267,<conjure_core::ast::symbol_table::SymbolTable>::representations_for::{closure#0}
FN:415,<conjure_core::ast::symbol_table::SymbolTable as core::default::Default>::default
FN:407,<conjure_core::ast::symbol_table::SymbolTable as core::clone::Clone>::clone::{closure#0}
FN:126,<conjure_core::ast::symbol_table::SymbolTable>::lookup
FN:317,<conjure_core::ast::symbol_table::SymbolTable>::get_or_add_representation::{closure#1}::{closure#0}
FN:424,<conjure_core::ast::symbol_table::SymbolTable as uniplate::traits::Uniplate>::uniplate::{closure#0}
FN:119,<conjure_core::ast::symbol_table::SymbolTable>::lookup_local
FN:126,<conjure_core::ast::symbol_table::SymbolTable>::lookup
FN:421,<conjure_core::ast::symbol_table::SymbolTable as uniplate::traits::Uniplate>::uniplate
FN:429,<conjure_core::ast::symbol_table::SymbolTable as uniplate::traits::Biplate<conjure_core::ast::expressions::Expression>>::biplate
FN:350,<conjure_core::ast::symbol_table::LocalIntoIter as core::iter::traits::iterator::Iterator>::next
FN:80,<<conjure_core::ast::symbol_table::SymbolTable as serde::de::Deserialize>::deserialize::__Visitor as serde::de::Visitor>::visit_seq::<serde_json::de::SeqAccess<serde_json::read::StrRead>>::{closure#0}
FN:433,<conjure_core::ast::symbol_table::SymbolTable as uniplate::traits::Biplate<conjure_core::ast::expressions::Expression>>::biplate::{closure#0}
FN:424,<conjure_core::ast::symbol_table::SymbolTable as uniplate::traits::Uniplate>::uniplate::{closure#0}
FN:433,<conjure_core::ast::symbol_table::SymbolTable as uniplate::traits::Biplate<conjure_core::ast::expressions::Expression>>::biplate::{closure#0}
FN:489,<conjure_core::ast::symbol_table::SymbolTable as uniplate::traits::Biplate<conjure_core::ast::submodel::SubModel>>::biplate::{closure#0}
FN:159,<conjure_core::ast::symbol_table::SymbolTable>::return_type_local
FN:216,<conjure_core::ast::symbol_table::SymbolTable>::gensym
FN:97,<conjure_core::ast::symbol_table::SymbolTable>::new
FN:216,<conjure_core::ast::symbol_table::SymbolTable>::gensym
FN:189,<conjure_core::ast::symbol_table::SymbolTable>::into_iter_local
FN:127,<conjure_core::ast::symbol_table::SymbolTable>::lookup::{closure#0}
FN:404,<conjure_core::ast::symbol_table::SymbolTable as core::clone::Clone>::clone
FN:421,<conjure_core::ast::symbol_table::SymbolTable as uniplate::traits::Uniplate>::uniplate
FN:333,<conjure_core::ast::symbol_table::SymbolTable as core::iter::traits::collect::IntoIterator>::into_iter
FN:137,<conjure_core::ast::symbol_table::SymbolTable>::insert
FN:148,<conjure_core::ast::symbol_table::SymbolTable>::update_insert
FN:407,<conjure_core::ast::symbol_table::SymbolTable as core::clone::Clone>::clone::{closure#0}
FN:160,<conjure_core::ast::symbol_table::SymbolTable>::return_type_local::{closure#0}
FN:439,<conjure_core::ast::symbol_table::SymbolTable as uniplate::traits::Biplate<conjure_core::ast::expressions::Expression>>::biplate::{closure#1}
FN:387,<conjure_core::ast::symbol_table::SymbolTable as conjure_core::ast::serde::HasId>::id
FN:367,<conjure_core::ast::symbol_table::IntoIter as core::iter::traits::iterator::Iterator>::next
FN:80,<<conjure_core::ast::symbol_table::SymbolTable as serde::de::Deserialize>::deserialize::__Visitor as serde::de::Visitor>::visit_seq::<&mut serde::de::value::SeqDeserializer<alloc::vec::into_iter::IntoIter<serde::__private::de::content::Content>, serde_json::error::Error>>::{closure#1}
FN:460,<conjure_core::ast::symbol_table::SymbolTable as uniplate::traits::Biplate<conjure_core::ast::comprehension::Comprehension>>::biplate
FN:407,<conjure_core::ast::symbol_table::SymbolTable as core::clone::Clone>::clone::{closure#0}
FN:460,<conjure_core::ast::symbol_table::SymbolTable as uniplate::traits::Biplate<conjure_core::ast::comprehension::Comprehension>>::biplate
FN:216,<conjure_core::ast::symbol_table::SymbolTable>::gensym
FN:189,<conjure_core::ast::symbol_table::SymbolTable>::into_iter_local
FN:317,<conjure_core::ast::symbol_table::SymbolTable>::get_or_add_representation::{closure#1}::{closure#0}
FN:433,<conjure_core::ast::symbol_table::SymbolTable as uniplate::traits::Biplate<conjure_core::ast::expressions::Expression>>::biplate::{closure#0}
FN:155,<conjure_core::ast::symbol_table::SymbolTable>::return_type::{closure#0}
FN:255,<conjure_core::ast::symbol_table::SymbolTable>::get_representation::{closure#0}
FN:184,<conjure_core::ast::symbol_table::SymbolTable>::resolve_domain
FN:185,<conjure_core::ast::symbol_table::SymbolTable>::resolve_domain::{closure#0}
FN:404,<conjure_core::ast::symbol_table::SymbolTable as core::clone::Clone>::clone
FN:367,<conjure_core::ast::symbol_table::IntoIter as core::iter::traits::iterator::Iterator>::next
FN:429,<conjure_core::ast::symbol_table::SymbolTable as uniplate::traits::Biplate<conjure_core::ast::expressions::Expression>>::biplate
FN:415,<conjure_core::ast::symbol_table::SymbolTable as core::default::Default>::default
FN:80,<<conjure_core::ast::symbol_table::SymbolTable as serde::de::Deserialize>::deserialize::__Visitor as serde::de::Visitor>::visit_seq::<_>::{closure#1}
FN:130,<conjure_core::ast::symbol_table::SymbolTable>::lookup::{closure#0}::{closure#0}
FN:148,<conjure_core::ast::symbol_table::SymbolTable>::update_insert
FN:159,<conjure_core::ast::symbol_table::SymbolTable>::return_type_local
FN:317,<conjure_core::ast::symbol_table::SymbolTable>::get_or_add_representation::{closure#1}::{closure#0}
FN:296,<conjure_core::ast::symbol_table::SymbolTable>::get_or_add_representation::{closure#0}::{closure#0}
FN:137,<conjure_core::ast::symbol_table::SymbolTable>::insert
FN:80,<<conjure_core::ast::symbol_table::SymbolTable as serde::de::Deserialize>::deserialize::__Visitor as serde::de::Visitor>::visit_seq::<_>::{closure#0}
FN:155,<conjure_core::ast::symbol_table::SymbolTable>::return_type::{closure#0}
FN:393,<conjure_core::ast::symbol_table::SymbolTable as conjure_core::ast::serde::DefaultWithId>::default_with_id
FN:225,<conjure_core::ast::symbol_table::SymbolTable>::parent_mut_unchecked
FN:460,<conjure_core::ast::symbol_table::SymbolTable as uniplate::traits::Biplate<conjure_core::ast::comprehension::Comprehension>>::biplate
FN:197,<conjure_core::ast::symbol_table::SymbolTable>::extend
FN:154,<conjure_core::ast::symbol_table::SymbolTable>::return_type
FN:299,<conjure_core::ast::symbol_table::SymbolTable>::get_or_add_representation::{closure#1}
FN:415,<conjure_core::ast::symbol_table::SymbolTable as core::default::Default>::default
FN:189,<conjure_core::ast::symbol_table::SymbolTable>::into_iter_local
FN:167,<conjure_core::ast::symbol_table::SymbolTable>::domain
FN:185,<conjure_core::ast::symbol_table::SymbolTable>::resolve_domain::{closure#0}
FN:267,<conjure_core::ast::symbol_table::SymbolTable>::representations_for::{closure#0}
FN:97,<conjure_core::ast::symbol_table::SymbolTable>::new
FN:255,<conjure_core::ast::symbol_table::SymbolTable>::get_representation::{closure#0}::{closure#0}
FN:255,<conjure_core::ast::symbol_table::SymbolTable>::get_representation::{closure#0}::{closure#0}
FN:234,<conjure_core::ast::symbol_table::SymbolTable>::get_representation
FN:80,<<conjure_core::ast::symbol_table::SymbolTable as serde::de::Deserialize>::deserialize::__Visitor as serde::de::Visitor>::visit_seq::<_>::{closure#0}
FN:126,<conjure_core::ast::symbol_table::SymbolTable>::lookup
FN:234,<conjure_core::ast::symbol_table::SymbolTable>::get_representation
FN:421,<conjure_core::ast::symbol_table::SymbolTable as uniplate::traits::Uniplate>::uniplate
FN:127,<conjure_core::ast::symbol_table::SymbolTable>::lookup::{closure#0}
FN:472,<conjure_core::ast::symbol_table::SymbolTable as uniplate::traits::Biplate<conjure_core::ast::comprehension::Comprehension>>::biplate::{closure#0}
FN:484,<conjure_core::ast::symbol_table::SymbolTable as uniplate::traits::Biplate<conjure_core::ast::submodel::SubModel>>::biplate
FN:148,<conjure_core::ast::symbol_table::SymbolTable>::update_insert
FN:255,<conjure_core::ast::symbol_table::SymbolTable>::get_representation::{closure#0}
FN:489,<conjure_core::ast::symbol_table::SymbolTable as uniplate::traits::Biplate<conjure_core::ast::submodel::SubModel>>::biplate::{closure#0}
FN:439,<conjure_core::ast::symbol_table::SymbolTable as uniplate::traits::Biplate<conjure_core::ast::expressions::Expression>>::biplate::{closure#1}
FN:107,<conjure_core::ast::symbol_table::SymbolTable>::new_inner::{closure#0}
FNDA:1,<conjure_core::ast::symbol_table::SymbolTable>::with_parent
FNDA:0,<conjure_core::ast::symbol_table::SymbolTable>::get_or_add_representation::{closure#0}
FNDA:0,<conjure_core::ast::symbol_table::SymbolTable>::extend
FNDA:1,<conjure_core::ast::symbol_table::IntoIter as core::iter::traits::iterator::Iterator>::next
FNDA:0,<conjure_core::ast::symbol_table::SymbolTable>::resolve_domain::{closure#0}
FNDA:0,<conjure_core::ast::symbol_table::SymbolTable>::resolve_domain
FNDA:0,<conjure_core::ast::symbol_table::SymbolTable>::representations_for::{closure#0}
FNDA:0,<<conjure_core::ast::symbol_table::SymbolTable as serde::de::Deserialize>::deserialize::__Visitor as serde::de::Visitor>::visit_seq::<_>::{closure#0}
FNDA:0,<conjure_core::ast::symbol_table::SymbolTable as uniplate::traits::Biplate<conjure_core::ast::submodel::SubModel>>::biplate
FNDA:1,<conjure_core::ast::symbol_table::SymbolTable>::new_inner
FNDA:0,<conjure_core::ast::symbol_table::SymbolTable>::return_type_local
FNDA:0,<conjure_core::ast::symbol_table::SymbolTable as uniplate::traits::Biplate<conjure_core::ast::expressions::Expression>>::biplate::{closure#1}
FNDA:0,<conjure_core::ast::symbol_table::SymbolTable>::representations_for
[...]
DA:115,0
DA:116,0
DA:117,0
DA:119,0
DA:120,0
DA:121,0
DA:122,0
DA:125,0
DA:126,0
DA:127,0
DA:128,0
DA:131,0
DA:133,0
DA:134,0
DA:135,0
DA:136,0
DA:140,15170
DA:141,15170
DA:142,15170
DA:143,15170
DA:144,15170
DA:145,14130
DA:146,0
DA:149,14130
DA:150,14130
DA:151,14130
DA:152,15170
DA:153,15170
DA:154,15170
DA:155,15170
DA:159,2080
DA:160,2080
DA:161,2080
DA:178,3130
DA:179,3130
DA:180,3130
DA:181,3130
DA:182,3130
DA:183,3130
DA:184,3130
DA:185,3130
DA:186,3130
DA:187,3130
DA:190,3210
DA:191,3210
DA:192,3210
DA:193,3210
DA:194,3210
DA:195,3210
DA:196,3210
DA:197,3210
DA:201,3210
DA:202,3210
DA:203,3210
DA:206,3210
DA:207,80
DA:208,80
DA:209,80
DA:210,3130
DA:213,3130
DA:214,3130
DA:215,3130
DA:216,3130
DA:217,3130
DA:218,3130
DA:222,2090
DA:223,2090
DA:224,2090
DA:225,2090
DA:226,2090
DA:227,2090
DA:231,0
DA:232,0
DA:233,0
LF:128
LH:70
end_of_record
SF:crates/conjure_core/src/stats/mod.rs
FN:24,<conjure_core::stats::Stats>::add_solver_run
FN:28,<conjure_core::stats::Stats>::add_rewriter_run
FN:20,<conjure_core::stats::Stats>::new
FN:24,<conjure_core::stats::Stats>::add_solver_run
FN:20,<conjure_core::stats::Stats>::new
FN:24,<conjure_core::stats::Stats>::add_solver_run
FN:28,<conjure_core::stats::Stats>::add_rewriter_run
FN:28,<conjure_core::stats::Stats>::add_rewriter_run
FN:20,<conjure_core::stats::Stats>::new
FNDA:1,<conjure_core::stats::Stats>::add_solver_run
FNDA:0,<conjure_core::stats::Stats>::add_rewriter_run
FNDA:0,<conjure_core::stats::Stats>::new
FNDA:0,<conjure_core::stats::Stats>::add_solver_run
FNDA:0,<conjure_core::stats::Stats>::new
FNDA:0,<conjure_core::stats::Stats>::add_solver_run
FNDA:0,<conjure_core::stats::Stats>::add_rewriter_run
FNDA:1,<conjure_core::stats::Stats>::add_rewriter_run
FNDA:0,<conjure_core::stats::Stats>::new
FNF:9
FNH:2
BRF:0
BRH:0
DA:20,0
DA:21,0
DA:22,0
DA:24,1030
DA:25,1030
DA:26,1030
DA:28,1040
DA:29,1040
DA:30,1040
LF:9
LH:6
end_of_record
SF:crates/conjure_core/src/metadata.rs
FN:15,<conjure_core::metadata::Metadata>::new
FN:31,<conjure_core::metadata::Metadata as core::fmt::Display>::fmt
FN:22,<conjure_core::metadata::Metadata>::clone_dirty
FN:22,<conjure_core::metadata::Metadata>::clone_dirty
FN:15,<conjure_core::metadata::Metadata>::new
FN:31,<conjure_core::metadata::Metadata as core::fmt::Display>::fmt
FN:31,<conjure_core::metadata::Metadata as core::fmt::Display>::fmt
FN:22,<conjure_core::metadata::Metadata>::clone_dirty
FN:15,<conjure_core::metadata::Metadata>::new
FNDA:1,<conjure_core::metadata::Metadata>::new
FNDA:0,<conjure_core::metadata::Metadata as core::fmt::Display>::fmt
FNDA:0,<conjure_core::metadata::Metadata>::clone_dirty
FNDA:0,<conjure_core::metadata::Metadata>::clone_dirty
FNDA:0,<conjure_core::metadata::Metadata>::new
FNDA:0,<conjure_core::metadata::Metadata as core::fmt::Display>::fmt
FNDA:0,<conjure_core::metadata::Metadata as core::fmt::Display>::fmt
FNDA:1,<conjure_core::metadata::Metadata>::clone_dirty
FNDA:1,<conjure_core::metadata::Metadata>::new
FNF:9
FNH:3
BRF:0
BRH:0
DA:15,45823
DA:16,45823
DA:17,45823
DA:18,45823
DA:19,45823
DA:20,45823
DA:22,1380
DA:23,1380
DA:24,1380
DA:25,1380
DA:26,1380
DA:27,1380
DA:31,0
DA:32,0
DA:33,0
LF:15
LH:12
end_of_record
SF:conjure_oxide/src/utils/testing.rs
FN:23,conjure_oxide::utils::testing::assert_eq_any_order::<_>
FN:205,conjure_oxide::utils::testing::read_human_rule_trace
FN:156,conjure_oxide::utils::testing::read_minion_solutions_json
FN:172,conjure_oxide::utils::testing::read_rule_trace
FN:172,conjure_oxide::utils::testing::read_rule_trace
FN:156,conjure_oxide::utils::testing::read_minion_solutions_json
FN:69,conjure_oxide::utils::testing::save_stats_json
FN:23,conjure_oxide::utils::testing::assert_eq_any_order::<_>
FN:156,conjure_oxide::utils::testing::read_minion_solutions_json
FN:57,conjure_oxide::utils::testing::save_model_json
FN:87,conjure_oxide::utils::testing::read_model_json
FN:87,conjure_oxide::utils::testing::read_model_json
FN:69,conjure_oxide::utils::testing::save_stats_json
FN:44,conjure_oxide::utils::testing::serialise_model
FN:205,conjure_oxide::utils::testing::read_human_rule_trace
FN:103,conjure_oxide::utils::testing::minion_solutions_from_json
FN:44,conjure_oxide::utils::testing::serialise_model
FN:142,conjure_oxide::utils::testing::save_minion_solutions_json
FN:142,conjure_oxide::utils::testing::save_minion_solutions_json
FN:23,conjure_oxide::utils::testing::assert_eq_any_order::<_>
FN:103,conjure_oxide::utils::testing::minion_solutions_from_json
FN:87,conjure_oxide::utils::testing::read_model_json
FN:69,conjure_oxide::utils::testing::save_stats_json
FN:205,conjure_oxide::utils::testing::read_human_rule_trace
FN:57,conjure_oxide::utils::testing::save_model_json
FN:44,conjure_oxide::utils::testing::serialise_model
FN:142,conjure_oxide::utils::testing::save_minion_solutions_json
FN:57,conjure_oxide::utils::testing::save_model_json
FN:103,conjure_oxide::utils::testing::minion_solutions_from_json
FN:172,conjure_oxide::utils::testing::read_rule_trace
FNDA:0,conjure_oxide::utils::testing::assert_eq_any_order::<_>
FNDA:0,conjure_oxide::utils::testing::read_human_rule_trace
FNDA:0,conjure_oxide::utils::testing::read_minion_solutions_json
FNDA:0,conjure_oxide::utils::testing::read_rule_trace
FNDA:0,conjure_oxide::utils::testing::read_rule_trace
FNDA:0,conjure_oxide::utils::testing::read_minion_solutions_json
FNDA:0,conjure_oxide::utils::testing::save_stats_json
FNDA:0,conjure_oxide::utils::testing::assert_eq_any_order::<_>
FNDA:1,conjure_oxide::utils::testing::read_minion_solutions_json
FNDA:0,conjure_oxide::utils::testing::save_model_json
FNDA:0,conjure_oxide::utils::testing::read_model_json
FNDA:1,conjure_oxide::utils::testing::read_model_json
FNDA:1,conjure_oxide::utils::testing::save_stats_json
FNDA:0,conjure_oxide::utils::testing::serialise_model
FNDA:0,conjure_oxide::utils::testing::read_human_rule_trace
FNDA:0,conjure_oxide::utils::testing::minion_solutions_from_json
FNDA:0,conjure_oxide::utils::testing::serialise_model
FNDA:1,conjure_oxide::utils::testing::save_minion_solutions_json
FNDA:0,conjure_oxide::utils::testing::save_minion_solutions_json
FNDA:0,conjure_oxide::utils::testing::assert_eq_any_order::<_>
FNDA:0,conjure_oxide::utils::testing::minion_solutions_from_json
FNDA:0,conjure_oxide::utils::testing::read_model_json
FNDA:0,conjure_oxide::utils::testing::save_stats_json
FNDA:0,conjure_oxide::utils::testing::read_human_rule_trace
FNDA:1,conjure_oxide::utils::testing::save_model_json
FNDA:1,conjure_oxide::utils::testing::serialise_model
FNDA:0,conjure_oxide::utils::testing::save_minion_solutions_json
FNDA:0,conjure_oxide::utils::testing::save_model_json
FNDA:0,conjure_oxide::utils::testing::minion_solutions_from_json
FNDA:0,conjure_oxide::utils::testing::read_rule_trace
FNF:30
FNH:6
BRF:0
BRH:0
DA:23,0
DA:24,0
DA:26,0
DA:27,0
DA:28,0
DA:29,0
DA:30,0
DA:32,0
DA:33,0
DA:34,0
DA:35,0
DA:36,0
DA:38,0
DA:39,0
DA:40,0
DA:42,0
DA:44,1463
DA:45,1463
DA:46,1463
DA:47,1463
DA:48,1463
DA:49,1463
DA:52,1463
DA:54,1463
DA:55,1463
DA:57,1463
DA:58,1463
DA:59,1463
DA:60,1463
DA:61,1463
DA:62,1463
DA:63,1463
DA:64,1463
DA:65,1463
DA:66,1463
DA:67,1463
DA:69,728
DA:70,728
DA:71,728
DA:72,728
DA:73,728
DA:74,728
DA:75,728
DA:76,728
DA:79,728
DA:81,728
DA:82,728
DA:84,728
DA:85,728
DA:87,2191
DA:88,2191
DA:89,2191
DA:90,2191
DA:91,2191
DA:92,2191
DA:93,2191
DA:94,2191
DA:95,2191
DA:96,2191
DA:97,2191
DA:98,2191
DA:100,2191
DA:101,2191
DA:103,0
DA:104,0
DA:105,0
DA:106,0
DA:108,0
DA:109,0
DA:110,0
DA:112,0
DA:114,0
DA:115,0
DA:116,0
DA:117,0
DA:118,0
DA:120,0
DA:121,0
DA:122,0
DA:123,0
DA:124,0
DA:125,0
DA:126,0
DA:128,0
DA:129,0
DA:132,0
DA:135,0
DA:138,0
DA:139,0
DA:142,721
DA:143,721
DA:144,721
DA:145,721
DA:146,721
DA:147,721
DA:148,721
DA:150,721
DA:151,721
DA:153,721
DA:154,721
DA:156,714
DA:157,714
DA:158,714
DA:159,714
DA:160,714
DA:161,714
DA:162,714
DA:164,714
DA:165,714
DA:167,714
DA:168,714
DA:172,0
DA:173,0
DA:174,0
DA:175,0
DA:176,0
DA:177,0
DA:178,0
DA:179,0
DA:180,0
DA:181,0
DA:182,0
DA:183,0
DA:184,0
DA:185,0
DA:186,0
DA:187,0
DA:188,0
DA:189,0
DA:190,0
DA:191,0
DA:194,0
DA:195,0
DA:196,0
DA:197,0
DA:198,0
DA:199,0
DA:201,0
DA:202,0
DA:205,0
DA:206,0
DA:207,0
DA:208,0
DA:209,0
DA:210,0
DA:211,0
DA:212,0
DA:213,0
DA:214,0
DA:215,0
DA:216,0
DA:217,0
LF:152
LH:69
end_of_record
SF:crates/tree_morph/tests/enum_rules.rs
FN:14,enum_rules::rule_eval_add
FN:69,enum_rules::add_zero
FN:53,enum_rules::single_var
FN:85,enum_rules::mul_one
FN:41,<enum_rules::MyRule as tree_morph::rule::Rule<enum_rules::Expr, enum_rules::Meta>>::apply::{closure#0}
FN:117,enum_rules::eval_nested
FN:101,enum_rules::eval_add
FN:40,<enum_rules::MyRule as tree_morph::rule::Rule<enum_rules::Expr, enum_rules::Meta>>::apply
FN:24,enum_rules::rule_eval_mul
FNDA:0,enum_rules::rule_eval_add
FNDA:0,enum_rules::add_zero
FNDA:0,enum_rules::single_var
FNDA:0,enum_rules::mul_one
FNDA:0,<enum_rules::MyRule as tree_morph::rule::Rule<enum_rules::Expr, enum_rules::Meta>>::apply::{closure#0}
FNDA:0,enum_rules::eval_nested
FNDA:0,enum_rules::eval_add
FNDA:0,<enum_rules::MyRule as tree_morph::rule::Rule<enum_rules::Expr, enum_rules::Meta>>::apply
FNDA:0,enum_rules::rule_eval_mul
FNF:9
FNH:0
BRF:0
BRH:0
DA:14,0
DA:15,0
DA:16,0
DA:17,0
DA:18,0
DA:20,0
DA:22,0
DA:24,0
DA:25,0
DA:26,0
DA:27,0
DA:28,0
DA:30,0
DA:32,0
DA:40,0
DA:41,0
DA:42,0
DA:43,0
DA:44,0
DA:46,0
DA:53,0
DA:54,0
DA:55,0
DA:56,0
DA:57,0
DA:58,0
DA:59,0
DA:60,0
DA:61,0
DA:62,0
DA:63,0
DA:64,0
DA:65,0
DA:66,0
DA:69,0
DA:70,0
DA:71,0
DA:72,0
DA:73,0
DA:74,0
DA:75,0
DA:76,0
DA:77,0
DA:78,0
DA:79,0
DA:80,0
DA:81,0
DA:82,0
DA:85,0
DA:86,0
DA:87,0
DA:88,0
DA:89,0
DA:90,0
DA:91,0
DA:92,0
DA:93,0
DA:94,0
DA:95,0
DA:96,0
DA:97,0
DA:98,0
DA:101,0
DA:102,0
DA:103,0
DA:104,0
DA:105,0
DA:106,0
DA:107,0
DA:108,0
DA:109,0
DA:110,0
DA:111,0
DA:112,0
DA:113,0
DA:114,0
DA:117,0
DA:118,0
DA:119,0
DA:120,0
DA:121,0
DA:122,0
DA:123,0
DA:124,0
DA:125,0
DA:126,0
DA:127,0
DA:128,0
DA:129,0
DA:130,0
DA:131,0
DA:132,0
DA:133,0
LF:93
LH:0
end_of_record
SF:crates/conjure_core/src/ast/domains.rs
FN:80,<conjure_core::ast::domains::Domain>::contains
FN:157,<conjure_core::ast::domains::Domain>::values
FN:202,<conjure_core::ast::domains::Domain>::is_finite
FN:162,<conjure_core::ast::domains::Domain>::values::{closure#0}
FN:232,<conjure_core::ast::domains::Domain>::resolve
FN:175,<conjure_core::ast::domains::Domain>::length
FN:321,conjure_core::ast::domains::tests::test_negative_div::{closure#0}
FN:202,<conjure_core::ast::domains::Domain>::is_finite
FN:232,<conjure_core::ast::domains::Domain>::resolve
FN:80,<conjure_core::ast::domains::Domain>::contains
FN:211,<conjure_core::ast::domains::Domain>::is_finite::{closure#0}
FN:288,<conjure_core::ast::domains::Domain as conjure_core::ast::types::Typeable>::return_type
FN:264,<conjure_core::ast::domains::Domain as core::fmt::Display>::fmt::{closure#0}
FN:90,<conjure_core::ast::domains::Domain>::contains::{closure#0}
FN:28,<conjure_core::ast::domains::Range<i32>>::contains
FN:136,<conjure_core::ast::domains::Domain>::values_i32
FN:185,<conjure_core::ast::domains::Domain>::apply_i32
FN:141,<conjure_core::ast::domains::Domain>::values_i32::{closure#0}
FN:39,<conjure_core::ast::domains::Range<i32> as core::fmt::Display>::fmt
FN:157,<conjure_core::ast::domains::Domain>::values
FN:175,<conjure_core::ast::domains::Domain>::length
FN:28,<conjure_core::ast::domains::Range<i32>>::contains
FN:288,<conjure_core::ast::domains::Domain as conjure_core::ast::types::Typeable>::return_type
FN:162,<conjure_core::ast::domains::Domain>::values::{closure#0}
FN:157,<conjure_core::ast::domains::Domain>::values
FN:258,<conjure_core::ast::domains::Domain as core::fmt::Display>::fmt
FN:258,<conjure_core::ast::domains::Domain as core::fmt::Display>::fmt
FN:136,<conjure_core::ast::domains::Domain>::values_i32
FN:297,conjure_core::ast::domains::tests::test_negative_product
FN:28,<conjure_core::ast::domains::Range<i32>>::contains
FN:141,<conjure_core::ast::domains::Domain>::values_i32::{closure#0}
FN:185,<conjure_core::ast::domains::Domain>::apply_i32
FN:162,<conjure_core::ast::domains::Domain>::values::{closure#0}::{closure#0}
FN:176,<conjure_core::ast::domains::Domain>::length::{closure#0}
FN:176,<conjure_core::ast::domains::Domain>::length::{closure#0}
FN:90,<conjure_core::ast::domains::Domain>::contains::{closure#0}
FN:39,<conjure_core::ast::domains::Range<i32> as core::fmt::Display>::fmt
FN:141,<conjure_core::ast::domains::Domain>::values_i32::{closure#0}
FN:162,<conjure_core::ast::domains::Domain>::values::{closure#0}
FN:264,<conjure_core::ast::domains::Domain as core::fmt::Display>::fmt::{closure#0}
FN:176,<conjure_core::ast::domains::Domain>::length::{closure#0}
FN:162,<conjure_core::ast::domains::Domain>::values::{closure#0}::{closure#0}
FN:258,<conjure_core::ast::domains::Domain as core::fmt::Display>::fmt
FN:175,<conjure_core::ast::domains::Domain>::length
FN:264,<conjure_core::ast::domains::Domain as core::fmt::Display>::fmt::{closure#0}
FN:80,<conjure_core::ast::domains::Domain>::contains
FN:90,<conjure_core::ast::domains::Domain>::contains::{closure#0}
FN:162,<conjure_core::ast::domains::Domain>::values::{closure#0}::{closure#0}
FN:211,<conjure_core::ast::domains::Domain>::is_finite::{closure#0}
FN:136,<conjure_core::ast::domains::Domain>::values_i32
FN:317,conjure_core::ast::domains::tests::test_negative_div
FN:232,<conjure_core::ast::domains::Domain>::resolve
FN:211,<conjure_core::ast::domains::Domain>::is_finite::{closure#0}
FN:300,conjure_core::ast::domains::tests::test_negative_product::{closure#0}
FN:288,<conjure_core::ast::domains::Domain as conjure_core::ast::types::Typeable>::return_type
FN:185,<conjure_core::ast::domains::Domain>::apply_i32
FN:39,<conjure_core::ast::domains::Range<i32> as core::fmt::Display>::fmt
FN:202,<conjure_core::ast::domains::Domain>::is_finite
FNDA:1,<conjure_core::ast::domains::Domain>::contains
FNDA:0,<conjure_core::ast::domains::Domain>::values
FNDA:0,<conjure_core::ast::domains::Domain>::is_finite
FNDA:1,<conjure_core::ast::domains::Domain>::values::{closure#0}
FNDA:1,<conjure_core::ast::domains::Domain>::resolve
FNDA:0,<conjure_core::ast::domains::Domain>::length
FNDA:1,conjure_core::ast::domains::tests::test_negative_div::{closure#0}
FNDA:0,<conjure_core::ast::domains::Domain>::is_finite
FNDA:0,<conjure_core::ast::domains::Domain>::resolve
FNDA:0,<conjure_core::ast::domains::Domain>::contains
FNDA:1,<conjure_core::ast::domains::Domain>::is_finite::{closure#0}
FNDA:0,<conjure_core::ast::domains::Domain as conjure_core::ast::types::Typeable>::return_type
FNDA:0,<conjure_core::ast::domains::Domain as core::fmt::Display>::fmt::{closure#0}
FNDA:0,<conjure_core::ast::domains::Domain>::contains::{closure#0}
FNDA:1,<conjure_core::ast::domains::Range<i32>>::contains
FNDA:1,<conjure_core::ast::domains::Domain>::values_i32
FNDA:0,<conjure_core::ast::domains::Domain>::apply_i32
FNDA:1,<conjure_core::ast::domains::Domain>::values_i32::{closure#0}
FNDA:0,<conjure_core::ast::domains::Range<i32> as core::fmt::Display>::fmt
FNDA:0,<conjure_core::ast::domains::Domain>::values
FNDA:0,<conjure_core::ast::domains::Domain>::length
FNDA:0,<conjure_core::ast::domains::Range<i32>>::contains
FNDA:0,<conjure_core::ast::domains::Domain as conjure_core::ast::types::Typeable>::return_type
FNDA:0,<conjure_core::ast::domains::Domain>::values::{closure#0}
FNDA:1,<conjure_core::ast::domains::Domain>::values
FNDA:0,<conjure_core::ast::domains::Domain as core::fmt::Display>::fmt
FNDA:1,<conjure_core::ast::domains::Domain as core::fmt::Display>::fmt
FNDA:1,<conjure_core::ast::domains::Domain>::values_i32
FNDA:1,conjure_core::ast::domains::tests::test_negative_product
FNDA:0,<conjure_core::ast::domains::Range<i32>>::contains
FNDA:0,<conjure_core::ast::domains::Domain>::values_i32::{closure#0}
FNDA:1,<conjure_core::ast::domains::Domain>::apply_i32
FNDA:0,<conjure_core::ast::domains::Domain>::values::{closure#0}::{closure#0}
FNDA:0,<conjure_core::ast::domains::Domain>::length::{closure#0}
FNDA:0,<conjure_core::ast::domains::Domain>::length::{closure#0}
FNDA:0,<conjure_core::ast::domains::Domain>::contains::{closure#0}
FNDA:0,<conjure_core::ast::domains::Range<i32> as core::fmt::Display>::fmt
FNDA:1,<conjure_core::ast::domains::Domain>::values_i32::{closure#0}
FNDA:0,<conjure_core::ast::domains::Domain>::values::{closure#0}
FNDA:1,<conjure_core::ast::domains::Domain as core::fmt::Display>::fmt::{closure#0}
FNDA:0,<conjure_core::ast::domains::Domain>::length::{closure#0}
FNDA:0,<conjure_core::ast::domains::Domain>::values::{closure#0}::{closure#0}
FNDA:0,<conjure_core::ast::domains::Domain as core::fmt::Display>::fmt
FNDA:0,<conjure_core::ast::domains::Domain>::length
FNDA:0,<conjure_core::ast::domains::Domain as core::fmt::Display>::fmt::{closure#0}
FNDA:0,<conjure_core::ast::domains::Domain>::contains
FNDA:1,<conjure_core::ast::domains::Domain>::contains::{closure#0}
FNDA:1,<conjure_core::ast::domains::Domain>::values::{closure#0}::{closure#0}
FNDA:0,<conjure_core::ast::domains::Domain>::is_finite::{closure#0}
FNDA:0,<conjure_core::ast::domains::Domain>::values_i32
FNDA:1,conjure_core::ast::domains::tests::test_negative_div
FNDA:1,<conjure_core::ast::domains::Domain>::resolve
FNDA:0,<conjure_core::ast::domains::Domain>::is_finite::{closure#0}
FNDA:1,conjure_core::ast::domains::tests::test_negative_product::{closure#0}
FNDA:0,<conjure_core::ast::domains::Domain as conjure_core::ast::types::Typeable>::return_type
FNDA:1,<conjure_core::ast::domains::Domain>::apply_i32
FNDA:1,<conjure_core::ast::domains::Range<i32> as core::fmt::Display>::fmt
FNDA:1,<conjure_core::ast::domains::Domain>::is_finite
FNF:58
FNH:23
BRF:0
BRH:0
DA:28,760
DA:29,760
DA:30,0
DA:31,760
DA:32,0
DA:33,0
DA:35,760
DA:39,24070
DA:40,24070
DA:41,660
DA:42,10640
DA:43,12770
DA:44,0
DA:46,24070
DA:80,760
DA:81,760
DA:82,760
DA:83,760
DA:84,760
DA:85,760
DA:86,760
DA:87,0
DA:88,760
DA:89,760
DA:90,760
DA:92,0
DA:93,0
DA:94,0
DA:95,0
DA:98,0
DA:99,0
DA:100,0
DA:101,0
DA:102,0
DA:103,0
DA:104,0
DA:105,0
DA:107,0
DA:108,0
DA:112,0
DA:113,0
DA:115,0
DA:118,0
DA:119,0
DA:120,0
DA:121,0
DA:124,0
DA:126,0
DA:128,0
DA:130,0
DA:132,760
DA:136,6472
DA:137,6472
DA:138,6471
DA:139,6471
DA:140,6471
DA:141,7961
DA:142,1905
DA:143,6056
DA:144,0
DA:145,0
DA:146,7961
DA:147,6471
DA:148,6471
DA:149,6471
DA:150,6471
DA:151,1
DA:153,6472
DA:157,3960
DA:158,3960
DA:159,0
DA:160,3960
DA:161,3960
DA:162,17480
DA:166,0
DA:167,0
DA:168,0
DA:170,3960
DA:175,0
DA:176,0
DA:177,0
DA:185,1256
DA:186,1256
DA:188,1255
DA:189,52018
DA:190,52018
DA:191,49114
DA:192,2904
DA:194,1255
DA:195,1
DA:196,1
DA:197,1256
DA:202,110
DA:203,390
DA:204,390
DA:205,270
DA:206,0
DA:207,270
DA:208,270
DA:209,270
DA:210,270
DA:211,270
DA:213,0
DA:214,270
DA:215,120
DA:216,0
DA:217,120
DA:219,110
DA:220,110
DA:232,59725
DA:233,59725
DA:234,59725
DA:235,59725
DA:236,59725
DA:237,59725
DA:238,59725
DA:239,59725
DA:240,59725
DA:241,120080
DA:242,60355
DA:243,73685
DA:244,73685
DA:245,630
DA:246,630
DA:247,630
DA:248,630
DA:249,630
DA:250,73055
DA:253,59725
DA:254,59725
DA:258,25620
DA:259,25620
DA:261,1610
DA:263,23710
DA:264,24070
DA:265,23710
DA:266,23710
DA:267,0
DA:269,23710
DA:272,50
DA:273,0
DA:274,0
DA:276,250
DA:277,250
DA:278,250
DA:279,250
DA:280,250
DA:281,250
DA:284,25620
DA:288,0
DA:289,0
DA:297,1
DA:298,1
DA:299,1
DA:300,16
DA:301,1
DA:302,1
DA:303,1
DA:304,1
DA:305,1
DA:306,1
DA:307,1
DA:308,1
DA:309,1
DA:310,1
DA:311,1
DA:312,1
DA:313,0
DA:314,1
DA:317,1
DA:318,1
DA:319,1
DA:320,1
DA:321,16
DA:322,1
DA:323,1
DA:324,1
DA:325,1
DA:326,1
DA:327,1
DA:328,1
DA:329,1
DA:330,1
DA:331,1
DA:332,1
DA:333,1
DA:334,1
DA:335,0
DA:336,1
LF:189
LH:140
end_of_record
SF:conjure_oxide/tests/model_tests.rs
FN:9,mod::model_tests::modify_domain
FN:9,model_tests::modify_domain
FNDA:0,mod::model_tests::modify_domain
FNDA:0,model_tests::modify_domain
FNF:2
FNH:0
BRF:0
BRH:0
DA:9,0
DA:10,0
DA:11,0
DA:12,0
DA:13,0
DA:14,0
DA:15,0
DA:16,0
DA:17,0
DA:18,0
DA:19,0
DA:20,0
DA:21,0
DA:22,0
DA:23,0
DA:25,0
DA:26,0
DA:27,0
DA:28,0
DA:29,0
DA:30,0
DA:31,0
DA:32,0
LF:23
LH:0
end_of_record
