TN:
SF:crates/conjure_rule_macros/src/lib.rs
FN:82,conjure_rule_macros::parse_parenthesized::<syn::lit::LitStr>
FN:150,conjure_rule_macros::register_rule_set
FN:82,conjure_rule_macros::parse_parenthesized::<syn::path::Path>
FN:35,<conjure_rule_macros::RegisterRuleArgs as syn::parse::Parse>::parse
FN:57,conjure_rule_macros::register_rule::{closure#0}
FN:19,<conjure_rule_macros::RuleSetAndPriority as syn::parse::Parse>::parse
FN:130,<conjure_rule_macros::RuleSetArgs as syn::parse::Parse>::parse::{closure#0}
FN:47,conjure_rule_macros::register_rule
FN:106,<conjure_rule_macros::RuleSetArgs as syn::parse::Parse>::parse
FNDA:0,conjure_rule_macros::parse_parenthesized::<syn::lit::LitStr>
FNDA:0,conjure_rule_macros::register_rule_set
FNDA:0,conjure_rule_macros::parse_parenthesized::<syn::path::Path>
FNDA:0,<conjure_rule_macros::RegisterRuleArgs as syn::parse::Parse>::parse
FNDA:0,conjure_rule_macros::register_rule::{closure#0}
FNDA:0,<conjure_rule_macros::RuleSetAndPriority as syn::parse::Parse>::parse
FNDA:0,<conjure_rule_macros::RuleSetArgs as syn::parse::Parse>::parse::{closure#0}
FNDA:0,conjure_rule_macros::register_rule
FNDA:0,<conjure_rule_macros::RuleSetArgs as syn::parse::Parse>::parse
FNF:9
FNH:0
BRF:0
BRH:0
DA:19,0
DA:21,0
DA:22,0
DA:23,0
DA:24,0
DA:25,0
DA:26,0
DA:35,0
DA:36,0
DA:37,0
DA:38,0
DA:39,0
DA:40,0
DA:47,0
DA:48,0
DA:49,0
DA:50,0
DA:51,0
DA:53,0
DA:54,0
DA:55,0
DA:56,0
DA:57,0
DA:58,0
DA:59,0
DA:60,0
DA:63,0
DA:64,0
DA:66,0
DA:79,0
DA:80,0
DA:82,0
DA:84,0
DA:86,0
DA:87,0
DA:88,0
DA:89,0
DA:90,0
DA:91,0
DA:92,0
DA:93,0
DA:96,0
DA:97,0
DA:106,0
DA:107,0
DA:109,0
DA:110,0
DA:111,0
DA:112,0
DA:113,0
DA:114,0
DA:115,0
DA:117,0
DA:118,0
DA:120,0
DA:121,0
DA:122,0
DA:123,0
DA:124,0
DA:125,0
DA:126,0
DA:128,0
DA:129,0
DA:130,0
DA:132,0
DA:133,0
DA:134,0
DA:135,0
DA:136,0
DA:137,0
DA:150,0
DA:152,0
DA:153,0
DA:154,0
DA:155,0
DA:157,0
DA:158,0
DA:160,0
DA:164,0
DA:168,0
DA:174,0
DA:175,0
LF:82
LH:0
end_of_record
SF:crates/enum_compatability_macro/src/lib.rs
FN:181,enum_compatability_macro::document_compatibility::{closure#0}
FN:131,enum_compatability_macro::document_compatibility
FN:66,<enum_compatability_macro::RemoveCompatibleAttrs as syn::gen::visit_mut::VisitMut>::visit_variant_mut::{closure#0}
FN:38,<enum_compatability_macro::RemoveCompatibleAttrs as syn::gen::visit_mut::VisitMut>::visit_variant_mut
FNDA:1,enum_compatability_macro::document_compatibility::{closure#0}
FNDA:1,enum_compatability_macro::document_compatibility
FNDA:1,<enum_compatability_macro::RemoveCompatibleAttrs as syn::gen::visit_mut::VisitMut>::visit_variant_mut::{closure#0}
FNDA:1,<enum_compatability_macro::RemoveCompatibleAttrs as syn::gen::visit_mut::VisitMut>::visit_variant_mut
FNF:4
FNH:4
BRF:0
BRH:0
DA:38,390
DA:44,390
DA:45,1584
DA:46,1584
DA:47,1302
DA:48,282
DA:49,282
DA:50,282
DA:51,282
DA:52,582
DA:53,300
DA:54,300
DA:55,300
DA:56,300
DA:59,390
DA:60,282
DA:61,282
DA:62,282
DA:63,282
DA:64,282
DA:66,1866
DA:67,390
DA:131,6
DA:133,6
DA:134,6
DA:137,390
DA:138,390
DA:139,1584
DA:140,1584
DA:141,1302
DA:142,282
DA:144,282
DA:145,282
DA:146,282
DA:147,582
DA:148,300
DA:149,300
DA:150,300
DA:151,18
DA:152,18
DA:153,18
DA:154,282
DA:155,282
DA:156,282
DA:164,6
DA:171,6
DA:172,18
DA:174,18
DA:177,300
DA:178,18
DA:179,18
DA:180,18
DA:181,300
DA:182,18
DA:183,300
DA:184,300
DA:185,300
DA:188,18
DA:191,6
DA:192,6
DA:196,6
DA:197,6
LF:62
LH:62
end_of_record
